[15.312s] Invoking command in '/mnt/d/users/karti/documents/kartik_ws/src/bot_control': PYTHONPATH=/mnt/d/users/karti/documents/kartik_ws/build/bot_control/prefix_override:/mnt/d/users/karti/documents/kartik_ws/install/bot_control/lib/python3.10/site-packages:${PYTHONPATH} /usr/bin/python3 setup.py egg_info --egg-base ../../build/bot_control build --build-base /mnt/d/users/karti/documents/kartik_ws/build/bot_control/build install --record /mnt/d/users/karti/documents/kartik_ws/build/bot_control/install.log --single-version-externally-managed
[20.670s] running egg_info
[20.713s] writing ../../build/bot_control/bot_control.egg-info/PKG-INFO
[20.771s] writing dependency_links to ../../build/bot_control/bot_control.egg-info/dependency_links.txt
[20.826s] writing entry points to ../../build/bot_control/bot_control.egg-info/entry_points.txt
[20.872s] writing requirements to ../../build/bot_control/bot_control.egg-info/requires.txt
[20.908s] writing top-level names to ../../build/bot_control/bot_control.egg-info/top_level.txt
[21.209s] reading manifest file '../../build/bot_control/bot_control.egg-info/SOURCES.txt'
[21.799s] writing manifest file '../../build/bot_control/bot_control.egg-info/SOURCES.txt'
[21.833s] running build
[21.843s] running build_py
[21.966s] copying bot_control/laser_scan_publisher.py -> /mnt/d/users/karti/documents/kartik_ws/build/bot_control/build/lib/bot_control
[22.252s] running install
[22.261s] /usr/lib/python3/dist-packages/setuptools/command/install.py:34: SetuptoolsDeprecationWarning: setup.py install is deprecated. Use build and pip and other standards-based tools.
[22.267s]   warnings.warn(
[22.275s] running install_lib
[22.583s] copying /mnt/d/users/karti/documents/kartik_ws/build/bot_control/build/lib/bot_control/laser_scan_publisher.py -> /mnt/d/users/karti/documents/kartik_ws/install/bot_control/lib/python3.10/site-packages/bot_control
[23.097s] byte-compiling /mnt/d/users/karti/documents/kartik_ws/install/bot_control/lib/python3.10/site-packages/bot_control/laser_scan_publisher.py to laser_scan_publisher.cpython-310.pyc
[23.518s] running install_data
[23.747s] running install_egg_info
[23.841s] removing '/mnt/d/users/karti/documents/kartik_ws/install/bot_control/lib/python3.10/site-packages/bot_control-0.0.0-py3.10.egg-info' (and everything under it)
[24.344s] Copying ../../build/bot_control/bot_control.egg-info to /mnt/d/users/karti/documents/kartik_ws/install/bot_control/lib/python3.10/site-packages/bot_control-0.0.0-py3.10.egg-info
[26.530s] running install_scripts
[27.081s] Installing listener script to /mnt/d/users/karti/documents/kartik_ws/install/bot_control/lib/bot_control
[27.191s] Installing talker script to /mnt/d/users/karti/documents/kartik_ws/install/bot_control/lib/bot_control
[27.301s] writing list of installed files to '/mnt/d/users/karti/documents/kartik_ws/build/bot_control/install.log'
[27.448s] Invoked command in '/mnt/d/users/karti/documents/kartik_ws/src/bot_control' returned '0': PYTHONPATH=/mnt/d/users/karti/documents/kartik_ws/build/bot_control/prefix_override:/mnt/d/users/karti/documents/kartik_ws/install/bot_control/lib/python3.10/site-packages:${PYTHONPATH} /usr/bin/python3 setup.py egg_info --egg-base ../../build/bot_control build --build-base /mnt/d/users/karti/documents/kartik_ws/build/bot_control/build install --record /mnt/d/users/karti/documents/kartik_ws/build/bot_control/install.log --single-version-externally-managed
