[2.113s] DEBUG:colcon:Command line arguments: ['/usr/bin/colcon', 'build', '--packages-select', 'bot_description']
[2.116s] DEBUG:colcon:Parsed command line arguments: Namespace(log_base=None, log_level=None, verb_name='build', build_base='build', install_base='install', merge_install=False, symlink_install=False, test_result_base=None, continue_on_error=False, executor='parallel', parallel_workers=4, event_handlers=None, ignore_user_meta=False, metas=['./colcon.meta'], base_paths=['.'], packages_ignore=None, packages_ignore_regex=None, paths=None, packages_up_to=None, packages_up_to_regex=None, packages_above=None, packages_above_and_dependencies=None, packages_above_depth=None, packages_select_by_dep=None, packages_skip_by_dep=None, packages_skip_up_to=None, packages_select_build_failed=False, packages_skip_build_finished=False, packages_select_test_failures=False, packages_skip_test_passed=False, packages_select=['bot_description'], packages_skip=None, packages_select_regex=None, packages_skip_regex=None, packages_start=None, packages_end=None, allow_overriding=[], cmake_args=None, cmake_target=None, cmake_target_skip_unavailable=False, cmake_clean_cache=False, cmake_clean_first=False, cmake_force_configure=False, ament_cmake_args=None, catkin_cmake_args=None, catkin_skip_building_tests=False, verb_parser=<colcon_defaults.argument_parser.defaults.DefaultArgumentsDecorator object at 0x7f70cd0c7cd0>, verb_extension=<colcon_core.verb.build.BuildVerb object at 0x7f70cd85a9b0>, main=<bound method BuildVerb.main of <colcon_core.verb.build.BuildVerb object at 0x7f70cd85a9b0>>)
[2.336s] Level 1:colcon.colcon_core.package_discovery:discover_packages(colcon_meta) check parameters
[2.339s] Level 1:colcon.colcon_core.package_discovery:discover_packages(recursive) check parameters
[2.341s] Level 1:colcon.colcon_core.package_discovery:discover_packages(ignore) check parameters
[2.343s] Level 1:colcon.colcon_core.package_discovery:discover_packages(path) check parameters
[2.345s] Level 1:colcon.colcon_core.package_discovery:discover_packages(colcon_meta) discover
[2.348s] Level 1:colcon.colcon_core.package_discovery:discover_packages(recursive) discover
[2.352s] INFO:colcon.colcon_core.package_discovery:Crawling recursively for packages in '/mnt/d/users/karti/documents/kartik_ws'
[2.365s] Level 1:colcon.colcon_core.package_identification:_identify(.) by extensions ['ignore', 'ignore_ament_install']
[2.367s] Level 1:colcon.colcon_core.package_identification:_identify(.) by extension 'ignore'
[2.371s] Level 1:colcon.colcon_core.package_identification:_identify(.) by extension 'ignore_ament_install'
[2.375s] Level 1:colcon.colcon_core.package_identification:_identify(.) by extensions ['colcon_pkg']
[2.377s] Level 1:colcon.colcon_core.package_identification:_identify(.) by extension 'colcon_pkg'
[2.381s] Level 1:colcon.colcon_core.package_identification:_identify(.) by extensions ['colcon_meta']
[2.383s] Level 1:colcon.colcon_core.package_identification:_identify(.) by extension 'colcon_meta'
[2.384s] Level 1:colcon.colcon_core.package_identification:_identify(.) by extensions ['ros']
[2.386s] Level 1:colcon.colcon_core.package_identification:_identify(.) by extension 'ros'
[2.505s] Level 1:colcon.colcon_core.package_identification:_identify(.) by extensions ['cmake', 'python']
[2.508s] Level 1:colcon.colcon_core.package_identification:_identify(.) by extension 'cmake'
[2.513s] Level 1:colcon.colcon_core.package_identification:_identify(.) by extension 'python'
[2.517s] Level 1:colcon.colcon_core.package_identification:_identify(.) by extensions ['python_setup_py']
[2.520s] Level 1:colcon.colcon_core.package_identification:_identify(.) by extension 'python_setup_py'
[2.546s] Level 1:colcon.colcon_core.package_identification:_identify(build) by extensions ['ignore', 'ignore_ament_install']
[2.549s] Level 1:colcon.colcon_core.package_identification:_identify(build) by extension 'ignore'
[2.561s] Level 1:colcon.colcon_core.package_identification:_identify(build) ignored
[2.649s] Level 1:colcon.colcon_core.package_identification:_identify(install) by extensions ['ignore', 'ignore_ament_install']
[2.651s] Level 1:colcon.colcon_core.package_identification:_identify(install) by extension 'ignore'
[2.668s] Level 1:colcon.colcon_core.package_identification:_identify(install) ignored
[2.708s] Level 1:colcon.colcon_core.package_identification:_identify(log) by extensions ['ignore', 'ignore_ament_install']
[2.711s] Level 1:colcon.colcon_core.package_identification:_identify(log) by extension 'ignore'
[2.718s] Level 1:colcon.colcon_core.package_identification:_identify(log) ignored
[2.742s] Level 1:colcon.colcon_core.package_identification:_identify(src) by extensions ['ignore', 'ignore_ament_install']
[2.745s] Level 1:colcon.colcon_core.package_identification:_identify(src) by extension 'ignore'
[2.751s] Level 1:colcon.colcon_core.package_identification:_identify(src) by extension 'ignore_ament_install'
[2.769s] Level 1:colcon.colcon_core.package_identification:_identify(src) by extensions ['colcon_pkg']
[2.771s] Level 1:colcon.colcon_core.package_identification:_identify(src) by extension 'colcon_pkg'
[2.779s] Level 1:colcon.colcon_core.package_identification:_identify(src) by extensions ['colcon_meta']
[2.781s] Level 1:colcon.colcon_core.package_identification:_identify(src) by extension 'colcon_meta'
[2.792s] Level 1:colcon.colcon_core.package_identification:_identify(src) by extensions ['ros']
[2.797s] Level 1:colcon.colcon_core.package_identification:_identify(src) by extension 'ros'
[2.844s] Level 1:colcon.colcon_core.package_identification:_identify(src) by extensions ['cmake', 'python']
[2.848s] Level 1:colcon.colcon_core.package_identification:_identify(src) by extension 'cmake'
[2.856s] Level 1:colcon.colcon_core.package_identification:_identify(src) by extension 'python'
[2.864s] Level 1:colcon.colcon_core.package_identification:_identify(src) by extensions ['python_setup_py']
[2.866s] Level 1:colcon.colcon_core.package_identification:_identify(src) by extension 'python_setup_py'
[2.908s] Level 1:colcon.colcon_core.package_identification:_identify(src/bot_control) by extensions ['ignore', 'ignore_ament_install']
[2.910s] Level 1:colcon.colcon_core.package_identification:_identify(src/bot_control) by extension 'ignore'
[2.922s] Level 1:colcon.colcon_core.package_identification:_identify(src/bot_control) by extension 'ignore_ament_install'
[2.941s] Level 1:colcon.colcon_core.package_identification:_identify(src/bot_control) by extensions ['colcon_pkg']
[2.943s] Level 1:colcon.colcon_core.package_identification:_identify(src/bot_control) by extension 'colcon_pkg'
[2.959s] Level 1:colcon.colcon_core.package_identification:_identify(src/bot_control) by extensions ['colcon_meta']
[2.961s] Level 1:colcon.colcon_core.package_identification:_identify(src/bot_control) by extension 'colcon_meta'
[2.978s] Level 1:colcon.colcon_core.package_identification:_identify(src/bot_control) by extensions ['ros']
[2.980s] Level 1:colcon.colcon_core.package_identification:_identify(src/bot_control) by extension 'ros'
[3.112s] DEBUG:colcon.colcon_core.package_identification:Package 'src/bot_control' with type 'ros.ament_cmake' and name 'bot_control'
[3.139s] Level 1:colcon.colcon_core.package_identification:_identify(src/bot_description) by extensions ['ignore', 'ignore_ament_install']
[3.142s] Level 1:colcon.colcon_core.package_identification:_identify(src/bot_description) by extension 'ignore'
[3.150s] Level 1:colcon.colcon_core.package_identification:_identify(src/bot_description) by extension 'ignore_ament_install'
[3.167s] Level 1:colcon.colcon_core.package_identification:_identify(src/bot_description) by extensions ['colcon_pkg']
[3.169s] Level 1:colcon.colcon_core.package_identification:_identify(src/bot_description) by extension 'colcon_pkg'
[3.179s] Level 1:colcon.colcon_core.package_identification:_identify(src/bot_description) by extensions ['colcon_meta']
[3.183s] Level 1:colcon.colcon_core.package_identification:_identify(src/bot_description) by extension 'colcon_meta'
[3.200s] Level 1:colcon.colcon_core.package_identification:_identify(src/bot_description) by extensions ['ros']
[3.202s] Level 1:colcon.colcon_core.package_identification:_identify(src/bot_description) by extension 'ros'
[3.306s] DEBUG:colcon.colcon_core.package_identification:Package 'src/bot_description' with type 'ros.ament_cmake' and name 'bot_description'
[3.308s] Level 1:colcon.colcon_core.package_discovery:discover_packages(recursive) using defaults
[3.310s] Level 1:colcon.colcon_core.package_discovery:discover_packages(ignore) discover
[3.311s] Level 1:colcon.colcon_core.package_discovery:discover_packages(ignore) using defaults
[3.312s] Level 1:colcon.colcon_core.package_discovery:discover_packages(path) discover
[3.313s] Level 1:colcon.colcon_core.package_discovery:discover_packages(path) using defaults
[3.462s] INFO:colcon.colcon_core.package_selection:Skipping not selected package 'bot_control' in 'src/bot_control'
[3.466s] Level 1:colcon.colcon_core.package_discovery:discover_packages(prefix_path) check parameters
[3.467s] Level 1:colcon.colcon_core.package_discovery:discover_packages(prefix_path) discover
[4.145s] DEBUG:colcon.colcon_installed_package_information.package_discovery:Found 2 installed packages in /mnt/d/users/karti/documents/kartik_ws/install
[4.625s] DEBUG:colcon.colcon_installed_package_information.package_discovery:Found 3 installed packages in /mnt/d/users/karti/Documents/ROS_Projects/install
[4.632s] DEBUG:colcon.colcon_installed_package_information.package_discovery:Found 286 installed packages in /opt/ros/rolling
[4.639s] Level 1:colcon.colcon_core.package_discovery:discover_packages(prefix_path) using defaults
[5.416s] Level 5:colcon.colcon_core.verb:set package 'bot_description' build argument 'cmake_args' from command line to 'None'
[5.418s] Level 5:colcon.colcon_core.verb:set package 'bot_description' build argument 'cmake_target' from command line to 'None'
[5.419s] Level 5:colcon.colcon_core.verb:set package 'bot_description' build argument 'cmake_target_skip_unavailable' from command line to 'False'
[5.421s] Level 5:colcon.colcon_core.verb:set package 'bot_description' build argument 'cmake_clean_cache' from command line to 'False'
[5.422s] Level 5:colcon.colcon_core.verb:set package 'bot_description' build argument 'cmake_clean_first' from command line to 'False'
[5.424s] Level 5:colcon.colcon_core.verb:set package 'bot_description' build argument 'cmake_force_configure' from command line to 'False'
[5.425s] Level 5:colcon.colcon_core.verb:set package 'bot_description' build argument 'ament_cmake_args' from command line to 'None'
[5.426s] Level 5:colcon.colcon_core.verb:set package 'bot_description' build argument 'catkin_cmake_args' from command line to 'None'
[5.427s] Level 5:colcon.colcon_core.verb:set package 'bot_description' build argument 'catkin_skip_building_tests' from command line to 'False'
[5.428s] DEBUG:colcon.colcon_core.verb:Building package 'bot_description' with the following arguments: {'ament_cmake_args': None, 'build_base': '/mnt/d/users/karti/documents/kartik_ws/build/bot_description', 'catkin_cmake_args': None, 'catkin_skip_building_tests': False, 'cmake_args': None, 'cmake_clean_cache': False, 'cmake_clean_first': False, 'cmake_force_configure': False, 'cmake_target': None, 'cmake_target_skip_unavailable': False, 'install_base': '/mnt/d/users/karti/documents/kartik_ws/install/bot_description', 'merge_install': False, 'path': '/mnt/d/users/karti/documents/kartik_ws/src/bot_description', 'symlink_install': False, 'test_result_base': None}
[5.432s] INFO:colcon.colcon_core.executor:Executing jobs using 'parallel' executor
[5.441s] DEBUG:colcon.colcon_parallel_executor.executor.parallel:run_until_complete
[5.445s] INFO:colcon.colcon_ros.task.ament_cmake.build:Building ROS package in '/mnt/d/users/karti/documents/kartik_ws/src/bot_description' with build type 'ament_cmake'
[5.448s] INFO:colcon.colcon_cmake.task.cmake.build:Building CMake package in '/mnt/d/users/karti/documents/kartik_ws/src/bot_description'
[5.468s] INFO:colcon.colcon_core.plugin_system:Skipping extension 'colcon_core.shell.bat': Not used on non-Windows systems
[5.470s] INFO:colcon.colcon_core.shell:Skip shell extension 'powershell' for command environment: Not usable outside of PowerShell
[5.471s] DEBUG:colcon.colcon_core.shell:Skip shell extension 'dsv' for command environment
[7.174s] DEBUG:colcon.colcon_core.event_handler.log_command:Invoking command in '/mnt/d/users/karti/documents/kartik_ws/build/bot_description': CMAKE_PREFIX_PATH=${CMAKE_PREFIX_PATH}:/opt/ros/rolling /usr/bin/cmake --build /mnt/d/users/karti/documents/kartik_ws/build/bot_description -- -j4 -l4
[7.785s] DEBUG:colcon.colcon_core.event_handler.log_command:Invoked command in '/mnt/d/users/karti/documents/kartik_ws/build/bot_description' returned '0': CMAKE_PREFIX_PATH=${CMAKE_PREFIX_PATH}:/opt/ros/rolling /usr/bin/cmake --build /mnt/d/users/karti/documents/kartik_ws/build/bot_description -- -j4 -l4
[8.028s] DEBUG:colcon.colcon_core.event_handler.log_command:Invoking command in '/mnt/d/users/karti/documents/kartik_ws/build/bot_description': CMAKE_PREFIX_PATH=${CMAKE_PREFIX_PATH}:/opt/ros/rolling /usr/bin/cmake --install /mnt/d/users/karti/documents/kartik_ws/build/bot_description
[14.118s] Level 1:colcon.colcon_core.environment:create_environment_scripts_only(bot_description)
[14.132s] DEBUG:colcon.colcon_core.event_handler.log_command:Invoked command in '/mnt/d/users/karti/documents/kartik_ws/build/bot_description' returned '0': CMAKE_PREFIX_PATH=${CMAKE_PREFIX_PATH}:/opt/ros/rolling /usr/bin/cmake --install /mnt/d/users/karti/documents/kartik_ws/build/bot_description
[14.142s] Level 1:colcon.colcon_core.environment:checking '/mnt/d/users/karti/documents/kartik_ws/install/bot_description' for CMake module files
[14.902s] Level 1:colcon.colcon_core.environment:checking '/mnt/d/users/karti/documents/kartik_ws/install/bot_description' for CMake config files
[15.283s] Level 1:colcon.colcon_core.shell:create_environment_hook('bot_description', 'cmake_prefix_path')
[15.289s] INFO:colcon.colcon_core.shell:Creating environment hook '/mnt/d/users/karti/documents/kartik_ws/install/bot_description/share/bot_description/hook/cmake_prefix_path.ps1'
[15.414s] INFO:colcon.colcon_core.shell:Creating environment descriptor '/mnt/d/users/karti/documents/kartik_ws/install/bot_description/share/bot_description/hook/cmake_prefix_path.dsv'
[15.537s] INFO:colcon.colcon_core.shell:Creating environment hook '/mnt/d/users/karti/documents/kartik_ws/install/bot_description/share/bot_description/hook/cmake_prefix_path.sh'
[15.677s] Level 1:colcon.colcon_core.environment:checking '/mnt/d/users/karti/documents/kartik_ws/install/bot_description/bin'
[15.686s] Level 1:colcon.colcon_core.environment:checking '/mnt/d/users/karti/documents/kartik_ws/install/bot_description/lib/pkgconfig/bot_description.pc'
[15.696s] Level 1:colcon.colcon_core.environment:checking '/mnt/d/users/karti/documents/kartik_ws/install/bot_description/lib/python3.10/site-packages'
[15.706s] Level 1:colcon.colcon_core.environment:checking '/mnt/d/users/karti/documents/kartik_ws/install/bot_description/bin'
[15.720s] INFO:colcon.colcon_core.shell:Creating package script '/mnt/d/users/karti/documents/kartik_ws/install/bot_description/share/bot_description/package.ps1'
[15.808s] INFO:colcon.colcon_core.shell:Creating package descriptor '/mnt/d/users/karti/documents/kartik_ws/install/bot_description/share/bot_description/package.dsv'
[15.910s] INFO:colcon.colcon_core.shell:Creating package script '/mnt/d/users/karti/documents/kartik_ws/install/bot_description/share/bot_description/package.sh'
[16.015s] INFO:colcon.colcon_core.shell:Creating package script '/mnt/d/users/karti/documents/kartik_ws/install/bot_description/share/bot_description/package.bash'
[16.116s] INFO:colcon.colcon_core.shell:Creating package script '/mnt/d/users/karti/documents/kartik_ws/install/bot_description/share/bot_description/package.zsh'
[16.210s] Level 1:colcon.colcon_core.environment:create_file_with_runtime_dependencies(/mnt/d/users/karti/documents/kartik_ws/install/bot_description/share/colcon-core/packages/bot_description)
[16.451s] Level 1:colcon.colcon_core.environment:create_environment_scripts_only(bot_description)
[16.459s] Level 1:colcon.colcon_core.environment:checking '/mnt/d/users/karti/documents/kartik_ws/install/bot_description' for CMake module files
[17.194s] Level 1:colcon.colcon_core.environment:checking '/mnt/d/users/karti/documents/kartik_ws/install/bot_description' for CMake config files
[17.566s] Level 1:colcon.colcon_core.shell:create_environment_hook('bot_description', 'cmake_prefix_path')
[17.572s] INFO:colcon.colcon_core.shell:Creating environment hook '/mnt/d/users/karti/documents/kartik_ws/install/bot_description/share/bot_description/hook/cmake_prefix_path.ps1'
[17.688s] INFO:colcon.colcon_core.shell:Creating environment descriptor '/mnt/d/users/karti/documents/kartik_ws/install/bot_description/share/bot_description/hook/cmake_prefix_path.dsv'
[17.805s] INFO:colcon.colcon_core.shell:Creating environment hook '/mnt/d/users/karti/documents/kartik_ws/install/bot_description/share/bot_description/hook/cmake_prefix_path.sh'
[17.937s] Level 1:colcon.colcon_core.environment:checking '/mnt/d/users/karti/documents/kartik_ws/install/bot_description/bin'
[17.946s] Level 1:colcon.colcon_core.environment:checking '/mnt/d/users/karti/documents/kartik_ws/install/bot_description/lib/pkgconfig/bot_description.pc'
[17.955s] Level 1:colcon.colcon_core.environment:checking '/mnt/d/users/karti/documents/kartik_ws/install/bot_description/lib/python3.10/site-packages'
[17.965s] Level 1:colcon.colcon_core.environment:checking '/mnt/d/users/karti/documents/kartik_ws/install/bot_description/bin'
[17.982s] INFO:colcon.colcon_core.shell:Creating package script '/mnt/d/users/karti/documents/kartik_ws/install/bot_description/share/bot_description/package.ps1'
[18.076s] INFO:colcon.colcon_core.shell:Creating package descriptor '/mnt/d/users/karti/documents/kartik_ws/install/bot_description/share/bot_description/package.dsv'
[18.254s] INFO:colcon.colcon_core.shell:Creating package script '/mnt/d/users/karti/documents/kartik_ws/install/bot_description/share/bot_description/package.sh'
[18.369s] INFO:colcon.colcon_core.shell:Creating package script '/mnt/d/users/karti/documents/kartik_ws/install/bot_description/share/bot_description/package.bash'
[18.500s] INFO:colcon.colcon_core.shell:Creating package script '/mnt/d/users/karti/documents/kartik_ws/install/bot_description/share/bot_description/package.zsh'
[18.633s] Level 1:colcon.colcon_core.environment:create_file_with_runtime_dependencies(/mnt/d/users/karti/documents/kartik_ws/install/bot_description/share/colcon-core/packages/bot_description)
[18.702s] DEBUG:colcon.colcon_parallel_executor.executor.parallel:closing loop
[18.704s] DEBUG:colcon.colcon_parallel_executor.executor.parallel:loop closed
[18.711s] DEBUG:colcon.colcon_parallel_executor.executor.parallel:run_until_complete finished with '0'
[18.725s] DEBUG:colcon.colcon_core.event_reactor:joining thread
[19.306s] INFO:colcon.colcon_core.plugin_system:Skipping extension 'colcon_notification.desktop_notification.notify_send': Could not find 'notify-send'
[19.308s] INFO:colcon.colcon_core.plugin_system:Skipping extension 'colcon_notification.desktop_notification.terminal_notifier': Not used on non-Darwin systems
[19.310s] INFO:colcon.colcon_core.plugin_system:Skipping extension 'colcon_notification.desktop_notification.win32': Not used on non-Windows systems
[19.313s] INFO:colcon.colcon_notification.desktop_notification:Sending desktop notification using 'notify2'
[19.329s] DEBUG:colcon.colcon_notification.desktop_notification.notify2:Failed to initialize notify2: org.freedesktop.DBus.Error.ServiceUnknown: The name org.freedesktop.Notifications was not provided by any .service files
[19.334s] DEBUG:colcon.colcon_core.event_reactor:joined thread
[19.340s] INFO:colcon.colcon_core.shell:Creating prefix script '/mnt/d/users/karti/documents/kartik_ws/install/local_setup.ps1'
[19.410s] INFO:colcon.colcon_core.shell:Creating prefix util module '/mnt/d/users/karti/documents/kartik_ws/install/_local_setup_util_ps1.py'
[19.478s] INFO:colcon.colcon_core.shell:Creating prefix chain script '/mnt/d/users/karti/documents/kartik_ws/install/setup.ps1'
[20.011s] INFO:colcon.colcon_core.shell:Creating prefix script '/mnt/d/users/karti/documents/kartik_ws/install/local_setup.sh'
[20.054s] INFO:colcon.colcon_core.shell:Creating prefix util module '/mnt/d/users/karti/documents/kartik_ws/install/_local_setup_util_sh.py'
[20.103s] INFO:colcon.colcon_core.shell:Creating prefix chain script '/mnt/d/users/karti/documents/kartik_ws/install/setup.sh'
[20.591s] INFO:colcon.colcon_core.shell:Creating prefix script '/mnt/d/users/karti/documents/kartik_ws/install/local_setup.bash'
[20.636s] INFO:colcon.colcon_core.shell:Creating prefix chain script '/mnt/d/users/karti/documents/kartik_ws/install/setup.bash'
[21.115s] INFO:colcon.colcon_core.shell:Creating prefix script '/mnt/d/users/karti/documents/kartik_ws/install/local_setup.zsh'
[21.156s] INFO:colcon.colcon_core.shell:Creating prefix chain script '/mnt/d/users/karti/documents/kartik_ws/install/setup.zsh'
