[3.904s] DEBUG:colcon:Command line arguments: ['/usr/bin/colcon', 'build', '--packages-select', 'bot_control']
[3.906s] DEBUG:colcon:Parsed command line arguments: Namespace(log_base=None, log_level=None, verb_name='build', build_base='build', install_base='install', merge_install=False, symlink_install=False, test_result_base=None, continue_on_error=False, executor='parallel', parallel_workers=4, event_handlers=None, ignore_user_meta=False, metas=['./colcon.meta'], base_paths=['.'], packages_ignore=None, packages_ignore_regex=None, paths=None, packages_up_to=None, packages_up_to_regex=None, packages_above=None, packages_above_and_dependencies=None, packages_above_depth=None, packages_select_by_dep=None, packages_skip_by_dep=None, packages_skip_up_to=None, packages_select_build_failed=False, packages_skip_build_finished=False, packages_select_test_failures=False, packages_skip_test_passed=False, packages_select=['bot_control'], packages_skip=None, packages_select_regex=None, packages_skip_regex=None, packages_start=None, packages_end=None, allow_overriding=[], cmake_args=None, cmake_target=None, cmake_target_skip_unavailable=False, cmake_clean_cache=False, cmake_clean_first=False, cmake_force_configure=False, ament_cmake_args=None, catkin_cmake_args=None, catkin_skip_building_tests=False, verb_parser=<colcon_defaults.argument_parser.defaults.DefaultArgumentsDecorator object at 0x7fa3ff3903d0>, verb_extension=<colcon_core.verb.build.BuildVerb object at 0x7fa3ffb69510>, main=<bound method BuildVerb.main of <colcon_core.verb.build.BuildVerb object at 0x7fa3ffb69510>>)
[4.394s] Level 1:colcon.colcon_core.package_discovery:discover_packages(colcon_meta) check parameters
[4.397s] Level 1:colcon.colcon_core.package_discovery:discover_packages(recursive) check parameters
[4.399s] Level 1:colcon.colcon_core.package_discovery:discover_packages(ignore) check parameters
[4.401s] Level 1:colcon.colcon_core.package_discovery:discover_packages(path) check parameters
[4.402s] Level 1:colcon.colcon_core.package_discovery:discover_packages(colcon_meta) discover
[4.404s] Level 1:colcon.colcon_core.package_discovery:discover_packages(recursive) discover
[4.405s] INFO:colcon.colcon_core.package_discovery:Crawling recursively for packages in '/mnt/d/users/karti/documents/kartik_ws'
[4.428s] Level 1:colcon.colcon_core.package_identification:_identify(.) by extensions ['ignore', 'ignore_ament_install']
[4.432s] Level 1:colcon.colcon_core.package_identification:_identify(.) by extension 'ignore'
[4.435s] Level 1:colcon.colcon_core.package_identification:_identify(.) by extension 'ignore_ament_install'
[4.441s] Level 1:colcon.colcon_core.package_identification:_identify(.) by extensions ['colcon_pkg']
[4.446s] Level 1:colcon.colcon_core.package_identification:_identify(.) by extension 'colcon_pkg'
[4.450s] Level 1:colcon.colcon_core.package_identification:_identify(.) by extensions ['colcon_meta']
[4.451s] Level 1:colcon.colcon_core.package_identification:_identify(.) by extension 'colcon_meta'
[4.454s] Level 1:colcon.colcon_core.package_identification:_identify(.) by extensions ['ros']
[4.456s] Level 1:colcon.colcon_core.package_identification:_identify(.) by extension 'ros'
[4.522s] Level 1:colcon.colcon_core.package_identification:_identify(.) by extensions ['cmake', 'python']
[4.524s] Level 1:colcon.colcon_core.package_identification:_identify(.) by extension 'cmake'
[4.527s] Level 1:colcon.colcon_core.package_identification:_identify(.) by extension 'python'
[4.530s] Level 1:colcon.colcon_core.package_identification:_identify(.) by extensions ['python_setup_py']
[4.531s] Level 1:colcon.colcon_core.package_identification:_identify(.) by extension 'python_setup_py'
[4.551s] Level 1:colcon.colcon_core.package_identification:_identify(build) by extensions ['ignore', 'ignore_ament_install']
[4.552s] Level 1:colcon.colcon_core.package_identification:_identify(build) by extension 'ignore'
[4.561s] Level 1:colcon.colcon_core.package_identification:_identify(build) ignored
[4.581s] Level 1:colcon.colcon_core.package_identification:_identify(install) by extensions ['ignore', 'ignore_ament_install']
[4.583s] Level 1:colcon.colcon_core.package_identification:_identify(install) by extension 'ignore'
[4.594s] Level 1:colcon.colcon_core.package_identification:_identify(install) ignored
[4.627s] Level 1:colcon.colcon_core.package_identification:_identify(log) by extensions ['ignore', 'ignore_ament_install']
[4.628s] Level 1:colcon.colcon_core.package_identification:_identify(log) by extension 'ignore'
[4.635s] Level 1:colcon.colcon_core.package_identification:_identify(log) ignored
[4.654s] Level 1:colcon.colcon_core.package_identification:_identify(src) by extensions ['ignore', 'ignore_ament_install']
[4.656s] Level 1:colcon.colcon_core.package_identification:_identify(src) by extension 'ignore'
[4.663s] Level 1:colcon.colcon_core.package_identification:_identify(src) by extension 'ignore_ament_install'
[4.675s] Level 1:colcon.colcon_core.package_identification:_identify(src) by extensions ['colcon_pkg']
[4.677s] Level 1:colcon.colcon_core.package_identification:_identify(src) by extension 'colcon_pkg'
[4.685s] Level 1:colcon.colcon_core.package_identification:_identify(src) by extensions ['colcon_meta']
[4.687s] Level 1:colcon.colcon_core.package_identification:_identify(src) by extension 'colcon_meta'
[4.696s] Level 1:colcon.colcon_core.package_identification:_identify(src) by extensions ['ros']
[4.699s] Level 1:colcon.colcon_core.package_identification:_identify(src) by extension 'ros'
[4.730s] Level 1:colcon.colcon_core.package_identification:_identify(src) by extensions ['cmake', 'python']
[4.732s] Level 1:colcon.colcon_core.package_identification:_identify(src) by extension 'cmake'
[4.739s] Level 1:colcon.colcon_core.package_identification:_identify(src) by extension 'python'
[4.746s] Level 1:colcon.colcon_core.package_identification:_identify(src) by extensions ['python_setup_py']
[4.747s] Level 1:colcon.colcon_core.package_identification:_identify(src) by extension 'python_setup_py'
[4.784s] Level 1:colcon.colcon_core.package_identification:_identify(src/bot_control) by extensions ['ignore', 'ignore_ament_install']
[4.786s] Level 1:colcon.colcon_core.package_identification:_identify(src/bot_control) by extension 'ignore'
[4.796s] Level 1:colcon.colcon_core.package_identification:_identify(src/bot_control) by extension 'ignore_ament_install'
[4.816s] Level 1:colcon.colcon_core.package_identification:_identify(src/bot_control) by extensions ['colcon_pkg']
[4.817s] Level 1:colcon.colcon_core.package_identification:_identify(src/bot_control) by extension 'colcon_pkg'
[4.828s] Level 1:colcon.colcon_core.package_identification:_identify(src/bot_control) by extensions ['colcon_meta']
[4.829s] Level 1:colcon.colcon_core.package_identification:_identify(src/bot_control) by extension 'colcon_meta'
[4.843s] Level 1:colcon.colcon_core.package_identification:_identify(src/bot_control) by extensions ['ros']
[4.845s] Level 1:colcon.colcon_core.package_identification:_identify(src/bot_control) by extension 'ros'
[4.958s] DEBUG:colcon.colcon_core.package_identification:Package 'src/bot_control' with type 'ros.ament_python' and name 'bot_control'
[4.989s] Level 1:colcon.colcon_core.package_identification:_identify(src/bot_description) by extensions ['ignore', 'ignore_ament_install']
[4.991s] Level 1:colcon.colcon_core.package_identification:_identify(src/bot_description) by extension 'ignore'
[5.001s] Level 1:colcon.colcon_core.package_identification:_identify(src/bot_description) by extension 'ignore_ament_install'
[5.024s] Level 1:colcon.colcon_core.package_identification:_identify(src/bot_description) by extensions ['colcon_pkg']
[5.027s] Level 1:colcon.colcon_core.package_identification:_identify(src/bot_description) by extension 'colcon_pkg'
[5.038s] Level 1:colcon.colcon_core.package_identification:_identify(src/bot_description) by extensions ['colcon_meta']
[5.040s] Level 1:colcon.colcon_core.package_identification:_identify(src/bot_description) by extension 'colcon_meta'
[5.055s] Level 1:colcon.colcon_core.package_identification:_identify(src/bot_description) by extensions ['ros']
[5.057s] Level 1:colcon.colcon_core.package_identification:_identify(src/bot_description) by extension 'ros'
[5.165s] DEBUG:colcon.colcon_core.package_identification:Package 'src/bot_description' with type 'ros.ament_cmake' and name 'bot_description'
[5.197s] Level 1:colcon.colcon_core.package_identification:_identify(src/bot_world) by extensions ['ignore', 'ignore_ament_install']
[5.200s] Level 1:colcon.colcon_core.package_identification:_identify(src/bot_world) by extension 'ignore'
[5.211s] Level 1:colcon.colcon_core.package_identification:_identify(src/bot_world) by extension 'ignore_ament_install'
[5.229s] Level 1:colcon.colcon_core.package_identification:_identify(src/bot_world) by extensions ['colcon_pkg']
[5.231s] Level 1:colcon.colcon_core.package_identification:_identify(src/bot_world) by extension 'colcon_pkg'
[5.243s] Level 1:colcon.colcon_core.package_identification:_identify(src/bot_world) by extensions ['colcon_meta']
[5.244s] Level 1:colcon.colcon_core.package_identification:_identify(src/bot_world) by extension 'colcon_meta'
[5.258s] Level 1:colcon.colcon_core.package_identification:_identify(src/bot_world) by extensions ['ros']
[5.261s] Level 1:colcon.colcon_core.package_identification:_identify(src/bot_world) by extension 'ros'
[5.379s] DEBUG:colcon.colcon_core.package_identification:Package 'src/bot_world' with type 'ros.ament_cmake' and name 'bot_world'
[5.381s] Level 1:colcon.colcon_core.package_discovery:discover_packages(recursive) using defaults
[5.383s] Level 1:colcon.colcon_core.package_discovery:discover_packages(ignore) discover
[5.384s] Level 1:colcon.colcon_core.package_discovery:discover_packages(ignore) using defaults
[5.386s] Level 1:colcon.colcon_core.package_discovery:discover_packages(path) discover
[5.387s] Level 1:colcon.colcon_core.package_discovery:discover_packages(path) using defaults
[5.806s] INFO:colcon.colcon_core.package_selection:Skipping not selected package 'bot_description' in 'src/bot_description'
[5.808s] INFO:colcon.colcon_core.package_selection:Skipping not selected package 'bot_world' in 'src/bot_world'
[5.813s] Level 1:colcon.colcon_core.package_discovery:discover_packages(prefix_path) check parameters
[5.815s] Level 1:colcon.colcon_core.package_discovery:discover_packages(prefix_path) discover
[6.671s] DEBUG:colcon.colcon_installed_package_information.package_discovery:Found 3 installed packages in /mnt/d/users/karti/documents/kartik_ws/install
[7.153s] DEBUG:colcon.colcon_installed_package_information.package_discovery:Found 3 installed packages in /mnt/d/users/karti/Documents/ROS_Projects/install
[7.158s] DEBUG:colcon.colcon_installed_package_information.package_discovery:Found 286 installed packages in /opt/ros/rolling
[7.165s] Level 1:colcon.colcon_core.package_discovery:discover_packages(prefix_path) using defaults
[7.919s] Level 5:colcon.colcon_core.verb:set package 'bot_control' build argument 'cmake_args' from command line to 'None'
[7.921s] Level 5:colcon.colcon_core.verb:set package 'bot_control' build argument 'cmake_target' from command line to 'None'
[7.922s] Level 5:colcon.colcon_core.verb:set package 'bot_control' build argument 'cmake_target_skip_unavailable' from command line to 'False'
[7.923s] Level 5:colcon.colcon_core.verb:set package 'bot_control' build argument 'cmake_clean_cache' from command line to 'False'
[7.925s] Level 5:colcon.colcon_core.verb:set package 'bot_control' build argument 'cmake_clean_first' from command line to 'False'
[7.926s] Level 5:colcon.colcon_core.verb:set package 'bot_control' build argument 'cmake_force_configure' from command line to 'False'
[7.927s] Level 5:colcon.colcon_core.verb:set package 'bot_control' build argument 'ament_cmake_args' from command line to 'None'
[7.930s] Level 5:colcon.colcon_core.verb:set package 'bot_control' build argument 'catkin_cmake_args' from command line to 'None'
[7.931s] Level 5:colcon.colcon_core.verb:set package 'bot_control' build argument 'catkin_skip_building_tests' from command line to 'False'
[7.933s] DEBUG:colcon.colcon_core.verb:Building package 'bot_control' with the following arguments: {'ament_cmake_args': None, 'build_base': '/mnt/d/users/karti/documents/kartik_ws/build/bot_control', 'catkin_cmake_args': None, 'catkin_skip_building_tests': False, 'cmake_args': None, 'cmake_clean_cache': False, 'cmake_clean_first': False, 'cmake_force_configure': False, 'cmake_target': None, 'cmake_target_skip_unavailable': False, 'install_base': '/mnt/d/users/karti/documents/kartik_ws/install/bot_control', 'merge_install': False, 'path': '/mnt/d/users/karti/documents/kartik_ws/src/bot_control', 'symlink_install': False, 'test_result_base': None}
[7.936s] INFO:colcon.colcon_core.executor:Executing jobs using 'parallel' executor
[7.947s] DEBUG:colcon.colcon_parallel_executor.executor.parallel:run_until_complete
[7.950s] INFO:colcon.colcon_ros.task.ament_python.build:Building ROS package in '/mnt/d/users/karti/documents/kartik_ws/src/bot_control' with build type 'ament_python'
[7.952s] Level 1:colcon.colcon_core.shell:create_environment_hook('bot_control', 'ament_prefix_path')
[8.018s] INFO:colcon.colcon_core.plugin_system:Skipping extension 'colcon_core.shell.bat': Not used on non-Windows systems
[8.020s] INFO:colcon.colcon_core.shell:Creating environment hook '/mnt/d/users/karti/documents/kartik_ws/install/bot_control/share/bot_control/hook/ament_prefix_path.ps1'
[8.161s] INFO:colcon.colcon_core.shell:Creating environment descriptor '/mnt/d/users/karti/documents/kartik_ws/install/bot_control/share/bot_control/hook/ament_prefix_path.dsv'
[8.370s] INFO:colcon.colcon_core.shell:Creating environment hook '/mnt/d/users/karti/documents/kartik_ws/install/bot_control/share/bot_control/hook/ament_prefix_path.sh'
[8.477s] INFO:colcon.colcon_core.shell:Skip shell extension 'powershell' for command environment: Not usable outside of PowerShell
[8.478s] DEBUG:colcon.colcon_core.shell:Skip shell extension 'dsv' for command environment
[14.241s] INFO:colcon.colcon_core.task.python.build:Building Python package in '/mnt/d/users/karti/documents/kartik_ws/src/bot_control'
[14.246s] INFO:colcon.colcon_core.shell:Skip shell extension 'powershell' for command environment: Not usable outside of PowerShell
[14.248s] DEBUG:colcon.colcon_core.shell:Skip shell extension 'dsv' for command environment
[23.171s] DEBUG:colcon.colcon_core.event_handler.log_command:Invoking command in '/mnt/d/users/karti/documents/kartik_ws/src/bot_control': PYTHONPATH=/mnt/d/users/karti/documents/kartik_ws/build/bot_control/prefix_override:/mnt/d/users/karti/documents/kartik_ws/install/bot_control/lib/python3.10/site-packages:${PYTHONPATH} /usr/bin/python3 setup.py egg_info --egg-base ../../build/bot_control build --build-base /mnt/d/users/karti/documents/kartik_ws/build/bot_control/build install --record /mnt/d/users/karti/documents/kartik_ws/build/bot_control/install.log --single-version-externally-managed
[36.389s] DEBUG:colcon.colcon_core.event_handler.log_command:Invoked command in '/mnt/d/users/karti/documents/kartik_ws/src/bot_control' returned '0': PYTHONPATH=/mnt/d/users/karti/documents/kartik_ws/build/bot_control/prefix_override:/mnt/d/users/karti/documents/kartik_ws/install/bot_control/lib/python3.10/site-packages:${PYTHONPATH} /usr/bin/python3 setup.py egg_info --egg-base ../../build/bot_control build --build-base /mnt/d/users/karti/documents/kartik_ws/build/bot_control/build install --record /mnt/d/users/karti/documents/kartik_ws/build/bot_control/install.log --single-version-externally-managed
[36.464s] Level 1:colcon.colcon_core.environment:checking '/mnt/d/users/karti/documents/kartik_ws/install/bot_control' for CMake module files
[36.924s] Level 1:colcon.colcon_core.environment:checking '/mnt/d/users/karti/documents/kartik_ws/install/bot_control' for CMake config files
[37.642s] Level 1:colcon.colcon_core.environment:checking '/mnt/d/users/karti/documents/kartik_ws/install/bot_control/lib'
[37.682s] Level 1:colcon.colcon_core.environment:checking '/mnt/d/users/karti/documents/kartik_ws/install/bot_control/bin'
[37.693s] Level 1:colcon.colcon_core.environment:checking '/mnt/d/users/karti/documents/kartik_ws/install/bot_control/lib/pkgconfig/bot_control.pc'
[37.709s] Level 1:colcon.colcon_core.environment:checking '/mnt/d/users/karti/documents/kartik_ws/install/bot_control/lib/python3.10/site-packages'
[37.725s] Level 1:colcon.colcon_core.shell:create_environment_hook('bot_control', 'pythonpath')
[37.731s] INFO:colcon.colcon_core.shell:Creating environment hook '/mnt/d/users/karti/documents/kartik_ws/install/bot_control/share/bot_control/hook/pythonpath.ps1'
[37.839s] INFO:colcon.colcon_core.shell:Creating environment descriptor '/mnt/d/users/karti/documents/kartik_ws/install/bot_control/share/bot_control/hook/pythonpath.dsv'
[37.955s] INFO:colcon.colcon_core.shell:Creating environment hook '/mnt/d/users/karti/documents/kartik_ws/install/bot_control/share/bot_control/hook/pythonpath.sh'
[38.076s] Level 1:colcon.colcon_core.environment:checking '/mnt/d/users/karti/documents/kartik_ws/install/bot_control/bin'
[38.088s] Level 1:colcon.colcon_core.environment:create_environment_scripts_only(bot_control)
[38.096s] INFO:colcon.colcon_core.shell:Creating package script '/mnt/d/users/karti/documents/kartik_ws/install/bot_control/share/bot_control/package.ps1'
[38.184s] INFO:colcon.colcon_core.shell:Creating package descriptor '/mnt/d/users/karti/documents/kartik_ws/install/bot_control/share/bot_control/package.dsv'
[38.297s] INFO:colcon.colcon_core.shell:Creating package script '/mnt/d/users/karti/documents/kartik_ws/install/bot_control/share/bot_control/package.sh'
[38.395s] INFO:colcon.colcon_core.shell:Creating package script '/mnt/d/users/karti/documents/kartik_ws/install/bot_control/share/bot_control/package.bash'
[38.484s] INFO:colcon.colcon_core.shell:Creating package script '/mnt/d/users/karti/documents/kartik_ws/install/bot_control/share/bot_control/package.zsh'
[38.589s] Level 1:colcon.colcon_core.environment:create_file_with_runtime_dependencies(/mnt/d/users/karti/documents/kartik_ws/install/bot_control/share/colcon-core/packages/bot_control)
[38.663s] DEBUG:colcon.colcon_parallel_executor.executor.parallel:closing loop
[38.666s] DEBUG:colcon.colcon_parallel_executor.executor.parallel:loop closed
[38.668s] DEBUG:colcon.colcon_parallel_executor.executor.parallel:run_until_complete finished with '0'
[38.674s] DEBUG:colcon.colcon_core.event_reactor:joining thread
[39.283s] INFO:colcon.colcon_core.plugin_system:Skipping extension 'colcon_notification.desktop_notification.notify_send': Could not find 'notify-send'
[39.284s] INFO:colcon.colcon_core.plugin_system:Skipping extension 'colcon_notification.desktop_notification.terminal_notifier': Not used on non-Darwin systems
[39.286s] INFO:colcon.colcon_core.plugin_system:Skipping extension 'colcon_notification.desktop_notification.win32': Not used on non-Windows systems
[39.287s] INFO:colcon.colcon_notification.desktop_notification:Sending desktop notification using 'notify2'
[39.311s] DEBUG:colcon.colcon_notification.desktop_notification.notify2:Failed to initialize notify2: org.freedesktop.DBus.Error.ServiceUnknown: The name org.freedesktop.Notifications was not provided by any .service files
[39.314s] DEBUG:colcon.colcon_core.event_reactor:joined thread
[39.320s] INFO:colcon.colcon_core.shell:Creating prefix script '/mnt/d/users/karti/documents/kartik_ws/install/local_setup.ps1'
[39.361s] INFO:colcon.colcon_core.shell:Creating prefix util module '/mnt/d/users/karti/documents/kartik_ws/install/_local_setup_util_ps1.py'
[39.409s] INFO:colcon.colcon_core.shell:Creating prefix chain script '/mnt/d/users/karti/documents/kartik_ws/install/setup.ps1'
[40.037s] INFO:colcon.colcon_core.shell:Creating prefix script '/mnt/d/users/karti/documents/kartik_ws/install/local_setup.sh'
[40.082s] INFO:colcon.colcon_core.shell:Creating prefix util module '/mnt/d/users/karti/documents/kartik_ws/install/_local_setup_util_sh.py'
[40.155s] INFO:colcon.colcon_core.shell:Creating prefix chain script '/mnt/d/users/karti/documents/kartik_ws/install/setup.sh'
[40.838s] INFO:colcon.colcon_core.shell:Creating prefix script '/mnt/d/users/karti/documents/kartik_ws/install/local_setup.bash'
[40.875s] INFO:colcon.colcon_core.shell:Creating prefix chain script '/mnt/d/users/karti/documents/kartik_ws/install/setup.bash'
[41.437s] INFO:colcon.colcon_core.shell:Creating prefix script '/mnt/d/users/karti/documents/kartik_ws/install/local_setup.zsh'
[41.478s] INFO:colcon.colcon_core.shell:Creating prefix chain script '/mnt/d/users/karti/documents/kartik_ws/install/setup.zsh'
