[10.304s] Invoking command in '/mnt/d/users/karti/documents/kartik_ws/src/bot_control': PYTHONPATH=/mnt/d/users/karti/documents/kartik_ws/build/bot_control/prefix_override:/mnt/d/users/karti/documents/kartik_ws/install/bot_control/lib/python3.10/site-packages:${PYTHONPATH} /usr/bin/python3 setup.py egg_info --egg-base ../../build/bot_control build --build-base /mnt/d/users/karti/documents/kartik_ws/build/bot_control/build install --record /mnt/d/users/karti/documents/kartik_ws/build/bot_control/install.log --single-version-externally-managed
[14.332s] running egg_info
[14.354s] writing ../../build/bot_control/bot_control.egg-info/PKG-INFO
[14.385s] writing dependency_links to ../../build/bot_control/bot_control.egg-info/dependency_links.txt
[14.414s] writing entry points to ../../build/bot_control/bot_control.egg-info/entry_points.txt
[14.436s] writing requirements to ../../build/bot_control/bot_control.egg-info/requires.txt
[14.452s] writing top-level names to ../../build/bot_control/bot_control.egg-info/top_level.txt
[14.847s] reading manifest file '../../build/bot_control/bot_control.egg-info/SOURCES.txt'
[15.378s] writing manifest file '../../build/bot_control/bot_control.egg-info/SOURCES.txt'
[15.398s] running build
[15.403s] running build_py
[16.011s] copying scripts/reading_laser.py -> /mnt/d/users/karti/documents/kartik_ws/build/bot_control/build/lib/scripts
[16.391s] running install
[16.395s] /usr/lib/python3/dist-packages/setuptools/command/install.py:34: SetuptoolsDeprecationWarning: setup.py install is deprecated. Use build and pip and other standards-based tools.
[16.400s]   warnings.warn(
[16.405s] running install_lib
[17.167s] copying /mnt/d/users/karti/documents/kartik_ws/build/bot_control/build/lib/scripts/reading_laser.py -> /mnt/d/users/karti/documents/kartik_ws/install/bot_control/lib/python3.10/site-packages/scripts
[18.007s] byte-compiling /mnt/d/users/karti/documents/kartik_ws/install/bot_control/lib/python3.10/site-packages/scripts/reading_laser.py to reading_laser.cpython-310.pyc
[18.247s] running install_data
[18.363s] running install_egg_info
[18.407s] removing '/mnt/d/users/karti/documents/kartik_ws/install/bot_control/lib/python3.10/site-packages/bot_control-0.0.0-py3.10.egg-info' (and everything under it)
[18.668s] Copying ../../build/bot_control/bot_control.egg-info to /mnt/d/users/karti/documents/kartik_ws/install/bot_control/lib/python3.10/site-packages/bot_control-0.0.0-py3.10.egg-info
[19.800s] running install_scripts
[20.064s] Installing listener script to /mnt/d/users/karti/documents/kartik_ws/install/bot_control/lib/bot_control
[20.120s] Installing talker script to /mnt/d/users/karti/documents/kartik_ws/install/bot_control/lib/bot_control
[20.181s] writing list of installed files to '/mnt/d/users/karti/documents/kartik_ws/build/bot_control/install.log'
[20.251s] Invoked command in '/mnt/d/users/karti/documents/kartik_ws/src/bot_control' returned '0': PYTHONPATH=/mnt/d/users/karti/documents/kartik_ws/build/bot_control/prefix_override:/mnt/d/users/karti/documents/kartik_ws/install/bot_control/lib/python3.10/site-packages:${PYTHONPATH} /usr/bin/python3 setup.py egg_info --egg-base ../../build/bot_control build --build-base /mnt/d/users/karti/documents/kartik_ws/build/bot_control/build install --record /mnt/d/users/karti/documents/kartik_ws/build/bot_control/install.log --single-version-externally-managed
