[20.869s] Invoking command in '/mnt/d/users/karti/documents/kartik_ws/src/bot_control': PYTHONPATH=/mnt/d/users/karti/documents/kartik_ws/build/bot_control/prefix_override:/mnt/d/users/karti/documents/kartik_ws/install/bot_control/lib/python3.10/site-packages:${PYTHONPATH} /usr/bin/python3 setup.py egg_info --egg-base ../../build/bot_control build --build-base /mnt/d/users/karti/documents/kartik_ws/build/bot_control/build install --record /mnt/d/users/karti/documents/kartik_ws/build/bot_control/install.log --single-version-externally-managed
[25.487s] running egg_info
[25.527s] writing ../../build/bot_control/bot_control.egg-info/PKG-INFO
[25.750s] writing dependency_links to ../../build/bot_control/bot_control.egg-info/dependency_links.txt
[25.801s] writing entry points to ../../build/bot_control/bot_control.egg-info/entry_points.txt
[25.836s] writing requirements to ../../build/bot_control/bot_control.egg-info/requires.txt
[25.858s] writing top-level names to ../../build/bot_control/bot_control.egg-info/top_level.txt
[26.112s] reading manifest file '../../build/bot_control/bot_control.egg-info/SOURCES.txt'
[26.588s] writing manifest file '../../build/bot_control/bot_control.egg-info/SOURCES.txt'
[26.650s] running build
[26.658s] running build_py
[26.822s] running install
[26.829s] /usr/lib/python3/dist-packages/setuptools/command/install.py:34: SetuptoolsDeprecationWarning: setup.py install is deprecated. Use build and pip and other standards-based tools.
[26.838s]   warnings.warn(
[26.845s] running install_lib
[27.501s] running install_data
[27.698s] running install_egg_info
[27.776s] removing '/mnt/d/users/karti/documents/kartik_ws/install/bot_control/lib/python3.10/site-packages/bot_control-0.0.0-py3.10.egg-info' (and everything under it)
[28.248s] Copying ../../build/bot_control/bot_control.egg-info to /mnt/d/users/karti/documents/kartik_ws/install/bot_control/lib/python3.10/site-packages/bot_control-0.0.0-py3.10.egg-info
[30.208s] running install_scripts
[30.689s] Installing listener script to /mnt/d/users/karti/documents/kartik_ws/install/bot_control/lib/bot_control
[30.775s] Installing talker script to /mnt/d/users/karti/documents/kartik_ws/install/bot_control/lib/bot_control
[30.881s] writing list of installed files to '/mnt/d/users/karti/documents/kartik_ws/build/bot_control/install.log'
[31.043s] Invoked command in '/mnt/d/users/karti/documents/kartik_ws/src/bot_control' returned '0': PYTHONPATH=/mnt/d/users/karti/documents/kartik_ws/build/bot_control/prefix_override:/mnt/d/users/karti/documents/kartik_ws/install/bot_control/lib/python3.10/site-packages:${PYTHONPATH} /usr/bin/python3 setup.py egg_info --egg-base ../../build/bot_control build --build-base /mnt/d/users/karti/documents/kartik_ws/build/bot_control/build install --record /mnt/d/users/karti/documents/kartik_ws/build/bot_control/install.log --single-version-externally-managed
