[2.013s] DEBUG:colcon:Command line arguments: ['/usr/bin/colcon', 'build', '--packages-select', 'bot_description']
[2.016s] DEBUG:colcon:Parsed command line arguments: Namespace(log_base=None, log_level=None, verb_name='build', build_base='build', install_base='install', merge_install=False, symlink_install=False, test_result_base=None, continue_on_error=False, executor='parallel', parallel_workers=4, event_handlers=None, ignore_user_meta=False, metas=['./colcon.meta'], base_paths=['.'], packages_ignore=None, packages_ignore_regex=None, paths=None, packages_up_to=None, packages_up_to_regex=None, packages_above=None, packages_above_and_dependencies=None, packages_above_depth=None, packages_select_by_dep=None, packages_skip_by_dep=None, packages_skip_up_to=None, packages_select_build_failed=False, packages_skip_build_finished=False, packages_select_test_failures=False, packages_skip_test_passed=False, packages_select=['bot_description'], packages_skip=None, packages_select_regex=None, packages_skip_regex=None, packages_start=None, packages_end=None, allow_overriding=[], cmake_args=None, cmake_target=None, cmake_target_skip_unavailable=False, cmake_clean_cache=False, cmake_clean_first=False, cmake_force_configure=False, ament_cmake_args=None, catkin_cmake_args=None, catkin_skip_building_tests=False, verb_parser=<colcon_defaults.argument_parser.defaults.DefaultArgumentsDecorator object at 0x7f320dd9fd00>, verb_extension=<colcon_core.verb.build.BuildVerb object at 0x7f320e5b6830>, main=<bound method BuildVerb.main of <colcon_core.verb.build.BuildVerb object at 0x7f320e5b6830>>)
[2.200s] Level 1:colcon.colcon_core.package_discovery:discover_packages(colcon_meta) check parameters
[2.203s] Level 1:colcon.colcon_core.package_discovery:discover_packages(recursive) check parameters
[2.204s] Level 1:colcon.colcon_core.package_discovery:discover_packages(ignore) check parameters
[2.205s] Level 1:colcon.colcon_core.package_discovery:discover_packages(path) check parameters
[2.207s] Level 1:colcon.colcon_core.package_discovery:discover_packages(colcon_meta) discover
[2.208s] Level 1:colcon.colcon_core.package_discovery:discover_packages(recursive) discover
[2.210s] INFO:colcon.colcon_core.package_discovery:Crawling recursively for packages in '/mnt/d/users/karti/documents/kartik_ws'
[2.223s] Level 1:colcon.colcon_core.package_identification:_identify(.) by extensions ['ignore', 'ignore_ament_install']
[2.224s] Level 1:colcon.colcon_core.package_identification:_identify(.) by extension 'ignore'
[2.227s] Level 1:colcon.colcon_core.package_identification:_identify(.) by extension 'ignore_ament_install'
[2.232s] Level 1:colcon.colcon_core.package_identification:_identify(.) by extensions ['colcon_pkg']
[2.233s] Level 1:colcon.colcon_core.package_identification:_identify(.) by extension 'colcon_pkg'
[2.235s] Level 1:colcon.colcon_core.package_identification:_identify(.) by extensions ['colcon_meta']
[2.237s] Level 1:colcon.colcon_core.package_identification:_identify(.) by extension 'colcon_meta'
[2.238s] Level 1:colcon.colcon_core.package_identification:_identify(.) by extensions ['ros']
[2.241s] Level 1:colcon.colcon_core.package_identification:_identify(.) by extension 'ros'
[2.279s] Level 1:colcon.colcon_core.package_identification:_identify(.) by extensions ['cmake', 'python']
[2.281s] Level 1:colcon.colcon_core.package_identification:_identify(.) by extension 'cmake'
[2.285s] Level 1:colcon.colcon_core.package_identification:_identify(.) by extension 'python'
[2.287s] Level 1:colcon.colcon_core.package_identification:_identify(.) by extensions ['python_setup_py']
[2.288s] Level 1:colcon.colcon_core.package_identification:_identify(.) by extension 'python_setup_py'
[2.310s] Level 1:colcon.colcon_core.package_identification:_identify(build) by extensions ['ignore', 'ignore_ament_install']
[2.314s] Level 1:colcon.colcon_core.package_identification:_identify(build) by extension 'ignore'
[2.324s] Level 1:colcon.colcon_core.package_identification:_identify(build) ignored
[2.344s] Level 1:colcon.colcon_core.package_identification:_identify(install) by extensions ['ignore', 'ignore_ament_install']
[2.346s] Level 1:colcon.colcon_core.package_identification:_identify(install) by extension 'ignore'
[2.355s] Level 1:colcon.colcon_core.package_identification:_identify(install) ignored
[2.385s] Level 1:colcon.colcon_core.package_identification:_identify(log) by extensions ['ignore', 'ignore_ament_install']
[2.389s] Level 1:colcon.colcon_core.package_identification:_identify(log) by extension 'ignore'
[2.395s] Level 1:colcon.colcon_core.package_identification:_identify(log) ignored
[2.413s] Level 1:colcon.colcon_core.package_identification:_identify(src) by extensions ['ignore', 'ignore_ament_install']
[2.414s] Level 1:colcon.colcon_core.package_identification:_identify(src) by extension 'ignore'
[2.421s] Level 1:colcon.colcon_core.package_identification:_identify(src) by extension 'ignore_ament_install'
[2.431s] Level 1:colcon.colcon_core.package_identification:_identify(src) by extensions ['colcon_pkg']
[2.432s] Level 1:colcon.colcon_core.package_identification:_identify(src) by extension 'colcon_pkg'
[2.438s] Level 1:colcon.colcon_core.package_identification:_identify(src) by extensions ['colcon_meta']
[2.440s] Level 1:colcon.colcon_core.package_identification:_identify(src) by extension 'colcon_meta'
[2.445s] Level 1:colcon.colcon_core.package_identification:_identify(src) by extensions ['ros']
[2.446s] Level 1:colcon.colcon_core.package_identification:_identify(src) by extension 'ros'
[2.470s] Level 1:colcon.colcon_core.package_identification:_identify(src) by extensions ['cmake', 'python']
[2.472s] Level 1:colcon.colcon_core.package_identification:_identify(src) by extension 'cmake'
[2.478s] Level 1:colcon.colcon_core.package_identification:_identify(src) by extension 'python'
[2.484s] Level 1:colcon.colcon_core.package_identification:_identify(src) by extensions ['python_setup_py']
[2.486s] Level 1:colcon.colcon_core.package_identification:_identify(src) by extension 'python_setup_py'
[2.519s] Level 1:colcon.colcon_core.package_identification:_identify(src/bot_control) by extensions ['ignore', 'ignore_ament_install']
[2.521s] Level 1:colcon.colcon_core.package_identification:_identify(src/bot_control) by extension 'ignore'
[2.530s] Level 1:colcon.colcon_core.package_identification:_identify(src/bot_control) by extension 'ignore_ament_install'
[2.545s] Level 1:colcon.colcon_core.package_identification:_identify(src/bot_control) by extensions ['colcon_pkg']
[2.547s] Level 1:colcon.colcon_core.package_identification:_identify(src/bot_control) by extension 'colcon_pkg'
[2.556s] Level 1:colcon.colcon_core.package_identification:_identify(src/bot_control) by extensions ['colcon_meta']
[2.557s] Level 1:colcon.colcon_core.package_identification:_identify(src/bot_control) by extension 'colcon_meta'
[2.575s] Level 1:colcon.colcon_core.package_identification:_identify(src/bot_control) by extensions ['ros']
[2.576s] Level 1:colcon.colcon_core.package_identification:_identify(src/bot_control) by extension 'ros'
[2.684s] DEBUG:colcon.colcon_core.package_identification:Package 'src/bot_control' with type 'ros.ament_cmake' and name 'bot_control'
[2.716s] Level 1:colcon.colcon_core.package_identification:_identify(src/bot_description) by extensions ['ignore', 'ignore_ament_install']
[2.718s] Level 1:colcon.colcon_core.package_identification:_identify(src/bot_description) by extension 'ignore'
[2.728s] Level 1:colcon.colcon_core.package_identification:_identify(src/bot_description) by extension 'ignore_ament_install'
[2.745s] Level 1:colcon.colcon_core.package_identification:_identify(src/bot_description) by extensions ['colcon_pkg']
[2.746s] Level 1:colcon.colcon_core.package_identification:_identify(src/bot_description) by extension 'colcon_pkg'
[2.755s] Level 1:colcon.colcon_core.package_identification:_identify(src/bot_description) by extensions ['colcon_meta']
[2.756s] Level 1:colcon.colcon_core.package_identification:_identify(src/bot_description) by extension 'colcon_meta'
[2.769s] Level 1:colcon.colcon_core.package_identification:_identify(src/bot_description) by extensions ['ros']
[2.771s] Level 1:colcon.colcon_core.package_identification:_identify(src/bot_description) by extension 'ros'
[2.862s] DEBUG:colcon.colcon_core.package_identification:Package 'src/bot_description' with type 'ros.ament_cmake' and name 'bot_description'
[2.864s] Level 1:colcon.colcon_core.package_discovery:discover_packages(recursive) using defaults
[2.866s] Level 1:colcon.colcon_core.package_discovery:discover_packages(ignore) discover
[2.867s] Level 1:colcon.colcon_core.package_discovery:discover_packages(ignore) using defaults
[2.869s] Level 1:colcon.colcon_core.package_discovery:discover_packages(path) discover
[2.870s] Level 1:colcon.colcon_core.package_discovery:discover_packages(path) using defaults
[2.970s] INFO:colcon.colcon_core.package_selection:Skipping not selected package 'bot_control' in 'src/bot_control'
[2.974s] Level 1:colcon.colcon_core.package_discovery:discover_packages(prefix_path) check parameters
[2.976s] Level 1:colcon.colcon_core.package_discovery:discover_packages(prefix_path) discover
[3.598s] DEBUG:colcon.colcon_installed_package_information.package_discovery:Found 2 installed packages in /mnt/d/users/karti/documents/kartik_ws/install
[4.089s] DEBUG:colcon.colcon_installed_package_information.package_discovery:Found 3 installed packages in /mnt/d/users/karti/Documents/ROS_Projects/install
[4.097s] DEBUG:colcon.colcon_installed_package_information.package_discovery:Found 286 installed packages in /opt/ros/rolling
[4.105s] Level 1:colcon.colcon_core.package_discovery:discover_packages(prefix_path) using defaults
[4.719s] Level 5:colcon.colcon_core.verb:set package 'bot_description' build argument 'cmake_args' from command line to 'None'
[4.721s] Level 5:colcon.colcon_core.verb:set package 'bot_description' build argument 'cmake_target' from command line to 'None'
[4.723s] Level 5:colcon.colcon_core.verb:set package 'bot_description' build argument 'cmake_target_skip_unavailable' from command line to 'False'
[4.725s] Level 5:colcon.colcon_core.verb:set package 'bot_description' build argument 'cmake_clean_cache' from command line to 'False'
[4.726s] Level 5:colcon.colcon_core.verb:set package 'bot_description' build argument 'cmake_clean_first' from command line to 'False'
[4.727s] Level 5:colcon.colcon_core.verb:set package 'bot_description' build argument 'cmake_force_configure' from command line to 'False'
[4.728s] Level 5:colcon.colcon_core.verb:set package 'bot_description' build argument 'ament_cmake_args' from command line to 'None'
[4.730s] Level 5:colcon.colcon_core.verb:set package 'bot_description' build argument 'catkin_cmake_args' from command line to 'None'
[4.732s] Level 5:colcon.colcon_core.verb:set package 'bot_description' build argument 'catkin_skip_building_tests' from command line to 'False'
[4.733s] DEBUG:colcon.colcon_core.verb:Building package 'bot_description' with the following arguments: {'ament_cmake_args': None, 'build_base': '/mnt/d/users/karti/documents/kartik_ws/build/bot_description', 'catkin_cmake_args': None, 'catkin_skip_building_tests': False, 'cmake_args': None, 'cmake_clean_cache': False, 'cmake_clean_first': False, 'cmake_force_configure': False, 'cmake_target': None, 'cmake_target_skip_unavailable': False, 'install_base': '/mnt/d/users/karti/documents/kartik_ws/install/bot_description', 'merge_install': False, 'path': '/mnt/d/users/karti/documents/kartik_ws/src/bot_description', 'symlink_install': False, 'test_result_base': None}
[4.737s] INFO:colcon.colcon_core.executor:Executing jobs using 'parallel' executor
[4.748s] DEBUG:colcon.colcon_parallel_executor.executor.parallel:run_until_complete
[4.751s] INFO:colcon.colcon_ros.task.ament_cmake.build:Building ROS package in '/mnt/d/users/karti/documents/kartik_ws/src/bot_description' with build type 'ament_cmake'
[4.753s] INFO:colcon.colcon_cmake.task.cmake.build:Building CMake package in '/mnt/d/users/karti/documents/kartik_ws/src/bot_description'
[4.782s] INFO:colcon.colcon_core.plugin_system:Skipping extension 'colcon_core.shell.bat': Not used on non-Windows systems
[4.785s] INFO:colcon.colcon_core.shell:Skip shell extension 'powershell' for command environment: Not usable outside of PowerShell
[4.786s] DEBUG:colcon.colcon_core.shell:Skip shell extension 'dsv' for command environment
[6.373s] DEBUG:colcon.colcon_core.event_handler.log_command:Invoking command in '/mnt/d/users/karti/documents/kartik_ws/build/bot_description': CMAKE_PREFIX_PATH=${CMAKE_PREFIX_PATH}:/opt/ros/rolling /usr/bin/cmake --build /mnt/d/users/karti/documents/kartik_ws/build/bot_description -- -j4 -l4
[6.876s] DEBUG:colcon.colcon_core.event_handler.log_command:Invoked command in '/mnt/d/users/karti/documents/kartik_ws/build/bot_description' returned '0': CMAKE_PREFIX_PATH=${CMAKE_PREFIX_PATH}:/opt/ros/rolling /usr/bin/cmake --build /mnt/d/users/karti/documents/kartik_ws/build/bot_description -- -j4 -l4
[7.156s] DEBUG:colcon.colcon_core.event_handler.log_command:Invoking command in '/mnt/d/users/karti/documents/kartik_ws/build/bot_description': CMAKE_PREFIX_PATH=${CMAKE_PREFIX_PATH}:/opt/ros/rolling /usr/bin/cmake --install /mnt/d/users/karti/documents/kartik_ws/build/bot_description
[12.328s] Level 1:colcon.colcon_core.environment:create_environment_scripts_only(bot_description)
[12.339s] DEBUG:colcon.colcon_core.event_handler.log_command:Invoked command in '/mnt/d/users/karti/documents/kartik_ws/build/bot_description' returned '0': CMAKE_PREFIX_PATH=${CMAKE_PREFIX_PATH}:/opt/ros/rolling /usr/bin/cmake --install /mnt/d/users/karti/documents/kartik_ws/build/bot_description
[12.348s] Level 1:colcon.colcon_core.environment:checking '/mnt/d/users/karti/documents/kartik_ws/install/bot_description' for CMake module files
[13.073s] Level 1:colcon.colcon_core.environment:checking '/mnt/d/users/karti/documents/kartik_ws/install/bot_description' for CMake config files
[13.464s] Level 1:colcon.colcon_core.shell:create_environment_hook('bot_description', 'cmake_prefix_path')
[13.469s] INFO:colcon.colcon_core.shell:Creating environment hook '/mnt/d/users/karti/documents/kartik_ws/install/bot_description/share/bot_description/hook/cmake_prefix_path.ps1'
[13.592s] INFO:colcon.colcon_core.shell:Creating environment descriptor '/mnt/d/users/karti/documents/kartik_ws/install/bot_description/share/bot_description/hook/cmake_prefix_path.dsv'
[13.702s] INFO:colcon.colcon_core.shell:Creating environment hook '/mnt/d/users/karti/documents/kartik_ws/install/bot_description/share/bot_description/hook/cmake_prefix_path.sh'
[13.860s] Level 1:colcon.colcon_core.environment:checking '/mnt/d/users/karti/documents/kartik_ws/install/bot_description/bin'
[13.870s] Level 1:colcon.colcon_core.environment:checking '/mnt/d/users/karti/documents/kartik_ws/install/bot_description/lib/pkgconfig/bot_description.pc'
[13.881s] Level 1:colcon.colcon_core.environment:checking '/mnt/d/users/karti/documents/kartik_ws/install/bot_description/lib/python3.10/site-packages'
[13.892s] Level 1:colcon.colcon_core.environment:checking '/mnt/d/users/karti/documents/kartik_ws/install/bot_description/bin'
[13.904s] INFO:colcon.colcon_core.shell:Creating package script '/mnt/d/users/karti/documents/kartik_ws/install/bot_description/share/bot_description/package.ps1'
[13.992s] INFO:colcon.colcon_core.shell:Creating package descriptor '/mnt/d/users/karti/documents/kartik_ws/install/bot_description/share/bot_description/package.dsv'
[14.083s] INFO:colcon.colcon_core.shell:Creating package script '/mnt/d/users/karti/documents/kartik_ws/install/bot_description/share/bot_description/package.sh'
[14.183s] INFO:colcon.colcon_core.shell:Creating package script '/mnt/d/users/karti/documents/kartik_ws/install/bot_description/share/bot_description/package.bash'
[14.280s] INFO:colcon.colcon_core.shell:Creating package script '/mnt/d/users/karti/documents/kartik_ws/install/bot_description/share/bot_description/package.zsh'
[14.376s] Level 1:colcon.colcon_core.environment:create_file_with_runtime_dependencies(/mnt/d/users/karti/documents/kartik_ws/install/bot_description/share/colcon-core/packages/bot_description)
[14.632s] Level 1:colcon.colcon_core.environment:create_environment_scripts_only(bot_description)
[14.643s] Level 1:colcon.colcon_core.environment:checking '/mnt/d/users/karti/documents/kartik_ws/install/bot_description' for CMake module files
[15.364s] Level 1:colcon.colcon_core.environment:checking '/mnt/d/users/karti/documents/kartik_ws/install/bot_description' for CMake config files
[15.738s] Level 1:colcon.colcon_core.shell:create_environment_hook('bot_description', 'cmake_prefix_path')
[15.744s] INFO:colcon.colcon_core.shell:Creating environment hook '/mnt/d/users/karti/documents/kartik_ws/install/bot_description/share/bot_description/hook/cmake_prefix_path.ps1'
[15.856s] INFO:colcon.colcon_core.shell:Creating environment descriptor '/mnt/d/users/karti/documents/kartik_ws/install/bot_description/share/bot_description/hook/cmake_prefix_path.dsv'
[15.965s] INFO:colcon.colcon_core.shell:Creating environment hook '/mnt/d/users/karti/documents/kartik_ws/install/bot_description/share/bot_description/hook/cmake_prefix_path.sh'
[16.106s] Level 1:colcon.colcon_core.environment:checking '/mnt/d/users/karti/documents/kartik_ws/install/bot_description/bin'
[16.115s] Level 1:colcon.colcon_core.environment:checking '/mnt/d/users/karti/documents/kartik_ws/install/bot_description/lib/pkgconfig/bot_description.pc'
[16.128s] Level 1:colcon.colcon_core.environment:checking '/mnt/d/users/karti/documents/kartik_ws/install/bot_description/lib/python3.10/site-packages'
[16.139s] Level 1:colcon.colcon_core.environment:checking '/mnt/d/users/karti/documents/kartik_ws/install/bot_description/bin'
[16.154s] INFO:colcon.colcon_core.shell:Creating package script '/mnt/d/users/karti/documents/kartik_ws/install/bot_description/share/bot_description/package.ps1'
[16.247s] INFO:colcon.colcon_core.shell:Creating package descriptor '/mnt/d/users/karti/documents/kartik_ws/install/bot_description/share/bot_description/package.dsv'
[16.341s] INFO:colcon.colcon_core.shell:Creating package script '/mnt/d/users/karti/documents/kartik_ws/install/bot_description/share/bot_description/package.sh'
[16.440s] INFO:colcon.colcon_core.shell:Creating package script '/mnt/d/users/karti/documents/kartik_ws/install/bot_description/share/bot_description/package.bash'
[16.534s] INFO:colcon.colcon_core.shell:Creating package script '/mnt/d/users/karti/documents/kartik_ws/install/bot_description/share/bot_description/package.zsh'
[16.629s] Level 1:colcon.colcon_core.environment:create_file_with_runtime_dependencies(/mnt/d/users/karti/documents/kartik_ws/install/bot_description/share/colcon-core/packages/bot_description)
[16.707s] DEBUG:colcon.colcon_parallel_executor.executor.parallel:closing loop
[16.712s] DEBUG:colcon.colcon_parallel_executor.executor.parallel:loop closed
[16.715s] DEBUG:colcon.colcon_parallel_executor.executor.parallel:run_until_complete finished with '0'
[16.718s] DEBUG:colcon.colcon_core.event_reactor:joining thread
[17.230s] INFO:colcon.colcon_core.plugin_system:Skipping extension 'colcon_notification.desktop_notification.notify_send': Could not find 'notify-send'
[17.232s] INFO:colcon.colcon_core.plugin_system:Skipping extension 'colcon_notification.desktop_notification.terminal_notifier': Not used on non-Darwin systems
[17.233s] INFO:colcon.colcon_core.plugin_system:Skipping extension 'colcon_notification.desktop_notification.win32': Not used on non-Windows systems
[17.234s] INFO:colcon.colcon_notification.desktop_notification:Sending desktop notification using 'notify2'
[17.249s] DEBUG:colcon.colcon_notification.desktop_notification.notify2:Failed to initialize notify2: org.freedesktop.DBus.Error.ServiceUnknown: The name org.freedesktop.Notifications was not provided by any .service files
[17.251s] DEBUG:colcon.colcon_core.event_reactor:joined thread
[17.256s] INFO:colcon.colcon_core.shell:Creating prefix script '/mnt/d/users/karti/documents/kartik_ws/install/local_setup.ps1'
[17.296s] INFO:colcon.colcon_core.shell:Creating prefix util module '/mnt/d/users/karti/documents/kartik_ws/install/_local_setup_util_ps1.py'
[17.352s] INFO:colcon.colcon_core.shell:Creating prefix chain script '/mnt/d/users/karti/documents/kartik_ws/install/setup.ps1'
[17.811s] INFO:colcon.colcon_core.shell:Creating prefix script '/mnt/d/users/karti/documents/kartik_ws/install/local_setup.sh'
[17.847s] INFO:colcon.colcon_core.shell:Creating prefix util module '/mnt/d/users/karti/documents/kartik_ws/install/_local_setup_util_sh.py'
[17.891s] INFO:colcon.colcon_core.shell:Creating prefix chain script '/mnt/d/users/karti/documents/kartik_ws/install/setup.sh'
[18.357s] INFO:colcon.colcon_core.shell:Creating prefix script '/mnt/d/users/karti/documents/kartik_ws/install/local_setup.bash'
[18.395s] INFO:colcon.colcon_core.shell:Creating prefix chain script '/mnt/d/users/karti/documents/kartik_ws/install/setup.bash'
[18.875s] INFO:colcon.colcon_core.shell:Creating prefix script '/mnt/d/users/karti/documents/kartik_ws/install/local_setup.zsh'
[18.911s] INFO:colcon.colcon_core.shell:Creating prefix chain script '/mnt/d/users/karti/documents/kartik_ws/install/setup.zsh'
