[0.792s] Invoking command in '/mnt/d/users/karti/documents/kartik_ws/build/bot_description': CMAKE_PREFIX_PATH=${CMAKE_PREFIX_PATH}:/opt/ros/rolling /usr/bin/cmake --build /mnt/d/users/karti/documents/kartik_ws/build/bot_description -- -j4 -l4
[1.132s] Invoked command in '/mnt/d/users/karti/documents/kartik_ws/build/bot_description' returned '0': CMAKE_PREFIX_PATH=${CMAKE_PREFIX_PATH}:/opt/ros/rolling /usr/bin/cmake --build /mnt/d/users/karti/documents/kartik_ws/build/bot_description -- -j4 -l4
[1.303s] Invoking command in '/mnt/d/users/karti/documents/kartik_ws/build/bot_description': CMAKE_PREFIX_PATH=${CMAKE_PREFIX_PATH}:/opt/ros/rolling /usr/bin/cmake --install /mnt/d/users/karti/documents/kartik_ws/build/bot_description
[1.331s] -- Install configuration: ""
[1.450s] -- Up-to-date: /mnt/d/users/karti/documents/kartik_ws/install/bot_description/share/ament_index/resource_index/package_run_dependencies/bot_description
[1.581s] -- Up-to-date: /mnt/d/users/karti/documents/kartik_ws/install/bot_description/share/ament_index/resource_index/parent_prefix_path/bot_description
[1.656s] -- Up-to-date: /mnt/d/users/karti/documents/kartik_ws/install/bot_description/share/bot_description/environment/ament_prefix_path.sh
[1.762s] -- Up-to-date: /mnt/d/users/karti/documents/kartik_ws/install/bot_description/share/bot_description/environment/ament_prefix_path.dsv
[1.825s] -- Up-to-date: /mnt/d/users/karti/documents/kartik_ws/install/bot_description/share/bot_description/environment/path.sh
[1.921s] -- Up-to-date: /mnt/d/users/karti/documents/kartik_ws/install/bot_description/share/bot_description/environment/path.dsv
[2.005s] -- Up-to-date: /mnt/d/users/karti/documents/kartik_ws/install/bot_description/share/bot_description/local_setup.bash
[2.083s] -- Up-to-date: /mnt/d/users/karti/documents/kartik_ws/install/bot_description/share/bot_description/local_setup.sh
[2.163s] -- Up-to-date: /mnt/d/users/karti/documents/kartik_ws/install/bot_description/share/bot_description/local_setup.zsh
[2.241s] -- Up-to-date: /mnt/d/users/karti/documents/kartik_ws/install/bot_description/share/bot_description/local_setup.dsv
[2.333s] -- Installing: /mnt/d/users/karti/documents/kartik_ws/install/bot_description/share/bot_description/package.dsv
[2.631s] -- Up-to-date: /mnt/d/users/karti/documents/kartik_ws/install/bot_description/share/ament_index/resource_index/packages/bot_description
[2.711s] -- Up-to-date: /mnt/d/users/karti/documents/kartik_ws/install/bot_description/share/bot_description/cmake/bot_descriptionConfig.cmake
[2.779s] -- Up-to-date: /mnt/d/users/karti/documents/kartik_ws/install/bot_description/share/bot_description/cmake/bot_descriptionConfig-version.cmake
[2.874s] -- Up-to-date: /mnt/d/users/karti/documents/kartik_ws/install/bot_description/share/bot_description/package.xml
[2.939s] -- Up-to-date: /mnt/d/users/karti/documents/kartik_ws/install/bot_description/share/bot_description/launch
[3.056s] -- Up-to-date: /mnt/d/users/karti/documents/kartik_ws/install/bot_description/share/bot_description/launch/control.launch.py
[3.132s] -- Up-to-date: /mnt/d/users/karti/documents/kartik_ws/install/bot_description/share/bot_description/launch/rviz.launch.py
[3.220s] -- Up-to-date: /mnt/d/users/karti/documents/kartik_ws/install/bot_description/share/bot_description/launch/spawn.launch.py
[3.290s] -- Up-to-date: /mnt/d/users/karti/documents/kartik_ws/install/bot_description/share/bot_description/rviz
[3.407s] -- Up-to-date: /mnt/d/users/karti/documents/kartik_ws/install/bot_description/share/bot_description/rviz/rviz_basic_settings.rviz
[3.491s] -- Up-to-date: /mnt/d/users/karti/documents/kartik_ws/install/bot_description/share/bot_description/src
[3.581s] -- Up-to-date: /mnt/d/users/karti/documents/kartik_ws/install/bot_description/share/bot_description/urdf
[3.687s] -- Installing: /mnt/d/users/karti/documents/kartik_ws/install/bot_description/share/bot_description/urdf/bot_urdf.urdf
[3.974s] -- Up-to-date: /mnt/d/users/karti/documents/kartik_ws/install/bot_description/share/bot_description/worlds
[4.064s] Invoked command in '/mnt/d/users/karti/documents/kartik_ws/build/bot_description' returned '0': CMAKE_PREFIX_PATH=${CMAKE_PREFIX_PATH}:/opt/ros/rolling /usr/bin/cmake --install /mnt/d/users/karti/documents/kartik_ws/build/bot_description
