[15.567s] Invoking command in '/mnt/d/users/karti/documents/kartik_ws/src/bot_control': PYTHONPATH=/mnt/d/users/karti/documents/kartik_ws/build/bot_control/prefix_override:/mnt/d/users/karti/documents/kartik_ws/install/bot_control/lib/python3.10/site-packages:${PYTHONPATH} /usr/bin/python3 setup.py egg_info --egg-base ../../build/bot_control build --build-base /mnt/d/users/karti/documents/kartik_ws/build/bot_control/build install --record /mnt/d/users/karti/documents/kartik_ws/build/bot_control/install.log --single-version-externally-managed
[20.931s] running egg_info
[20.985s] writing ../../build/bot_control/bot_control.egg-info/PKG-INFO
[21.044s] writing dependency_links to ../../build/bot_control/bot_control.egg-info/dependency_links.txt
[21.101s] writing entry points to ../../build/bot_control/bot_control.egg-info/entry_points.txt
[21.137s] writing requirements to ../../build/bot_control/bot_control.egg-info/requires.txt
[21.170s] writing top-level names to ../../build/bot_control/bot_control.egg-info/top_level.txt
[21.441s] reading manifest file '../../build/bot_control/bot_control.egg-info/SOURCES.txt'
[22.024s] writing manifest file '../../build/bot_control/bot_control.egg-info/SOURCES.txt'
[22.055s] running build
[22.072s] running build_py
[22.188s] copying bot_control/laser_scan_publisher.py -> /mnt/d/users/karti/documents/kartik_ws/build/bot_control/build/lib/bot_control
[22.483s] running install
[22.491s] /usr/lib/python3/dist-packages/setuptools/command/install.py:34: SetuptoolsDeprecationWarning: setup.py install is deprecated. Use build and pip and other standards-based tools.
[22.499s]   warnings.warn(
[22.508s] running install_lib
[22.819s] copying /mnt/d/users/karti/documents/kartik_ws/build/bot_control/build/lib/bot_control/laser_scan_publisher.py -> /mnt/d/users/karti/documents/kartik_ws/install/bot_control/lib/python3.10/site-packages/bot_control
[23.426s] byte-compiling /mnt/d/users/karti/documents/kartik_ws/install/bot_control/lib/python3.10/site-packages/bot_control/laser_scan_publisher.py to laser_scan_publisher.cpython-310.pyc
[23.854s] running install_data
[24.064s] running install_egg_info
[24.160s] removing '/mnt/d/users/karti/documents/kartik_ws/install/bot_control/lib/python3.10/site-packages/bot_control-0.0.0-py3.10.egg-info' (and everything under it)
[24.649s] Copying ../../build/bot_control/bot_control.egg-info to /mnt/d/users/karti/documents/kartik_ws/install/bot_control/lib/python3.10/site-packages/bot_control-0.0.0-py3.10.egg-info
[26.634s] running install_scripts
[27.118s] Installing listener script to /mnt/d/users/karti/documents/kartik_ws/install/bot_control/lib/bot_control
[27.211s] Installing talker script to /mnt/d/users/karti/documents/kartik_ws/install/bot_control/lib/bot_control
[27.320s] writing list of installed files to '/mnt/d/users/karti/documents/kartik_ws/build/bot_control/install.log'
[27.452s] Invoked command in '/mnt/d/users/karti/documents/kartik_ws/src/bot_control' returned '0': PYTHONPATH=/mnt/d/users/karti/documents/kartik_ws/build/bot_control/prefix_override:/mnt/d/users/karti/documents/kartik_ws/install/bot_control/lib/python3.10/site-packages:${PYTHONPATH} /usr/bin/python3 setup.py egg_info --egg-base ../../build/bot_control build --build-base /mnt/d/users/karti/documents/kartik_ws/build/bot_control/build install --record /mnt/d/users/karti/documents/kartik_ws/build/bot_control/install.log --single-version-externally-managed
