[4.056s] Invoking command in '/mnt/d/users/karti/documents/kartik_ws/build/bot_world': CMAKE_PREFIX_PATH=${CMAKE_PREFIX_PATH}:/mnt/d/users/karti/documents/kartik_ws/install/bot_control:/opt/ros/rolling /usr/bin/cmake /mnt/d/users/karti/documents/kartik_ws/src/bot_world -DCMAKE_INSTALL_PREFIX=/mnt/d/users/karti/documents/kartik_ws/install/bot_world
[6.884s] -- The C compiler identification is GNU 11.3.0
[11.145s] -- The CXX compiler identification is GNU 11.3.0
[13.684s] -- Detecting C compiler ABI info
[16.953s] -- Detecting C compiler ABI info - done
[17.089s] -- Check for working C compiler: /usr/bin/cc - skipped
[17.100s] -- Detecting C compile features
[17.104s] -- Detecting C compile features - done
[17.423s] -- Detecting CXX compiler ABI info
[20.597s] -- Detecting CXX compiler ABI info - done
[20.697s] -- Check for working CXX compiler: /usr/bin/c++ - skipped
[20.703s] -- Detecting CXX compile features
[20.708s] -- Detecting CXX compile features - done
[22.273s] -- Found ament_cmake: 1.5.2 (/opt/ros/rolling/share/ament_cmake/cmake)
[29.392s] -- Found Python3: /usr/bin/python3.10 (found version "3.10.6") found components: Interpreter 
[45.617s] -- Found ament_lint_auto: 0.13.2 (/opt/ros/rolling/share/ament_lint_auto/cmake)
[57.097s] -- Added test 'flake8' to check Python code syntax and style conventions
[57.838s] -- Added test 'lint_cmake' to check CMake code style
[58.381s] -- Added test 'pep257' to check Python code against some of the docstring style conventions in PEP 257
[60.978s] -- Added test 'xmllint' to check XML markup files
[62.029s] -- Configuring done
[63.086s] -- Generating done
[63.336s] -- Build files have been written to: /mnt/d/users/karti/documents/kartik_ws/build/bot_world
[63.351s] Invoked command in '/mnt/d/users/karti/documents/kartik_ws/build/bot_world' returned '0': CMAKE_PREFIX_PATH=${CMAKE_PREFIX_PATH}:/mnt/d/users/karti/documents/kartik_ws/install/bot_control:/opt/ros/rolling /usr/bin/cmake /mnt/d/users/karti/documents/kartik_ws/src/bot_world -DCMAKE_INSTALL_PREFIX=/mnt/d/users/karti/documents/kartik_ws/install/bot_world
[63.406s] Invoking command in '/mnt/d/users/karti/documents/kartik_ws/build/bot_world': CMAKE_PREFIX_PATH=${CMAKE_PREFIX_PATH}:/mnt/d/users/karti/documents/kartik_ws/install/bot_control:/opt/ros/rolling /usr/bin/cmake --build /mnt/d/users/karti/documents/kartik_ws/build/bot_world -- -j4 -l4
[63.750s] Invoked command in '/mnt/d/users/karti/documents/kartik_ws/build/bot_world' returned '0': CMAKE_PREFIX_PATH=${CMAKE_PREFIX_PATH}:/mnt/d/users/karti/documents/kartik_ws/install/bot_control:/opt/ros/rolling /usr/bin/cmake --build /mnt/d/users/karti/documents/kartik_ws/build/bot_world -- -j4 -l4
[63.879s] Invoking command in '/mnt/d/users/karti/documents/kartik_ws/build/bot_world': CMAKE_PREFIX_PATH=${CMAKE_PREFIX_PATH}:/mnt/d/users/karti/documents/kartik_ws/install/bot_control:/opt/ros/rolling /usr/bin/cmake --install /mnt/d/users/karti/documents/kartik_ws/build/bot_world
[63.903s] -- Install configuration: ""
[64.055s] -- Installing: /mnt/d/users/karti/documents/kartik_ws/install/bot_world/share/ament_index/resource_index/package_run_dependencies/bot_world
[64.532s] -- Installing: /mnt/d/users/karti/documents/kartik_ws/install/bot_world/share/ament_index/resource_index/parent_prefix_path/bot_world
[65.012s] -- Installing: /mnt/d/users/karti/documents/kartik_ws/install/bot_world/share/bot_world/environment/ament_prefix_path.sh
[65.260s] -- Installing: /mnt/d/users/karti/documents/kartik_ws/install/bot_world/share/bot_world/environment/ament_prefix_path.dsv
[65.518s] -- Installing: /mnt/d/users/karti/documents/kartik_ws/install/bot_world/share/bot_world/environment/path.sh
[65.763s] -- Installing: /mnt/d/users/karti/documents/kartik_ws/install/bot_world/share/bot_world/environment/path.dsv
[66.034s] -- Installing: /mnt/d/users/karti/documents/kartik_ws/install/bot_world/share/bot_world/local_setup.bash
[66.279s] -- Installing: /mnt/d/users/karti/documents/kartik_ws/install/bot_world/share/bot_world/local_setup.sh
[66.514s] -- Installing: /mnt/d/users/karti/documents/kartik_ws/install/bot_world/share/bot_world/local_setup.zsh
[66.774s] -- Installing: /mnt/d/users/karti/documents/kartik_ws/install/bot_world/share/bot_world/local_setup.dsv
[67.041s] -- Installing: /mnt/d/users/karti/documents/kartik_ws/install/bot_world/share/bot_world/package.dsv
[67.391s] -- Installing: /mnt/d/users/karti/documents/kartik_ws/install/bot_world/share/ament_index/resource_index/packages/bot_world
[67.795s] -- Installing: /mnt/d/users/karti/documents/kartik_ws/install/bot_world/share/bot_world/cmake/bot_worldConfig.cmake
[68.028s] -- Installing: /mnt/d/users/karti/documents/kartik_ws/install/bot_world/share/bot_world/cmake/bot_worldConfig-version.cmake
[68.288s] -- Installing: /mnt/d/users/karti/documents/kartik_ws/install/bot_world/share/bot_world/package.xml
[68.475s] Invoked command in '/mnt/d/users/karti/documents/kartik_ws/build/bot_world' returned '0': CMAKE_PREFIX_PATH=${CMAKE_PREFIX_PATH}:/mnt/d/users/karti/documents/kartik_ws/install/bot_control:/opt/ros/rolling /usr/bin/cmake --install /mnt/d/users/karti/documents/kartik_ws/build/bot_world
