[10.808s] Invoking command in '/mnt/d/users/karti/documents/kartik_ws/src/bot_control': PYTHONPATH=/mnt/d/users/karti/documents/kartik_ws/build/bot_control/prefix_override:/mnt/d/users/karti/documents/kartik_ws/install/bot_control/lib/python3.10/site-packages:${PYTHONPATH} /usr/bin/python3 setup.py egg_info --egg-base ../../build/bot_control build --build-base /mnt/d/users/karti/documents/kartik_ws/build/bot_control/build install --record /mnt/d/users/karti/documents/kartik_ws/build/bot_control/install.log --single-version-externally-managed
[14.574s] running egg_info
[14.605s] writing ../../build/bot_control/bot_control.egg-info/PKG-INFO
[14.647s] writing dependency_links to ../../build/bot_control/bot_control.egg-info/dependency_links.txt
[14.689s] writing entry points to ../../build/bot_control/bot_control.egg-info/entry_points.txt
[14.721s] writing requirements to ../../build/bot_control/bot_control.egg-info/requires.txt
[14.739s] writing top-level names to ../../build/bot_control/bot_control.egg-info/top_level.txt
[14.934s] reading manifest file '../../build/bot_control/bot_control.egg-info/SOURCES.txt'
[15.314s] writing manifest file '../../build/bot_control/bot_control.egg-info/SOURCES.txt'
[15.336s] running build
[15.341s] running build_py
[15.431s] copying bot_control/laser_scan_publisher.py -> /mnt/d/users/karti/documents/kartik_ws/build/bot_control/build/lib/bot_control
[15.650s] running install
[15.656s] /usr/lib/python3/dist-packages/setuptools/command/install.py:34: SetuptoolsDeprecationWarning: setup.py install is deprecated. Use build and pip and other standards-based tools.
[15.661s]   warnings.warn(
[15.665s] running install_lib
[15.912s] copying /mnt/d/users/karti/documents/kartik_ws/build/bot_control/build/lib/bot_control/laser_scan_publisher.py -> /mnt/d/users/karti/documents/kartik_ws/install/bot_control/lib/python3.10/site-packages/bot_control
[16.294s] byte-compiling /mnt/d/users/karti/documents/kartik_ws/install/bot_control/lib/python3.10/site-packages/bot_control/laser_scan_publisher.py to laser_scan_publisher.cpython-310.pyc
[16.610s] running install_data
[16.791s] running install_egg_info
[16.858s] removing '/mnt/d/users/karti/documents/kartik_ws/install/bot_control/lib/python3.10/site-packages/bot_control-0.0.0-py3.10.egg-info' (and everything under it)
[17.243s] Copying ../../build/bot_control/bot_control.egg-info to /mnt/d/users/karti/documents/kartik_ws/install/bot_control/lib/python3.10/site-packages/bot_control-0.0.0-py3.10.egg-info
[18.707s] running install_scripts
[19.106s] Installing listener script to /mnt/d/users/karti/documents/kartik_ws/install/bot_control/lib/bot_control
[19.169s] Installing talker script to /mnt/d/users/karti/documents/kartik_ws/install/bot_control/lib/bot_control
[19.252s] writing list of installed files to '/mnt/d/users/karti/documents/kartik_ws/build/bot_control/install.log'
[19.331s] Invoked command in '/mnt/d/users/karti/documents/kartik_ws/src/bot_control' returned '0': PYTHONPATH=/mnt/d/users/karti/documents/kartik_ws/build/bot_control/prefix_override:/mnt/d/users/karti/documents/kartik_ws/install/bot_control/lib/python3.10/site-packages:${PYTHONPATH} /usr/bin/python3 setup.py egg_info --egg-base ../../build/bot_control build --build-base /mnt/d/users/karti/documents/kartik_ws/build/bot_control/build install --record /mnt/d/users/karti/documents/kartik_ws/build/bot_control/install.log --single-version-externally-managed
