[1.583s] DEBUG:colcon:Command line arguments: ['/usr/bin/colcon', 'build']
[1.584s] DEBUG:colcon:Parsed command line arguments: Namespace(log_base=None, log_level=None, verb_name='build', build_base='build', install_base='install', merge_install=False, symlink_install=False, test_result_base=None, continue_on_error=False, executor='parallel', parallel_workers=4, event_handlers=None, ignore_user_meta=False, metas=['./colcon.meta'], base_paths=['.'], packages_ignore=None, packages_ignore_regex=None, paths=None, packages_up_to=None, packages_up_to_regex=None, packages_above=None, packages_above_and_dependencies=None, packages_above_depth=None, packages_select_by_dep=None, packages_skip_by_dep=None, packages_skip_up_to=None, packages_select_build_failed=False, packages_skip_build_finished=False, packages_select_test_failures=False, packages_skip_test_passed=False, packages_select=None, packages_skip=None, packages_select_regex=None, packages_skip_regex=None, packages_start=None, packages_end=None, allow_overriding=[], cmake_args=None, cmake_target=None, cmake_target_skip_unavailable=False, cmake_clean_cache=False, cmake_clean_first=False, cmake_force_configure=False, ament_cmake_args=None, catkin_cmake_args=None, catkin_skip_building_tests=False, verb_parser=<colcon_defaults.argument_parser.defaults.DefaultArgumentsDecorator object at 0x7f3b6d8ffeb0>, verb_extension=<colcon_core.verb.build.BuildVerb object at 0x7f3b6e09a9b0>, main=<bound method BuildVerb.main of <colcon_core.verb.build.BuildVerb object at 0x7f3b6e09a9b0>>)
[1.725s] Level 1:colcon.colcon_core.package_discovery:discover_packages(colcon_meta) check parameters
[1.727s] Level 1:colcon.colcon_core.package_discovery:discover_packages(recursive) check parameters
[1.728s] Level 1:colcon.colcon_core.package_discovery:discover_packages(ignore) check parameters
[1.729s] Level 1:colcon.colcon_core.package_discovery:discover_packages(path) check parameters
[1.730s] Level 1:colcon.colcon_core.package_discovery:discover_packages(colcon_meta) discover
[1.731s] Level 1:colcon.colcon_core.package_discovery:discover_packages(recursive) discover
[1.732s] INFO:colcon.colcon_core.package_discovery:Crawling recursively for packages in '/mnt/d/users/karti/documents/kartik_ws'
[1.740s] Level 1:colcon.colcon_core.package_identification:_identify(.) by extensions ['ignore', 'ignore_ament_install']
[1.741s] Level 1:colcon.colcon_core.package_identification:_identify(.) by extension 'ignore'
[1.743s] Level 1:colcon.colcon_core.package_identification:_identify(.) by extension 'ignore_ament_install'
[1.745s] Level 1:colcon.colcon_core.package_identification:_identify(.) by extensions ['colcon_pkg']
[1.746s] Level 1:colcon.colcon_core.package_identification:_identify(.) by extension 'colcon_pkg'
[1.748s] Level 1:colcon.colcon_core.package_identification:_identify(.) by extensions ['colcon_meta']
[1.749s] Level 1:colcon.colcon_core.package_identification:_identify(.) by extension 'colcon_meta'
[1.750s] Level 1:colcon.colcon_core.package_identification:_identify(.) by extensions ['ros']
[1.751s] Level 1:colcon.colcon_core.package_identification:_identify(.) by extension 'ros'
[1.797s] Level 1:colcon.colcon_core.package_identification:_identify(.) by extensions ['cmake', 'python']
[1.798s] Level 1:colcon.colcon_core.package_identification:_identify(.) by extension 'cmake'
[1.800s] Level 1:colcon.colcon_core.package_identification:_identify(.) by extension 'python'
[1.801s] Level 1:colcon.colcon_core.package_identification:_identify(.) by extensions ['python_setup_py']
[1.802s] Level 1:colcon.colcon_core.package_identification:_identify(.) by extension 'python_setup_py'
[1.813s] Level 1:colcon.colcon_core.package_identification:_identify(build) by extensions ['ignore', 'ignore_ament_install']
[1.814s] Level 1:colcon.colcon_core.package_identification:_identify(build) by extension 'ignore'
[1.818s] Level 1:colcon.colcon_core.package_identification:_identify(build) ignored
[1.828s] Level 1:colcon.colcon_core.package_identification:_identify(install) by extensions ['ignore', 'ignore_ament_install']
[1.830s] Level 1:colcon.colcon_core.package_identification:_identify(install) by extension 'ignore'
[1.835s] Level 1:colcon.colcon_core.package_identification:_identify(install) ignored
[1.853s] Level 1:colcon.colcon_core.package_identification:_identify(log) by extensions ['ignore', 'ignore_ament_install']
[1.854s] Level 1:colcon.colcon_core.package_identification:_identify(log) by extension 'ignore'
[1.858s] Level 1:colcon.colcon_core.package_identification:_identify(log) ignored
[1.868s] Level 1:colcon.colcon_core.package_identification:_identify(src) by extensions ['ignore', 'ignore_ament_install']
[1.869s] Level 1:colcon.colcon_core.package_identification:_identify(src) by extension 'ignore'
[1.872s] Level 1:colcon.colcon_core.package_identification:_identify(src) by extension 'ignore_ament_install'
[1.877s] Level 1:colcon.colcon_core.package_identification:_identify(src) by extensions ['colcon_pkg']
[1.878s] Level 1:colcon.colcon_core.package_identification:_identify(src) by extension 'colcon_pkg'
[1.882s] Level 1:colcon.colcon_core.package_identification:_identify(src) by extensions ['colcon_meta']
[1.883s] Level 1:colcon.colcon_core.package_identification:_identify(src) by extension 'colcon_meta'
[1.886s] Level 1:colcon.colcon_core.package_identification:_identify(src) by extensions ['ros']
[1.886s] Level 1:colcon.colcon_core.package_identification:_identify(src) by extension 'ros'
[1.898s] Level 1:colcon.colcon_core.package_identification:_identify(src) by extensions ['cmake', 'python']
[1.899s] Level 1:colcon.colcon_core.package_identification:_identify(src) by extension 'cmake'
[1.903s] Level 1:colcon.colcon_core.package_identification:_identify(src) by extension 'python'
[1.905s] Level 1:colcon.colcon_core.package_identification:_identify(src) by extensions ['python_setup_py']
[1.906s] Level 1:colcon.colcon_core.package_identification:_identify(src) by extension 'python_setup_py'
[1.923s] Level 1:colcon.colcon_core.package_identification:_identify(src/bot_control) by extensions ['ignore', 'ignore_ament_install']
[1.924s] Level 1:colcon.colcon_core.package_identification:_identify(src/bot_control) by extension 'ignore'
[1.928s] Level 1:colcon.colcon_core.package_identification:_identify(src/bot_control) by extension 'ignore_ament_install'
[1.938s] Level 1:colcon.colcon_core.package_identification:_identify(src/bot_control) by extensions ['colcon_pkg']
[1.939s] Level 1:colcon.colcon_core.package_identification:_identify(src/bot_control) by extension 'colcon_pkg'
[1.946s] Level 1:colcon.colcon_core.package_identification:_identify(src/bot_control) by extensions ['colcon_meta']
[1.947s] Level 1:colcon.colcon_core.package_identification:_identify(src/bot_control) by extension 'colcon_meta'
[1.956s] Level 1:colcon.colcon_core.package_identification:_identify(src/bot_control) by extensions ['ros']
[1.957s] Level 1:colcon.colcon_core.package_identification:_identify(src/bot_control) by extension 'ros'
[2.050s] DEBUG:colcon.colcon_core.package_identification:Package 'src/bot_control' with type 'ros.ament_cmake' and name 'bot_control'
[2.076s] Level 1:colcon.colcon_core.package_identification:_identify(src/bot_description) by extensions ['ignore', 'ignore_ament_install']
[2.077s] Level 1:colcon.colcon_core.package_identification:_identify(src/bot_description) by extension 'ignore'
[2.082s] Level 1:colcon.colcon_core.package_identification:_identify(src/bot_description) by extension 'ignore_ament_install'
[2.098s] Level 1:colcon.colcon_core.package_identification:_identify(src/bot_description) by extensions ['colcon_pkg']
[2.099s] Level 1:colcon.colcon_core.package_identification:_identify(src/bot_description) by extension 'colcon_pkg'
[2.114s] Level 1:colcon.colcon_core.package_identification:_identify(src/bot_description) by extensions ['colcon_meta']
[2.118s] Level 1:colcon.colcon_core.package_identification:_identify(src/bot_description) by extension 'colcon_meta'
[2.134s] Level 1:colcon.colcon_core.package_identification:_identify(src/bot_description) by extensions ['ros']
[2.136s] Level 1:colcon.colcon_core.package_identification:_identify(src/bot_description) by extension 'ros'
[2.198s] DEBUG:colcon.colcon_core.package_identification:Package 'src/bot_description' with type 'ros.ament_cmake' and name 'bot_description'
[2.200s] Level 1:colcon.colcon_core.package_discovery:discover_packages(recursive) using defaults
[2.201s] Level 1:colcon.colcon_core.package_discovery:discover_packages(ignore) discover
[2.201s] Level 1:colcon.colcon_core.package_discovery:discover_packages(ignore) using defaults
[2.202s] Level 1:colcon.colcon_core.package_discovery:discover_packages(path) discover
[2.203s] Level 1:colcon.colcon_core.package_discovery:discover_packages(path) using defaults
[2.290s] Level 1:colcon.colcon_core.package_discovery:discover_packages(prefix_path) check parameters
[2.291s] Level 1:colcon.colcon_core.package_discovery:discover_packages(prefix_path) discover
[2.630s] DEBUG:colcon.colcon_installed_package_information.package_discovery:Found 2 installed packages in /mnt/d/users/karti/documents/kartik_ws/install
[2.872s] DEBUG:colcon.colcon_installed_package_information.package_discovery:Found 3 installed packages in /mnt/d/users/karti/Documents/ROS_Projects/install
[2.877s] DEBUG:colcon.colcon_installed_package_information.package_discovery:Found 286 installed packages in /opt/ros/rolling
[2.881s] Level 1:colcon.colcon_core.package_discovery:discover_packages(prefix_path) using defaults
[3.318s] Level 5:colcon.colcon_core.verb:set package 'bot_control' build argument 'cmake_args' from command line to 'None'
[3.318s] Level 5:colcon.colcon_core.verb:set package 'bot_control' build argument 'cmake_target' from command line to 'None'
[3.319s] Level 5:colcon.colcon_core.verb:set package 'bot_control' build argument 'cmake_target_skip_unavailable' from command line to 'False'
[3.320s] Level 5:colcon.colcon_core.verb:set package 'bot_control' build argument 'cmake_clean_cache' from command line to 'False'
[3.321s] Level 5:colcon.colcon_core.verb:set package 'bot_control' build argument 'cmake_clean_first' from command line to 'False'
[3.321s] Level 5:colcon.colcon_core.verb:set package 'bot_control' build argument 'cmake_force_configure' from command line to 'False'
[3.322s] Level 5:colcon.colcon_core.verb:set package 'bot_control' build argument 'ament_cmake_args' from command line to 'None'
[3.323s] Level 5:colcon.colcon_core.verb:set package 'bot_control' build argument 'catkin_cmake_args' from command line to 'None'
[3.324s] Level 5:colcon.colcon_core.verb:set package 'bot_control' build argument 'catkin_skip_building_tests' from command line to 'False'
[3.325s] DEBUG:colcon.colcon_core.verb:Building package 'bot_control' with the following arguments: {'ament_cmake_args': None, 'build_base': '/mnt/d/users/karti/documents/kartik_ws/build/bot_control', 'catkin_cmake_args': None, 'catkin_skip_building_tests': False, 'cmake_args': None, 'cmake_clean_cache': False, 'cmake_clean_first': False, 'cmake_force_configure': False, 'cmake_target': None, 'cmake_target_skip_unavailable': False, 'install_base': '/mnt/d/users/karti/documents/kartik_ws/install/bot_control', 'merge_install': False, 'path': '/mnt/d/users/karti/documents/kartik_ws/src/bot_control', 'symlink_install': False, 'test_result_base': None}
[3.328s] Level 5:colcon.colcon_core.verb:set package 'bot_description' build argument 'cmake_args' from command line to 'None'
[3.329s] Level 5:colcon.colcon_core.verb:set package 'bot_description' build argument 'cmake_target' from command line to 'None'
[3.330s] Level 5:colcon.colcon_core.verb:set package 'bot_description' build argument 'cmake_target_skip_unavailable' from command line to 'False'
[3.331s] Level 5:colcon.colcon_core.verb:set package 'bot_description' build argument 'cmake_clean_cache' from command line to 'False'
[3.331s] Level 5:colcon.colcon_core.verb:set package 'bot_description' build argument 'cmake_clean_first' from command line to 'False'
[3.332s] Level 5:colcon.colcon_core.verb:set package 'bot_description' build argument 'cmake_force_configure' from command line to 'False'
[3.333s] Level 5:colcon.colcon_core.verb:set package 'bot_description' build argument 'ament_cmake_args' from command line to 'None'
[3.334s] Level 5:colcon.colcon_core.verb:set package 'bot_description' build argument 'catkin_cmake_args' from command line to 'None'
[3.335s] Level 5:colcon.colcon_core.verb:set package 'bot_description' build argument 'catkin_skip_building_tests' from command line to 'False'
[3.336s] DEBUG:colcon.colcon_core.verb:Building package 'bot_description' with the following arguments: {'ament_cmake_args': None, 'build_base': '/mnt/d/users/karti/documents/kartik_ws/build/bot_description', 'catkin_cmake_args': None, 'catkin_skip_building_tests': False, 'cmake_args': None, 'cmake_clean_cache': False, 'cmake_clean_first': False, 'cmake_force_configure': False, 'cmake_target': None, 'cmake_target_skip_unavailable': False, 'install_base': '/mnt/d/users/karti/documents/kartik_ws/install/bot_description', 'merge_install': False, 'path': '/mnt/d/users/karti/documents/kartik_ws/src/bot_description', 'symlink_install': False, 'test_result_base': None}
[3.339s] INFO:colcon.colcon_core.executor:Executing jobs using 'parallel' executor
[3.346s] DEBUG:colcon.colcon_parallel_executor.executor.parallel:run_until_complete
[3.348s] INFO:colcon.colcon_ros.task.ament_cmake.build:Building ROS package in '/mnt/d/users/karti/documents/kartik_ws/src/bot_control' with build type 'ament_cmake'
[3.349s] INFO:colcon.colcon_cmake.task.cmake.build:Building CMake package in '/mnt/d/users/karti/documents/kartik_ws/src/bot_control'
[3.366s] INFO:colcon.colcon_core.plugin_system:Skipping extension 'colcon_core.shell.bat': Not used on non-Windows systems
[3.367s] INFO:colcon.colcon_core.shell:Skip shell extension 'powershell' for command environment: Not usable outside of PowerShell
[3.368s] DEBUG:colcon.colcon_core.shell:Skip shell extension 'dsv' for command environment
[3.991s] INFO:colcon.colcon_ros.task.ament_cmake.build:Building ROS package in '/mnt/d/users/karti/documents/kartik_ws/src/bot_description' with build type 'ament_cmake'
[3.992s] INFO:colcon.colcon_cmake.task.cmake.build:Building CMake package in '/mnt/d/users/karti/documents/kartik_ws/src/bot_description'
[3.998s] INFO:colcon.colcon_core.shell:Skip shell extension 'powershell' for command environment: Not usable outside of PowerShell
[3.999s] DEBUG:colcon.colcon_core.shell:Skip shell extension 'dsv' for command environment
[4.704s] DEBUG:colcon.colcon_core.event_handler.log_command:Invoking command in '/mnt/d/users/karti/documents/kartik_ws/build/bot_control': CMAKE_PREFIX_PATH=${CMAKE_PREFIX_PATH}:/opt/ros/rolling /usr/bin/cmake /mnt/d/users/karti/documents/kartik_ws/src/bot_control -DCMAKE_INSTALL_PREFIX=/mnt/d/users/karti/documents/kartik_ws/install/bot_control
[4.904s] DEBUG:colcon.colcon_core.event_handler.log_command:Invoking command in '/mnt/d/users/karti/documents/kartik_ws/build/bot_description': CMAKE_PREFIX_PATH=${CMAKE_PREFIX_PATH}:/opt/ros/rolling /usr/bin/cmake --build /mnt/d/users/karti/documents/kartik_ws/build/bot_description -- -j4 -l4
[5.392s] DEBUG:colcon.colcon_core.event_handler.log_command:Invoked command in '/mnt/d/users/karti/documents/kartik_ws/build/bot_description' returned '0': CMAKE_PREFIX_PATH=${CMAKE_PREFIX_PATH}:/opt/ros/rolling /usr/bin/cmake --build /mnt/d/users/karti/documents/kartik_ws/build/bot_description -- -j4 -l4
[5.564s] DEBUG:colcon.colcon_core.event_handler.log_command:Invoking command in '/mnt/d/users/karti/documents/kartik_ws/build/bot_description': CMAKE_PREFIX_PATH=${CMAKE_PREFIX_PATH}:/opt/ros/rolling /usr/bin/cmake --install /mnt/d/users/karti/documents/kartik_ws/build/bot_description
[9.475s] Level 1:colcon.colcon_core.environment:create_environment_scripts_only(bot_description)
[9.484s] DEBUG:colcon.colcon_core.event_handler.log_command:Invoked command in '/mnt/d/users/karti/documents/kartik_ws/build/bot_description' returned '0': CMAKE_PREFIX_PATH=${CMAKE_PREFIX_PATH}:/opt/ros/rolling /usr/bin/cmake --install /mnt/d/users/karti/documents/kartik_ws/build/bot_description
[9.501s] Level 1:colcon.colcon_core.environment:checking '/mnt/d/users/karti/documents/kartik_ws/install/bot_description' for CMake module files
[10.054s] Level 1:colcon.colcon_core.environment:checking '/mnt/d/users/karti/documents/kartik_ws/install/bot_description' for CMake config files
[10.328s] Level 1:colcon.colcon_core.shell:create_environment_hook('bot_description', 'cmake_prefix_path')
[10.333s] INFO:colcon.colcon_core.shell:Creating environment hook '/mnt/d/users/karti/documents/kartik_ws/install/bot_description/share/bot_description/hook/cmake_prefix_path.ps1'
[10.414s] INFO:colcon.colcon_core.shell:Creating environment descriptor '/mnt/d/users/karti/documents/kartik_ws/install/bot_description/share/bot_description/hook/cmake_prefix_path.dsv'
[10.492s] INFO:colcon.colcon_core.shell:Creating environment hook '/mnt/d/users/karti/documents/kartik_ws/install/bot_description/share/bot_description/hook/cmake_prefix_path.sh'
[10.599s] Level 1:colcon.colcon_core.environment:checking '/mnt/d/users/karti/documents/kartik_ws/install/bot_description/bin'
[10.608s] Level 1:colcon.colcon_core.environment:checking '/mnt/d/users/karti/documents/kartik_ws/install/bot_description/lib/pkgconfig/bot_description.pc'
[10.616s] Level 1:colcon.colcon_core.environment:checking '/mnt/d/users/karti/documents/kartik_ws/install/bot_description/lib/python3.10/site-packages'
[10.624s] Level 1:colcon.colcon_core.environment:checking '/mnt/d/users/karti/documents/kartik_ws/install/bot_description/bin'
[10.635s] INFO:colcon.colcon_core.shell:Creating package script '/mnt/d/users/karti/documents/kartik_ws/install/bot_description/share/bot_description/package.ps1'
[10.706s] INFO:colcon.colcon_core.shell:Creating package descriptor '/mnt/d/users/karti/documents/kartik_ws/install/bot_description/share/bot_description/package.dsv'
[10.776s] INFO:colcon.colcon_core.shell:Creating package script '/mnt/d/users/karti/documents/kartik_ws/install/bot_description/share/bot_description/package.sh'
[10.846s] INFO:colcon.colcon_core.shell:Creating package script '/mnt/d/users/karti/documents/kartik_ws/install/bot_description/share/bot_description/package.bash'
[10.913s] INFO:colcon.colcon_core.shell:Creating package script '/mnt/d/users/karti/documents/kartik_ws/install/bot_description/share/bot_description/package.zsh'
[10.984s] Level 1:colcon.colcon_core.environment:create_file_with_runtime_dependencies(/mnt/d/users/karti/documents/kartik_ws/install/bot_description/share/colcon-core/packages/bot_description)
[11.172s] Level 1:colcon.colcon_core.environment:create_environment_scripts_only(bot_description)
[11.179s] Level 1:colcon.colcon_core.environment:checking '/mnt/d/users/karti/documents/kartik_ws/install/bot_description' for CMake module files
[11.696s] Level 1:colcon.colcon_core.environment:checking '/mnt/d/users/karti/documents/kartik_ws/install/bot_description' for CMake config files
[11.961s] Level 1:colcon.colcon_core.shell:create_environment_hook('bot_description', 'cmake_prefix_path')
[11.966s] INFO:colcon.colcon_core.shell:Creating environment hook '/mnt/d/users/karti/documents/kartik_ws/install/bot_description/share/bot_description/hook/cmake_prefix_path.ps1'
[12.048s] INFO:colcon.colcon_core.shell:Creating environment descriptor '/mnt/d/users/karti/documents/kartik_ws/install/bot_description/share/bot_description/hook/cmake_prefix_path.dsv'
[12.130s] INFO:colcon.colcon_core.shell:Creating environment hook '/mnt/d/users/karti/documents/kartik_ws/install/bot_description/share/bot_description/hook/cmake_prefix_path.sh'
[12.237s] Level 1:colcon.colcon_core.environment:checking '/mnt/d/users/karti/documents/kartik_ws/install/bot_description/bin'
[12.244s] Level 1:colcon.colcon_core.environment:checking '/mnt/d/users/karti/documents/kartik_ws/install/bot_description/lib/pkgconfig/bot_description.pc'
[12.252s] Level 1:colcon.colcon_core.environment:checking '/mnt/d/users/karti/documents/kartik_ws/install/bot_description/lib/python3.10/site-packages'
[12.262s] Level 1:colcon.colcon_core.environment:checking '/mnt/d/users/karti/documents/kartik_ws/install/bot_description/bin'
[12.278s] INFO:colcon.colcon_core.shell:Creating package script '/mnt/d/users/karti/documents/kartik_ws/install/bot_description/share/bot_description/package.ps1'
[12.346s] INFO:colcon.colcon_core.shell:Creating package descriptor '/mnt/d/users/karti/documents/kartik_ws/install/bot_description/share/bot_description/package.dsv'
[12.414s] INFO:colcon.colcon_core.shell:Creating package script '/mnt/d/users/karti/documents/kartik_ws/install/bot_description/share/bot_description/package.sh'
[12.486s] INFO:colcon.colcon_core.shell:Creating package script '/mnt/d/users/karti/documents/kartik_ws/install/bot_description/share/bot_description/package.bash'
[12.551s] INFO:colcon.colcon_core.shell:Creating package script '/mnt/d/users/karti/documents/kartik_ws/install/bot_description/share/bot_description/package.zsh'
[12.622s] Level 1:colcon.colcon_core.environment:create_file_with_runtime_dependencies(/mnt/d/users/karti/documents/kartik_ws/install/bot_description/share/colcon-core/packages/bot_description)
[15.083s] DEBUG:colcon.colcon_core.event_handler.log_command:Invoked command in '/mnt/d/users/karti/documents/kartik_ws/build/bot_control' returned '1': CMAKE_PREFIX_PATH=${CMAKE_PREFIX_PATH}:/opt/ros/rolling /usr/bin/cmake /mnt/d/users/karti/documents/kartik_ws/src/bot_control -DCMAKE_INSTALL_PREFIX=/mnt/d/users/karti/documents/kartik_ws/install/bot_control
[15.164s] Level 1:colcon.colcon_core.environment:create_environment_scripts_only(bot_control)
[15.168s] Level 1:colcon.colcon_core.environment:checking '/mnt/d/users/karti/documents/kartik_ws/install/bot_control' for CMake module files
[15.332s] Level 1:colcon.colcon_core.environment:checking '/mnt/d/users/karti/documents/kartik_ws/install/bot_control' for CMake config files
[15.433s] Level 1:colcon.colcon_core.environment:checking '/mnt/d/users/karti/documents/kartik_ws/install/bot_control/bin'
[15.440s] Level 1:colcon.colcon_core.environment:checking '/mnt/d/users/karti/documents/kartik_ws/install/bot_control/lib/pkgconfig/bot_control.pc'
[15.445s] Level 1:colcon.colcon_core.environment:checking '/mnt/d/users/karti/documents/kartik_ws/install/bot_control/lib/python3.10/site-packages'
[15.450s] Level 1:colcon.colcon_core.environment:checking '/mnt/d/users/karti/documents/kartik_ws/install/bot_control/bin'
[15.458s] INFO:colcon.colcon_core.shell:Creating package script '/mnt/d/users/karti/documents/kartik_ws/install/bot_control/share/bot_control/package.ps1'
[15.506s] INFO:colcon.colcon_core.shell:Creating package descriptor '/mnt/d/users/karti/documents/kartik_ws/install/bot_control/share/bot_control/package.dsv'
[15.552s] INFO:colcon.colcon_core.shell:Creating package script '/mnt/d/users/karti/documents/kartik_ws/install/bot_control/share/bot_control/package.sh'
[15.604s] INFO:colcon.colcon_core.shell:Creating package script '/mnt/d/users/karti/documents/kartik_ws/install/bot_control/share/bot_control/package.bash'
[15.663s] INFO:colcon.colcon_core.shell:Creating package script '/mnt/d/users/karti/documents/kartik_ws/install/bot_control/share/bot_control/package.zsh'
[15.724s] Level 1:colcon.colcon_core.environment:create_file_with_runtime_dependencies(/mnt/d/users/karti/documents/kartik_ws/install/bot_control/share/colcon-core/packages/bot_control)
[15.776s] DEBUG:colcon.colcon_parallel_executor.executor.parallel:closing loop
[15.783s] DEBUG:colcon.colcon_parallel_executor.executor.parallel:loop closed
[15.788s] DEBUG:colcon.colcon_parallel_executor.executor.parallel:run_until_complete finished with '1'
[15.789s] DEBUG:colcon.colcon_core.event_reactor:joining thread
[16.060s] INFO:colcon.colcon_core.plugin_system:Skipping extension 'colcon_notification.desktop_notification.notify_send': Could not find 'notify-send'
[16.061s] INFO:colcon.colcon_core.plugin_system:Skipping extension 'colcon_notification.desktop_notification.terminal_notifier': Not used on non-Darwin systems
[16.061s] INFO:colcon.colcon_core.plugin_system:Skipping extension 'colcon_notification.desktop_notification.win32': Not used on non-Windows systems
[16.062s] INFO:colcon.colcon_notification.desktop_notification:Sending desktop notification using 'notify2'
[16.074s] DEBUG:colcon.colcon_notification.desktop_notification.notify2:Failed to initialize notify2: org.freedesktop.DBus.Error.ServiceUnknown: The name org.freedesktop.Notifications was not provided by any .service files
[16.075s] DEBUG:colcon.colcon_core.event_reactor:joined thread
[16.079s] INFO:colcon.colcon_core.shell:Creating prefix script '/mnt/d/users/karti/documents/kartik_ws/install/local_setup.ps1'
[16.101s] INFO:colcon.colcon_core.shell:Creating prefix util module '/mnt/d/users/karti/documents/kartik_ws/install/_local_setup_util_ps1.py'
[16.124s] INFO:colcon.colcon_core.shell:Creating prefix chain script '/mnt/d/users/karti/documents/kartik_ws/install/setup.ps1'
[16.370s] INFO:colcon.colcon_core.shell:Creating prefix script '/mnt/d/users/karti/documents/kartik_ws/install/local_setup.sh'
[16.392s] INFO:colcon.colcon_core.shell:Creating prefix util module '/mnt/d/users/karti/documents/kartik_ws/install/_local_setup_util_sh.py'
[16.413s] INFO:colcon.colcon_core.shell:Creating prefix chain script '/mnt/d/users/karti/documents/kartik_ws/install/setup.sh'
[16.641s] INFO:colcon.colcon_core.shell:Creating prefix script '/mnt/d/users/karti/documents/kartik_ws/install/local_setup.bash'
[16.660s] INFO:colcon.colcon_core.shell:Creating prefix chain script '/mnt/d/users/karti/documents/kartik_ws/install/setup.bash'
[16.888s] INFO:colcon.colcon_core.shell:Creating prefix script '/mnt/d/users/karti/documents/kartik_ws/install/local_setup.zsh'
[16.905s] INFO:colcon.colcon_core.shell:Creating prefix chain script '/mnt/d/users/karti/documents/kartik_ws/install/setup.zsh'
