[1.594s] Invoking command in '/mnt/d/users/karti/documents/kartik_ws/build/bot_description': CMAKE_PREFIX_PATH=${CMAKE_PREFIX_PATH}:/opt/ros/rolling /usr/bin/cmake --build /mnt/d/users/karti/documents/kartik_ws/build/bot_description -- -j4 -l4
[2.097s] Invoked command in '/mnt/d/users/karti/documents/kartik_ws/build/bot_description' returned '0': CMAKE_PREFIX_PATH=${CMAKE_PREFIX_PATH}:/opt/ros/rolling /usr/bin/cmake --build /mnt/d/users/karti/documents/kartik_ws/build/bot_description -- -j4 -l4
[2.373s] Invoking command in '/mnt/d/users/karti/documents/kartik_ws/build/bot_description': CMAKE_PREFIX_PATH=${CMAKE_PREFIX_PATH}:/opt/ros/rolling /usr/bin/cmake --install /mnt/d/users/karti/documents/kartik_ws/build/bot_description
[2.417s] -- Install configuration: ""
[2.600s] -- Up-to-date: /mnt/d/users/karti/documents/kartik_ws/install/bot_description/share/ament_index/resource_index/package_run_dependencies/bot_description
[2.857s] -- Up-to-date: /mnt/d/users/karti/documents/kartik_ws/install/bot_description/share/ament_index/resource_index/parent_prefix_path/bot_description
[3.011s] -- Up-to-date: /mnt/d/users/karti/documents/kartik_ws/install/bot_description/share/bot_description/environment/ament_prefix_path.sh
[3.169s] -- Up-to-date: /mnt/d/users/karti/documents/kartik_ws/install/bot_description/share/bot_description/environment/ament_prefix_path.dsv
[3.296s] -- Up-to-date: /mnt/d/users/karti/documents/kartik_ws/install/bot_description/share/bot_description/environment/path.sh
[3.448s] -- Up-to-date: /mnt/d/users/karti/documents/kartik_ws/install/bot_description/share/bot_description/environment/path.dsv
[3.606s] -- Up-to-date: /mnt/d/users/karti/documents/kartik_ws/install/bot_description/share/bot_description/local_setup.bash
[3.746s] -- Up-to-date: /mnt/d/users/karti/documents/kartik_ws/install/bot_description/share/bot_description/local_setup.sh
[3.898s] -- Up-to-date: /mnt/d/users/karti/documents/kartik_ws/install/bot_description/share/bot_description/local_setup.zsh
[4.113s] -- Up-to-date: /mnt/d/users/karti/documents/kartik_ws/install/bot_description/share/bot_description/local_setup.dsv
[4.271s] -- Installing: /mnt/d/users/karti/documents/kartik_ws/install/bot_description/share/bot_description/package.dsv
[4.834s] -- Up-to-date: /mnt/d/users/karti/documents/kartik_ws/install/bot_description/share/ament_index/resource_index/packages/bot_description
[5.012s] -- Up-to-date: /mnt/d/users/karti/documents/kartik_ws/install/bot_description/share/bot_description/cmake/bot_descriptionConfig.cmake
[5.149s] -- Up-to-date: /mnt/d/users/karti/documents/kartik_ws/install/bot_description/share/bot_description/cmake/bot_descriptionConfig-version.cmake
[5.326s] -- Up-to-date: /mnt/d/users/karti/documents/kartik_ws/install/bot_description/share/bot_description/package.xml
[5.434s] -- Up-to-date: /mnt/d/users/karti/documents/kartik_ws/install/bot_description/share/bot_description/launch
[5.656s] -- Up-to-date: /mnt/d/users/karti/documents/kartik_ws/install/bot_description/share/bot_description/launch/control.launch.py
[5.820s] -- Up-to-date: /mnt/d/users/karti/documents/kartik_ws/install/bot_description/share/bot_description/launch/rviz.launch.py
[6.004s] -- Up-to-date: /mnt/d/users/karti/documents/kartik_ws/install/bot_description/share/bot_description/launch/spawn.launch.py
[6.112s] -- Up-to-date: /mnt/d/users/karti/documents/kartik_ws/install/bot_description/share/bot_description/rviz
[6.322s] -- Up-to-date: /mnt/d/users/karti/documents/kartik_ws/install/bot_description/share/bot_description/rviz/rviz_basic_settings.rviz
[6.444s] -- Up-to-date: /mnt/d/users/karti/documents/kartik_ws/install/bot_description/share/bot_description/src
[6.619s] -- Up-to-date: /mnt/d/users/karti/documents/kartik_ws/install/bot_description/share/bot_description/urdf
[6.852s] -- Installing: /mnt/d/users/karti/documents/kartik_ws/install/bot_description/share/bot_description/urdf/bot_urdf.urdf
[7.433s] -- Up-to-date: /mnt/d/users/karti/documents/kartik_ws/install/bot_description/share/bot_description/worlds
[7.560s] Invoked command in '/mnt/d/users/karti/documents/kartik_ws/build/bot_description' returned '0': CMAKE_PREFIX_PATH=${CMAKE_PREFIX_PATH}:/opt/ros/rolling /usr/bin/cmake --install /mnt/d/users/karti/documents/kartik_ws/build/bot_description
