[6.735s] Invoking command in '/mnt/d/users/karti/documents/kartik_ws/src/bot_control': PYTHONPATH=/mnt/d/users/karti/documents/kartik_ws/build/bot_control/prefix_override:/mnt/d/users/karti/documents/kartik_ws/install/bot_control/lib/python3.10/site-packages:${PYTHONPATH} /usr/bin/python3 setup.py egg_info --egg-base ../../build/bot_control build --build-base /mnt/d/users/karti/documents/kartik_ws/build/bot_control/build install --record /mnt/d/users/karti/documents/kartik_ws/build/bot_control/install.log --single-version-externally-managed
[9.667s] running egg_info
[9.686s] writing ../../build/bot_control/bot_control.egg-info/PKG-INFO
[9.715s] writing dependency_links to ../../build/bot_control/bot_control.egg-info/dependency_links.txt
[9.744s] writing entry points to ../../build/bot_control/bot_control.egg-info/entry_points.txt
[9.766s] writing requirements to ../../build/bot_control/bot_control.egg-info/requires.txt
[9.781s] writing top-level names to ../../build/bot_control/bot_control.egg-info/top_level.txt
[10.000s] reading manifest file '../../build/bot_control/bot_control.egg-info/SOURCES.txt'
[10.333s] writing manifest file '../../build/bot_control/bot_control.egg-info/SOURCES.txt'
[10.352s] running build
[10.355s] running build_py
[10.585s] copying scripts/reading_laser.py -> /mnt/d/users/karti/documents/kartik_ws/build/bot_control/build/lib/scripts
[10.753s] running install
[10.757s] /usr/lib/python3/dist-packages/setuptools/command/install.py:34: SetuptoolsDeprecationWarning: setup.py install is deprecated. Use build and pip and other standards-based tools.
[10.761s]   warnings.warn(
[10.764s] running install_lib
[11.239s] copying /mnt/d/users/karti/documents/kartik_ws/build/bot_control/build/lib/scripts/reading_laser.py -> /mnt/d/users/karti/documents/kartik_ws/install/bot_control/lib/python3.10/site-packages/scripts
[11.654s] byte-compiling /mnt/d/users/karti/documents/kartik_ws/install/bot_control/lib/python3.10/site-packages/scripts/reading_laser.py to reading_laser.cpython-310.pyc
[11.880s] running install_data
[11.998s] running install_egg_info
[12.046s] removing '/mnt/d/users/karti/documents/kartik_ws/install/bot_control/lib/python3.10/site-packages/bot_control-0.0.0-py3.10.egg-info' (and everything under it)
[12.303s] Copying ../../build/bot_control/bot_control.egg-info to /mnt/d/users/karti/documents/kartik_ws/install/bot_control/lib/python3.10/site-packages/bot_control-0.0.0-py3.10.egg-info
[13.409s] running install_scripts
[13.690s] Installing listener script to /mnt/d/users/karti/documents/kartik_ws/install/bot_control/lib/bot_control
[13.735s] Installing talker script to /mnt/d/users/karti/documents/kartik_ws/install/bot_control/lib/bot_control
[13.805s] writing list of installed files to '/mnt/d/users/karti/documents/kartik_ws/build/bot_control/install.log'
[13.887s] Invoked command in '/mnt/d/users/karti/documents/kartik_ws/src/bot_control' returned '0': PYTHONPATH=/mnt/d/users/karti/documents/kartik_ws/build/bot_control/prefix_override:/mnt/d/users/karti/documents/kartik_ws/install/bot_control/lib/python3.10/site-packages:${PYTHONPATH} /usr/bin/python3 setup.py egg_info --egg-base ../../build/bot_control build --build-base /mnt/d/users/karti/documents/kartik_ws/build/bot_control/build install --record /mnt/d/users/karti/documents/kartik_ws/build/bot_control/install.log --single-version-externally-managed
