[3.666s] DEBUG:colcon:Command line arguments: ['/usr/bin/colcon', 'build', '--packages-select', 'bot_control']
[3.667s] DEBUG:colcon:Parsed command line arguments: Namespace(log_base=None, log_level=None, verb_name='build', build_base='build', install_base='install', merge_install=False, symlink_install=False, test_result_base=None, continue_on_error=False, executor='parallel', parallel_workers=4, event_handlers=None, ignore_user_meta=False, metas=['./colcon.meta'], base_paths=['.'], packages_ignore=None, packages_ignore_regex=None, paths=None, packages_up_to=None, packages_up_to_regex=None, packages_above=None, packages_above_and_dependencies=None, packages_above_depth=None, packages_select_by_dep=None, packages_skip_by_dep=None, packages_skip_up_to=None, packages_select_build_failed=False, packages_skip_build_finished=False, packages_select_test_failures=False, packages_skip_test_passed=False, packages_select=['bot_control'], packages_skip=None, packages_select_regex=None, packages_skip_regex=None, packages_start=None, packages_end=None, allow_overriding=[], cmake_args=None, cmake_target=None, cmake_target_skip_unavailable=False, cmake_clean_cache=False, cmake_clean_first=False, cmake_force_configure=False, ament_cmake_args=None, catkin_cmake_args=None, catkin_skip_building_tests=False, verb_parser=<colcon_defaults.argument_parser.defaults.DefaultArgumentsDecorator object at 0x7ffa626ac3a0>, verb_extension=<colcon_core.verb.build.BuildVerb object at 0x7ffa62e85510>, main=<bound method BuildVerb.main of <colcon_core.verb.build.BuildVerb object at 0x7ffa62e85510>>)
[4.133s] Level 1:colcon.colcon_core.package_discovery:discover_packages(colcon_meta) check parameters
[4.143s] Level 1:colcon.colcon_core.package_discovery:discover_packages(recursive) check parameters
[4.147s] Level 1:colcon.colcon_core.package_discovery:discover_packages(ignore) check parameters
[4.152s] Level 1:colcon.colcon_core.package_discovery:discover_packages(path) check parameters
[4.160s] Level 1:colcon.colcon_core.package_discovery:discover_packages(colcon_meta) discover
[4.165s] Level 1:colcon.colcon_core.package_discovery:discover_packages(recursive) discover
[4.167s] INFO:colcon.colcon_core.package_discovery:Crawling recursively for packages in '/mnt/d/users/karti/documents/kartik_ws'
[4.194s] Level 1:colcon.colcon_core.package_identification:_identify(.) by extensions ['ignore', 'ignore_ament_install']
[4.196s] Level 1:colcon.colcon_core.package_identification:_identify(.) by extension 'ignore'
[4.199s] Level 1:colcon.colcon_core.package_identification:_identify(.) by extension 'ignore_ament_install'
[4.207s] Level 1:colcon.colcon_core.package_identification:_identify(.) by extensions ['colcon_pkg']
[4.209s] Level 1:colcon.colcon_core.package_identification:_identify(.) by extension 'colcon_pkg'
[4.223s] Level 1:colcon.colcon_core.package_identification:_identify(.) by extensions ['colcon_meta']
[4.225s] Level 1:colcon.colcon_core.package_identification:_identify(.) by extension 'colcon_meta'
[4.229s] Level 1:colcon.colcon_core.package_identification:_identify(.) by extensions ['ros']
[4.231s] Level 1:colcon.colcon_core.package_identification:_identify(.) by extension 'ros'
[4.342s] Level 1:colcon.colcon_core.package_identification:_identify(.) by extensions ['cmake', 'python']
[4.344s] Level 1:colcon.colcon_core.package_identification:_identify(.) by extension 'cmake'
[4.347s] Level 1:colcon.colcon_core.package_identification:_identify(.) by extension 'python'
[4.349s] Level 1:colcon.colcon_core.package_identification:_identify(.) by extensions ['python_setup_py']
[4.350s] Level 1:colcon.colcon_core.package_identification:_identify(.) by extension 'python_setup_py'
[4.371s] Level 1:colcon.colcon_core.package_identification:_identify(build) by extensions ['ignore', 'ignore_ament_install']
[4.374s] Level 1:colcon.colcon_core.package_identification:_identify(build) by extension 'ignore'
[4.382s] Level 1:colcon.colcon_core.package_identification:_identify(build) ignored
[4.401s] Level 1:colcon.colcon_core.package_identification:_identify(install) by extensions ['ignore', 'ignore_ament_install']
[4.403s] Level 1:colcon.colcon_core.package_identification:_identify(install) by extension 'ignore'
[4.415s] Level 1:colcon.colcon_core.package_identification:_identify(install) ignored
[4.453s] Level 1:colcon.colcon_core.package_identification:_identify(log) by extensions ['ignore', 'ignore_ament_install']
[4.454s] Level 1:colcon.colcon_core.package_identification:_identify(log) by extension 'ignore'
[4.462s] Level 1:colcon.colcon_core.package_identification:_identify(log) ignored
[4.480s] Level 1:colcon.colcon_core.package_identification:_identify(src) by extensions ['ignore', 'ignore_ament_install']
[4.481s] Level 1:colcon.colcon_core.package_identification:_identify(src) by extension 'ignore'
[4.487s] Level 1:colcon.colcon_core.package_identification:_identify(src) by extension 'ignore_ament_install'
[4.498s] Level 1:colcon.colcon_core.package_identification:_identify(src) by extensions ['colcon_pkg']
[4.500s] Level 1:colcon.colcon_core.package_identification:_identify(src) by extension 'colcon_pkg'
[4.506s] Level 1:colcon.colcon_core.package_identification:_identify(src) by extensions ['colcon_meta']
[4.508s] Level 1:colcon.colcon_core.package_identification:_identify(src) by extension 'colcon_meta'
[4.515s] Level 1:colcon.colcon_core.package_identification:_identify(src) by extensions ['ros']
[4.517s] Level 1:colcon.colcon_core.package_identification:_identify(src) by extension 'ros'
[4.542s] Level 1:colcon.colcon_core.package_identification:_identify(src) by extensions ['cmake', 'python']
[4.543s] Level 1:colcon.colcon_core.package_identification:_identify(src) by extension 'cmake'
[4.550s] Level 1:colcon.colcon_core.package_identification:_identify(src) by extension 'python'
[4.556s] Level 1:colcon.colcon_core.package_identification:_identify(src) by extensions ['python_setup_py']
[4.558s] Level 1:colcon.colcon_core.package_identification:_identify(src) by extension 'python_setup_py'
[4.592s] Level 1:colcon.colcon_core.package_identification:_identify(src/bot_control) by extensions ['ignore', 'ignore_ament_install']
[4.593s] Level 1:colcon.colcon_core.package_identification:_identify(src/bot_control) by extension 'ignore'
[4.602s] Level 1:colcon.colcon_core.package_identification:_identify(src/bot_control) by extension 'ignore_ament_install'
[4.619s] Level 1:colcon.colcon_core.package_identification:_identify(src/bot_control) by extensions ['colcon_pkg']
[4.621s] Level 1:colcon.colcon_core.package_identification:_identify(src/bot_control) by extension 'colcon_pkg'
[4.631s] Level 1:colcon.colcon_core.package_identification:_identify(src/bot_control) by extensions ['colcon_meta']
[4.633s] Level 1:colcon.colcon_core.package_identification:_identify(src/bot_control) by extension 'colcon_meta'
[4.646s] Level 1:colcon.colcon_core.package_identification:_identify(src/bot_control) by extensions ['ros']
[4.647s] Level 1:colcon.colcon_core.package_identification:_identify(src/bot_control) by extension 'ros'
[4.751s] DEBUG:colcon.colcon_core.package_identification:Package 'src/bot_control' with type 'ros.ament_python' and name 'bot_control'
[4.783s] Level 1:colcon.colcon_core.package_identification:_identify(src/bot_description) by extensions ['ignore', 'ignore_ament_install']
[4.784s] Level 1:colcon.colcon_core.package_identification:_identify(src/bot_description) by extension 'ignore'
[4.794s] Level 1:colcon.colcon_core.package_identification:_identify(src/bot_description) by extension 'ignore_ament_install'
[4.812s] Level 1:colcon.colcon_core.package_identification:_identify(src/bot_description) by extensions ['colcon_pkg']
[4.814s] Level 1:colcon.colcon_core.package_identification:_identify(src/bot_description) by extension 'colcon_pkg'
[4.823s] Level 1:colcon.colcon_core.package_identification:_identify(src/bot_description) by extensions ['colcon_meta']
[4.825s] Level 1:colcon.colcon_core.package_identification:_identify(src/bot_description) by extension 'colcon_meta'
[4.839s] Level 1:colcon.colcon_core.package_identification:_identify(src/bot_description) by extensions ['ros']
[4.840s] Level 1:colcon.colcon_core.package_identification:_identify(src/bot_description) by extension 'ros'
[4.933s] DEBUG:colcon.colcon_core.package_identification:Package 'src/bot_description' with type 'ros.ament_cmake' and name 'bot_description'
[4.961s] Level 1:colcon.colcon_core.package_identification:_identify(src/bot_world) by extensions ['ignore', 'ignore_ament_install']
[4.963s] Level 1:colcon.colcon_core.package_identification:_identify(src/bot_world) by extension 'ignore'
[4.972s] Level 1:colcon.colcon_core.package_identification:_identify(src/bot_world) by extension 'ignore_ament_install'
[4.992s] Level 1:colcon.colcon_core.package_identification:_identify(src/bot_world) by extensions ['colcon_pkg']
[4.994s] Level 1:colcon.colcon_core.package_identification:_identify(src/bot_world) by extension 'colcon_pkg'
[5.005s] Level 1:colcon.colcon_core.package_identification:_identify(src/bot_world) by extensions ['colcon_meta']
[5.006s] Level 1:colcon.colcon_core.package_identification:_identify(src/bot_world) by extension 'colcon_meta'
[5.019s] Level 1:colcon.colcon_core.package_identification:_identify(src/bot_world) by extensions ['ros']
[5.022s] Level 1:colcon.colcon_core.package_identification:_identify(src/bot_world) by extension 'ros'
[5.129s] DEBUG:colcon.colcon_core.package_identification:Package 'src/bot_world' with type 'ros.ament_cmake' and name 'bot_world'
[5.131s] Level 1:colcon.colcon_core.package_discovery:discover_packages(recursive) using defaults
[5.133s] Level 1:colcon.colcon_core.package_discovery:discover_packages(ignore) discover
[5.135s] Level 1:colcon.colcon_core.package_discovery:discover_packages(ignore) using defaults
[5.136s] Level 1:colcon.colcon_core.package_discovery:discover_packages(path) discover
[5.137s] Level 1:colcon.colcon_core.package_discovery:discover_packages(path) using defaults
[5.560s] INFO:colcon.colcon_core.package_selection:Skipping not selected package 'bot_description' in 'src/bot_description'
[5.562s] INFO:colcon.colcon_core.package_selection:Skipping not selected package 'bot_world' in 'src/bot_world'
[5.566s] Level 1:colcon.colcon_core.package_discovery:discover_packages(prefix_path) check parameters
[5.567s] Level 1:colcon.colcon_core.package_discovery:discover_packages(prefix_path) discover
[6.358s] DEBUG:colcon.colcon_installed_package_information.package_discovery:Found 3 installed packages in /mnt/d/users/karti/documents/kartik_ws/install
[6.808s] DEBUG:colcon.colcon_installed_package_information.package_discovery:Found 3 installed packages in /mnt/d/users/karti/Documents/ROS_Projects/install
[6.813s] DEBUG:colcon.colcon_installed_package_information.package_discovery:Found 286 installed packages in /opt/ros/rolling
[6.820s] Level 1:colcon.colcon_core.package_discovery:discover_packages(prefix_path) using defaults
[7.541s] Level 5:colcon.colcon_core.verb:set package 'bot_control' build argument 'cmake_args' from command line to 'None'
[7.543s] Level 5:colcon.colcon_core.verb:set package 'bot_control' build argument 'cmake_target' from command line to 'None'
[7.544s] Level 5:colcon.colcon_core.verb:set package 'bot_control' build argument 'cmake_target_skip_unavailable' from command line to 'False'
[7.546s] Level 5:colcon.colcon_core.verb:set package 'bot_control' build argument 'cmake_clean_cache' from command line to 'False'
[7.547s] Level 5:colcon.colcon_core.verb:set package 'bot_control' build argument 'cmake_clean_first' from command line to 'False'
[7.549s] Level 5:colcon.colcon_core.verb:set package 'bot_control' build argument 'cmake_force_configure' from command line to 'False'
[7.550s] Level 5:colcon.colcon_core.verb:set package 'bot_control' build argument 'ament_cmake_args' from command line to 'None'
[7.551s] Level 5:colcon.colcon_core.verb:set package 'bot_control' build argument 'catkin_cmake_args' from command line to 'None'
[7.553s] Level 5:colcon.colcon_core.verb:set package 'bot_control' build argument 'catkin_skip_building_tests' from command line to 'False'
[7.555s] DEBUG:colcon.colcon_core.verb:Building package 'bot_control' with the following arguments: {'ament_cmake_args': None, 'build_base': '/mnt/d/users/karti/documents/kartik_ws/build/bot_control', 'catkin_cmake_args': None, 'catkin_skip_building_tests': False, 'cmake_args': None, 'cmake_clean_cache': False, 'cmake_clean_first': False, 'cmake_force_configure': False, 'cmake_target': None, 'cmake_target_skip_unavailable': False, 'install_base': '/mnt/d/users/karti/documents/kartik_ws/install/bot_control', 'merge_install': False, 'path': '/mnt/d/users/karti/documents/kartik_ws/src/bot_control', 'symlink_install': False, 'test_result_base': None}
[7.558s] INFO:colcon.colcon_core.executor:Executing jobs using 'parallel' executor
[7.570s] DEBUG:colcon.colcon_parallel_executor.executor.parallel:run_until_complete
[7.572s] INFO:colcon.colcon_ros.task.ament_python.build:Building ROS package in '/mnt/d/users/karti/documents/kartik_ws/src/bot_control' with build type 'ament_python'
[7.576s] Level 1:colcon.colcon_core.shell:create_environment_hook('bot_control', 'ament_prefix_path')
[7.642s] INFO:colcon.colcon_core.plugin_system:Skipping extension 'colcon_core.shell.bat': Not used on non-Windows systems
[7.644s] INFO:colcon.colcon_core.shell:Creating environment hook '/mnt/d/users/karti/documents/kartik_ws/install/bot_control/share/bot_control/hook/ament_prefix_path.ps1'
[7.758s] INFO:colcon.colcon_core.shell:Creating environment descriptor '/mnt/d/users/karti/documents/kartik_ws/install/bot_control/share/bot_control/hook/ament_prefix_path.dsv'
[7.890s] INFO:colcon.colcon_core.shell:Creating environment hook '/mnt/d/users/karti/documents/kartik_ws/install/bot_control/share/bot_control/hook/ament_prefix_path.sh'
[8.009s] INFO:colcon.colcon_core.shell:Skip shell extension 'powershell' for command environment: Not usable outside of PowerShell
[8.011s] DEBUG:colcon.colcon_core.shell:Skip shell extension 'dsv' for command environment
[13.172s] INFO:colcon.colcon_core.task.python.build:Building Python package in '/mnt/d/users/karti/documents/kartik_ws/src/bot_control'
[13.178s] INFO:colcon.colcon_core.shell:Skip shell extension 'powershell' for command environment: Not usable outside of PowerShell
[13.180s] DEBUG:colcon.colcon_core.shell:Skip shell extension 'dsv' for command environment
[24.557s] DEBUG:colcon.colcon_core.event_handler.log_command:Invoking command in '/mnt/d/users/karti/documents/kartik_ws/src/bot_control': PYTHONPATH=/mnt/d/users/karti/documents/kartik_ws/build/bot_control/prefix_override:/mnt/d/users/karti/documents/kartik_ws/install/bot_control/lib/python3.10/site-packages:${PYTHONPATH} /usr/bin/python3 setup.py egg_info --egg-base ../../build/bot_control build --build-base /mnt/d/users/karti/documents/kartik_ws/build/bot_control/build install --record /mnt/d/users/karti/documents/kartik_ws/build/bot_control/install.log --single-version-externally-managed
[42.278s] DEBUG:colcon.colcon_core.event_handler.log_command:Invoked command in '/mnt/d/users/karti/documents/kartik_ws/src/bot_control' returned '0': PYTHONPATH=/mnt/d/users/karti/documents/kartik_ws/build/bot_control/prefix_override:/mnt/d/users/karti/documents/kartik_ws/install/bot_control/lib/python3.10/site-packages:${PYTHONPATH} /usr/bin/python3 setup.py egg_info --egg-base ../../build/bot_control build --build-base /mnt/d/users/karti/documents/kartik_ws/build/bot_control/build install --record /mnt/d/users/karti/documents/kartik_ws/build/bot_control/install.log --single-version-externally-managed
[42.361s] Level 1:colcon.colcon_core.environment:checking '/mnt/d/users/karti/documents/kartik_ws/install/bot_control' for CMake module files
[43.019s] Level 1:colcon.colcon_core.environment:checking '/mnt/d/users/karti/documents/kartik_ws/install/bot_control' for CMake config files
[43.908s] Level 1:colcon.colcon_core.environment:checking '/mnt/d/users/karti/documents/kartik_ws/install/bot_control/lib'
[43.949s] Level 1:colcon.colcon_core.environment:checking '/mnt/d/users/karti/documents/kartik_ws/install/bot_control/bin'
[43.959s] Level 1:colcon.colcon_core.environment:checking '/mnt/d/users/karti/documents/kartik_ws/install/bot_control/lib/pkgconfig/bot_control.pc'
[43.975s] Level 1:colcon.colcon_core.environment:checking '/mnt/d/users/karti/documents/kartik_ws/install/bot_control/lib/python3.10/site-packages'
[43.998s] Level 1:colcon.colcon_core.shell:create_environment_hook('bot_control', 'pythonpath')
[44.004s] INFO:colcon.colcon_core.shell:Creating environment hook '/mnt/d/users/karti/documents/kartik_ws/install/bot_control/share/bot_control/hook/pythonpath.ps1'
[44.134s] INFO:colcon.colcon_core.shell:Creating environment descriptor '/mnt/d/users/karti/documents/kartik_ws/install/bot_control/share/bot_control/hook/pythonpath.dsv'
[44.271s] INFO:colcon.colcon_core.shell:Creating environment hook '/mnt/d/users/karti/documents/kartik_ws/install/bot_control/share/bot_control/hook/pythonpath.sh'
[44.408s] Level 1:colcon.colcon_core.environment:checking '/mnt/d/users/karti/documents/kartik_ws/install/bot_control/bin'
[44.424s] Level 1:colcon.colcon_core.environment:create_environment_scripts_only(bot_control)
[44.433s] INFO:colcon.colcon_core.shell:Creating package script '/mnt/d/users/karti/documents/kartik_ws/install/bot_control/share/bot_control/package.ps1'
[44.528s] INFO:colcon.colcon_core.shell:Creating package descriptor '/mnt/d/users/karti/documents/kartik_ws/install/bot_control/share/bot_control/package.dsv'
[44.637s] INFO:colcon.colcon_core.shell:Creating package script '/mnt/d/users/karti/documents/kartik_ws/install/bot_control/share/bot_control/package.sh'
[44.765s] INFO:colcon.colcon_core.shell:Creating package script '/mnt/d/users/karti/documents/kartik_ws/install/bot_control/share/bot_control/package.bash'
[44.878s] INFO:colcon.colcon_core.shell:Creating package script '/mnt/d/users/karti/documents/kartik_ws/install/bot_control/share/bot_control/package.zsh'
[44.972s] Level 1:colcon.colcon_core.environment:create_file_with_runtime_dependencies(/mnt/d/users/karti/documents/kartik_ws/install/bot_control/share/colcon-core/packages/bot_control)
[45.044s] DEBUG:colcon.colcon_parallel_executor.executor.parallel:closing loop
[45.052s] DEBUG:colcon.colcon_parallel_executor.executor.parallel:loop closed
[45.055s] DEBUG:colcon.colcon_parallel_executor.executor.parallel:run_until_complete finished with '0'
[45.062s] DEBUG:colcon.colcon_core.event_reactor:joining thread
[45.651s] INFO:colcon.colcon_core.plugin_system:Skipping extension 'colcon_notification.desktop_notification.notify_send': Could not find 'notify-send'
[45.654s] INFO:colcon.colcon_core.plugin_system:Skipping extension 'colcon_notification.desktop_notification.terminal_notifier': Not used on non-Darwin systems
[45.658s] INFO:colcon.colcon_core.plugin_system:Skipping extension 'colcon_notification.desktop_notification.win32': Not used on non-Windows systems
[45.660s] INFO:colcon.colcon_notification.desktop_notification:Sending desktop notification using 'notify2'
[45.681s] DEBUG:colcon.colcon_notification.desktop_notification.notify2:Failed to initialize notify2: org.freedesktop.DBus.Error.ServiceUnknown: The name org.freedesktop.Notifications was not provided by any .service files
[45.683s] DEBUG:colcon.colcon_core.event_reactor:joined thread
[45.690s] INFO:colcon.colcon_core.shell:Creating prefix script '/mnt/d/users/karti/documents/kartik_ws/install/local_setup.ps1'
[45.728s] INFO:colcon.colcon_core.shell:Creating prefix util module '/mnt/d/users/karti/documents/kartik_ws/install/_local_setup_util_ps1.py'
[45.768s] INFO:colcon.colcon_core.shell:Creating prefix chain script '/mnt/d/users/karti/documents/kartik_ws/install/setup.ps1'
[46.434s] INFO:colcon.colcon_core.shell:Creating prefix script '/mnt/d/users/karti/documents/kartik_ws/install/local_setup.sh'
[46.560s] INFO:colcon.colcon_core.shell:Creating prefix util module '/mnt/d/users/karti/documents/kartik_ws/install/_local_setup_util_sh.py'
[46.604s] INFO:colcon.colcon_core.shell:Creating prefix chain script '/mnt/d/users/karti/documents/kartik_ws/install/setup.sh'
[47.235s] INFO:colcon.colcon_core.shell:Creating prefix script '/mnt/d/users/karti/documents/kartik_ws/install/local_setup.bash'
[47.276s] INFO:colcon.colcon_core.shell:Creating prefix chain script '/mnt/d/users/karti/documents/kartik_ws/install/setup.bash'
[47.903s] INFO:colcon.colcon_core.shell:Creating prefix script '/mnt/d/users/karti/documents/kartik_ws/install/local_setup.zsh'
[47.944s] INFO:colcon.colcon_core.shell:Creating prefix chain script '/mnt/d/users/karti/documents/kartik_ws/install/setup.zsh'
