running egg_info
creating ../../build/bot_control/bot_control.egg-info
writing ../../build/bot_control/bot_control.egg-info/PKG-INFO
writing dependency_links to ../../build/bot_control/bot_control.egg-info/dependency_links.txt
writing entry points to ../../build/bot_control/bot_control.egg-info/entry_points.txt
writing requirements to ../../build/bot_control/bot_control.egg-info/requires.txt
writing top-level names to ../../build/bot_control/bot_control.egg-info/top_level.txt
writing manifest file '../../build/bot_control/bot_control.egg-info/SOURCES.txt'
reading manifest file '../../build/bot_control/bot_control.egg-info/SOURCES.txt'
writing manifest file '../../build/bot_control/bot_control.egg-info/SOURCES.txt'
running build
running build_py
creating /mnt/d/users/karti/documents/kartik_ws/build/bot_control/build
creating /mnt/d/users/karti/documents/kartik_ws/build/bot_control/build/lib
creating /mnt/d/users/karti/documents/kartik_ws/build/bot_control/build/lib/bot_control
copying bot_control/__init__.py -> /mnt/d/users/karti/documents/kartik_ws/build/bot_control/build/lib/bot_control
running install
/usr/lib/python3/dist-packages/setuptools/command/install.py:34: SetuptoolsDeprecationWarning: setup.py install is deprecated. Use build and pip and other standards-based tools.
  warnings.warn(
running install_lib
creating /mnt/d/users/karti/documents/kartik_ws/install/bot_control/lib/python3.10/site-packages/bot_control
copying /mnt/d/users/karti/documents/kartik_ws/build/bot_control/build/lib/bot_control/__init__.py -> /mnt/d/users/karti/documents/kartik_ws/install/bot_control/lib/python3.10/site-packages/bot_control
byte-compiling /mnt/d/users/karti/documents/kartik_ws/install/bot_control/lib/python3.10/site-packages/bot_control/__init__.py to __init__.cpython-310.pyc
running install_data
creating /mnt/d/users/karti/documents/kartik_ws/install/bot_control/share/ament_index
creating /mnt/d/users/karti/documents/kartik_ws/install/bot_control/share/ament_index/resource_index
creating /mnt/d/users/karti/documents/kartik_ws/install/bot_control/share/ament_index/resource_index/packages
copying resource/bot_control -> /mnt/d/users/karti/documents/kartik_ws/install/bot_control/share/ament_index/resource_index/packages
copying package.xml -> /mnt/d/users/karti/documents/kartik_ws/install/bot_control/share/bot_control
running install_egg_info
Copying ../../build/bot_control/bot_control.egg-info to /mnt/d/users/karti/documents/kartik_ws/install/bot_control/lib/python3.10/site-packages/bot_control-0.0.0-py3.10.egg-info
running install_scripts
writing list of installed files to '/mnt/d/users/karti/documents/kartik_ws/build/bot_control/install.log'
