[0.717s] Invoking command in '/mnt/d/users/karti/documents/kartik_ws/build/bot_description': CMAKE_PREFIX_PATH=${CMAKE_PREFIX_PATH}:/opt/ros/rolling /usr/bin/cmake --build /mnt/d/users/karti/documents/kartik_ws/build/bot_description -- -j4 -l4
[1.165s] -- Found ament_cmake: 1.5.2 (/opt/ros/rolling/share/ament_cmake/cmake)
[1.681s] -- Found ament_lint_auto: 0.13.2 (/opt/ros/rolling/share/ament_lint_auto/cmake)
[5.924s] -- Added test 'flake8' to check Python code syntax and style conventions
[6.611s] -- Added test 'lint_cmake' to check CMake code style
[6.942s] -- Added test 'pep257' to check Python code against some of the docstring style conventions in PEP 257
[11.607s] -- Added test 'xmllint' to check XML markup files
[12.269s] -- Configuring done
[15.154s] -- Generating done
[15.410s] -- Build files have been written to: /mnt/d/users/karti/documents/kartik_ws/build/bot_description
[15.459s] Invoked command in '/mnt/d/users/karti/documents/kartik_ws/build/bot_description' returned '0': CMAKE_PREFIX_PATH=${CMAKE_PREFIX_PATH}:/opt/ros/rolling /usr/bin/cmake --build /mnt/d/users/karti/documents/kartik_ws/build/bot_description -- -j4 -l4
[15.563s] Invoking command in '/mnt/d/users/karti/documents/kartik_ws/build/bot_description': CMAKE_PREFIX_PATH=${CMAKE_PREFIX_PATH}:/opt/ros/rolling /usr/bin/cmake --install /mnt/d/users/karti/documents/kartik_ws/build/bot_description
[15.586s] -- Install configuration: ""
[15.682s] -- Up-to-date: /mnt/d/users/karti/documents/kartik_ws/install/bot_description/share/ament_index/resource_index/package_run_dependencies/bot_description
[15.818s] -- Installing: /mnt/d/users/karti/documents/kartik_ws/install/bot_description/share/ament_index/resource_index/parent_prefix_path/bot_description
[16.151s] -- Up-to-date: /mnt/d/users/karti/documents/kartik_ws/install/bot_description/share/bot_description/environment/ament_prefix_path.sh
[16.225s] -- Installing: /mnt/d/users/karti/documents/kartik_ws/install/bot_description/share/bot_description/environment/ament_prefix_path.dsv
[16.441s] -- Up-to-date: /mnt/d/users/karti/documents/kartik_ws/install/bot_description/share/bot_description/environment/path.sh
[16.514s] -- Installing: /mnt/d/users/karti/documents/kartik_ws/install/bot_description/share/bot_description/environment/path.dsv
[16.712s] -- Up-to-date: /mnt/d/users/karti/documents/kartik_ws/install/bot_description/share/bot_description/local_setup.bash
[16.771s] -- Up-to-date: /mnt/d/users/karti/documents/kartik_ws/install/bot_description/share/bot_description/local_setup.sh
[16.848s] -- Up-to-date: /mnt/d/users/karti/documents/kartik_ws/install/bot_description/share/bot_description/local_setup.zsh
[16.922s] -- Installing: /mnt/d/users/karti/documents/kartik_ws/install/bot_description/share/bot_description/local_setup.dsv
[17.163s] -- Installing: /mnt/d/users/karti/documents/kartik_ws/install/bot_description/share/bot_description/package.dsv
[17.395s] -- Up-to-date: /mnt/d/users/karti/documents/kartik_ws/install/bot_description/share/ament_index/resource_index/packages/bot_description
[17.487s] -- Up-to-date: /mnt/d/users/karti/documents/kartik_ws/install/bot_description/share/bot_description/cmake/bot_descriptionConfig.cmake
[17.560s] -- Up-to-date: /mnt/d/users/karti/documents/kartik_ws/install/bot_description/share/bot_description/cmake/bot_descriptionConfig-version.cmake
[17.629s] -- Up-to-date: /mnt/d/users/karti/documents/kartik_ws/install/bot_description/share/bot_description/package.xml
[17.673s] -- Installing: /mnt/d/users/karti/documents/kartik_ws/install/bot_description/share/bot_description/launch
[17.770s] -- Installing: /mnt/d/users/karti/documents/kartik_ws/install/bot_description/share/bot_description/launch/control.launch.py
[17.996s] -- Installing: /mnt/d/users/karti/documents/kartik_ws/install/bot_description/share/bot_description/launch/rviz.launch.py
[18.289s] -- Installing: /mnt/d/users/karti/documents/kartik_ws/install/bot_description/share/bot_description/launch/spawn.launch.py
[18.542s] -- Installing: /mnt/d/users/karti/documents/kartik_ws/install/bot_description/share/bot_description/rviz
[18.743s] -- Installing: /mnt/d/users/karti/documents/kartik_ws/install/bot_description/share/bot_description/rviz/rviz_basic_settings.rviz
[19.640s] -- Installing: /mnt/d/users/karti/documents/kartik_ws/install/bot_description/share/bot_description/src
[19.832s] -- Installing: /mnt/d/users/karti/documents/kartik_ws/install/bot_description/share/bot_description/urdf
[19.987s] -- Installing: /mnt/d/users/karti/documents/kartik_ws/install/bot_description/share/bot_description/urdf/bot_urdf.urdf
[20.548s] -- Installing: /mnt/d/users/karti/documents/kartik_ws/install/bot_description/share/bot_description/worlds
[20.660s] Invoked command in '/mnt/d/users/karti/documents/kartik_ws/build/bot_description' returned '0': CMAKE_PREFIX_PATH=${CMAKE_PREFIX_PATH}:/opt/ros/rolling /usr/bin/cmake --install /mnt/d/users/karti/documents/kartik_ws/build/bot_description
