[1.808s] DEBUG:colcon:Command line arguments: ['/usr/bin/colcon', 'build', '--packages-select', 'bot_description']
[1.810s] DEBUG:colcon:Parsed command line arguments: Namespace(log_base=None, log_level=None, verb_name='build', build_base='build', install_base='install', merge_install=False, symlink_install=False, test_result_base=None, continue_on_error=False, executor='parallel', parallel_workers=4, event_handlers=None, ignore_user_meta=False, metas=['./colcon.meta'], base_paths=['.'], packages_ignore=None, packages_ignore_regex=None, paths=None, packages_up_to=None, packages_up_to_regex=None, packages_above=None, packages_above_and_dependencies=None, packages_above_depth=None, packages_select_by_dep=None, packages_skip_by_dep=None, packages_skip_up_to=None, packages_select_build_failed=False, packages_skip_build_finished=False, packages_select_test_failures=False, packages_skip_test_passed=False, packages_select=['bot_description'], packages_skip=None, packages_select_regex=None, packages_skip_regex=None, packages_start=None, packages_end=None, allow_overriding=[], cmake_args=None, cmake_target=None, cmake_target_skip_unavailable=False, cmake_clean_cache=False, cmake_clean_first=False, cmake_force_configure=False, ament_cmake_args=None, catkin_cmake_args=None, catkin_skip_building_tests=False, verb_parser=<colcon_defaults.argument_parser.defaults.DefaultArgumentsDecorator object at 0x7fd09f5a7fa0>, verb_extension=<colcon_core.verb.build.BuildVerb object at 0x7fd09fd42a40>, main=<bound method BuildVerb.main of <colcon_core.verb.build.BuildVerb object at 0x7fd09fd42a40>>)
[2.047s] Level 1:colcon.colcon_core.package_discovery:discover_packages(colcon_meta) check parameters
[2.050s] Level 1:colcon.colcon_core.package_discovery:discover_packages(recursive) check parameters
[2.053s] Level 1:colcon.colcon_core.package_discovery:discover_packages(ignore) check parameters
[2.054s] Level 1:colcon.colcon_core.package_discovery:discover_packages(path) check parameters
[2.055s] Level 1:colcon.colcon_core.package_discovery:discover_packages(colcon_meta) discover
[2.056s] Level 1:colcon.colcon_core.package_discovery:discover_packages(recursive) discover
[2.058s] INFO:colcon.colcon_core.package_discovery:Crawling recursively for packages in '/mnt/d/users/karti/documents/kartik_ws'
[2.072s] Level 1:colcon.colcon_core.package_identification:_identify(.) by extensions ['ignore', 'ignore_ament_install']
[2.074s] Level 1:colcon.colcon_core.package_identification:_identify(.) by extension 'ignore'
[2.077s] Level 1:colcon.colcon_core.package_identification:_identify(.) by extension 'ignore_ament_install'
[2.080s] Level 1:colcon.colcon_core.package_identification:_identify(.) by extensions ['colcon_pkg']
[2.082s] Level 1:colcon.colcon_core.package_identification:_identify(.) by extension 'colcon_pkg'
[2.085s] Level 1:colcon.colcon_core.package_identification:_identify(.) by extensions ['colcon_meta']
[2.086s] Level 1:colcon.colcon_core.package_identification:_identify(.) by extension 'colcon_meta'
[2.088s] Level 1:colcon.colcon_core.package_identification:_identify(.) by extensions ['ros']
[2.089s] Level 1:colcon.colcon_core.package_identification:_identify(.) by extension 'ros'
[2.134s] Level 1:colcon.colcon_core.package_identification:_identify(.) by extensions ['cmake', 'python']
[2.136s] Level 1:colcon.colcon_core.package_identification:_identify(.) by extension 'cmake'
[2.141s] Level 1:colcon.colcon_core.package_identification:_identify(.) by extension 'python'
[2.145s] Level 1:colcon.colcon_core.package_identification:_identify(.) by extensions ['python_setup_py']
[2.147s] Level 1:colcon.colcon_core.package_identification:_identify(.) by extension 'python_setup_py'
[2.187s] Level 1:colcon.colcon_core.package_identification:_identify(build) by extensions ['ignore', 'ignore_ament_install']
[2.195s] Level 1:colcon.colcon_core.package_identification:_identify(build) by extension 'ignore'
[2.216s] Level 1:colcon.colcon_core.package_identification:_identify(build) ignored
[2.243s] Level 1:colcon.colcon_core.package_identification:_identify(install) by extensions ['ignore', 'ignore_ament_install']
[2.247s] Level 1:colcon.colcon_core.package_identification:_identify(install) by extension 'ignore'
[2.260s] Level 1:colcon.colcon_core.package_identification:_identify(install) ignored
[2.332s] Level 1:colcon.colcon_core.package_identification:_identify(log) by extensions ['ignore', 'ignore_ament_install']
[2.334s] Level 1:colcon.colcon_core.package_identification:_identify(log) by extension 'ignore'
[2.342s] Level 1:colcon.colcon_core.package_identification:_identify(log) ignored
[2.385s] Level 1:colcon.colcon_core.package_identification:_identify(src) by extensions ['ignore', 'ignore_ament_install']
[2.386s] Level 1:colcon.colcon_core.package_identification:_identify(src) by extension 'ignore'
[2.397s] Level 1:colcon.colcon_core.package_identification:_identify(src) by extension 'ignore_ament_install'
[2.415s] Level 1:colcon.colcon_core.package_identification:_identify(src) by extensions ['colcon_pkg']
[2.418s] Level 1:colcon.colcon_core.package_identification:_identify(src) by extension 'colcon_pkg'
[2.429s] Level 1:colcon.colcon_core.package_identification:_identify(src) by extensions ['colcon_meta']
[2.432s] Level 1:colcon.colcon_core.package_identification:_identify(src) by extension 'colcon_meta'
[2.438s] Level 1:colcon.colcon_core.package_identification:_identify(src) by extensions ['ros']
[2.440s] Level 1:colcon.colcon_core.package_identification:_identify(src) by extension 'ros'
[2.464s] Level 1:colcon.colcon_core.package_identification:_identify(src) by extensions ['cmake', 'python']
[2.466s] Level 1:colcon.colcon_core.package_identification:_identify(src) by extension 'cmake'
[2.472s] Level 1:colcon.colcon_core.package_identification:_identify(src) by extension 'python'
[2.477s] Level 1:colcon.colcon_core.package_identification:_identify(src) by extensions ['python_setup_py']
[2.478s] Level 1:colcon.colcon_core.package_identification:_identify(src) by extension 'python_setup_py'
[2.509s] Level 1:colcon.colcon_core.package_identification:_identify(src/bot_control) by extensions ['ignore', 'ignore_ament_install']
[2.513s] Level 1:colcon.colcon_core.package_identification:_identify(src/bot_control) by extension 'ignore'
[2.524s] Level 1:colcon.colcon_core.package_identification:_identify(src/bot_control) by extension 'ignore_ament_install'
[2.539s] Level 1:colcon.colcon_core.package_identification:_identify(src/bot_control) by extensions ['colcon_pkg']
[2.540s] Level 1:colcon.colcon_core.package_identification:_identify(src/bot_control) by extension 'colcon_pkg'
[2.549s] Level 1:colcon.colcon_core.package_identification:_identify(src/bot_control) by extensions ['colcon_meta']
[2.550s] Level 1:colcon.colcon_core.package_identification:_identify(src/bot_control) by extension 'colcon_meta'
[2.565s] Level 1:colcon.colcon_core.package_identification:_identify(src/bot_control) by extensions ['ros']
[2.566s] Level 1:colcon.colcon_core.package_identification:_identify(src/bot_control) by extension 'ros'
[2.658s] DEBUG:colcon.colcon_core.package_identification:Package 'src/bot_control' with type 'ros.ament_cmake' and name 'bot_control'
[2.685s] Level 1:colcon.colcon_core.package_identification:_identify(src/bot_description) by extensions ['ignore', 'ignore_ament_install']
[2.687s] Level 1:colcon.colcon_core.package_identification:_identify(src/bot_description) by extension 'ignore'
[2.697s] Level 1:colcon.colcon_core.package_identification:_identify(src/bot_description) by extension 'ignore_ament_install'
[2.711s] Level 1:colcon.colcon_core.package_identification:_identify(src/bot_description) by extensions ['colcon_pkg']
[2.712s] Level 1:colcon.colcon_core.package_identification:_identify(src/bot_description) by extension 'colcon_pkg'
[2.720s] Level 1:colcon.colcon_core.package_identification:_identify(src/bot_description) by extensions ['colcon_meta']
[2.721s] Level 1:colcon.colcon_core.package_identification:_identify(src/bot_description) by extension 'colcon_meta'
[2.732s] Level 1:colcon.colcon_core.package_identification:_identify(src/bot_description) by extensions ['ros']
[2.734s] Level 1:colcon.colcon_core.package_identification:_identify(src/bot_description) by extension 'ros'
[2.823s] DEBUG:colcon.colcon_core.package_identification:Package 'src/bot_description' with type 'ros.ament_cmake' and name 'bot_description'
[2.824s] Level 1:colcon.colcon_core.package_discovery:discover_packages(recursive) using defaults
[2.825s] Level 1:colcon.colcon_core.package_discovery:discover_packages(ignore) discover
[2.827s] Level 1:colcon.colcon_core.package_discovery:discover_packages(ignore) using defaults
[2.828s] Level 1:colcon.colcon_core.package_discovery:discover_packages(path) discover
[2.830s] Level 1:colcon.colcon_core.package_discovery:discover_packages(path) using defaults
[2.967s] INFO:colcon.colcon_core.package_selection:Skipping not selected package 'bot_control' in 'src/bot_control'
[2.973s] Level 1:colcon.colcon_core.package_discovery:discover_packages(prefix_path) check parameters
[2.974s] Level 1:colcon.colcon_core.package_discovery:discover_packages(prefix_path) discover
[3.630s] DEBUG:colcon.colcon_installed_package_information.package_discovery:Found 2 installed packages in /mnt/d/users/karti/documents/kartik_ws/install
[4.062s] DEBUG:colcon.colcon_installed_package_information.package_discovery:Found 3 installed packages in /mnt/d/users/karti/Documents/ROS_Projects/install
[4.066s] DEBUG:colcon.colcon_installed_package_information.package_discovery:Found 286 installed packages in /opt/ros/rolling
[4.073s] Level 1:colcon.colcon_core.package_discovery:discover_packages(prefix_path) using defaults
[4.672s] Level 5:colcon.colcon_core.verb:set package 'bot_description' build argument 'cmake_args' from command line to 'None'
[4.674s] Level 5:colcon.colcon_core.verb:set package 'bot_description' build argument 'cmake_target' from command line to 'None'
[4.676s] Level 5:colcon.colcon_core.verb:set package 'bot_description' build argument 'cmake_target_skip_unavailable' from command line to 'False'
[4.678s] Level 5:colcon.colcon_core.verb:set package 'bot_description' build argument 'cmake_clean_cache' from command line to 'False'
[4.679s] Level 5:colcon.colcon_core.verb:set package 'bot_description' build argument 'cmake_clean_first' from command line to 'False'
[4.681s] Level 5:colcon.colcon_core.verb:set package 'bot_description' build argument 'cmake_force_configure' from command line to 'False'
[4.682s] Level 5:colcon.colcon_core.verb:set package 'bot_description' build argument 'ament_cmake_args' from command line to 'None'
[4.683s] Level 5:colcon.colcon_core.verb:set package 'bot_description' build argument 'catkin_cmake_args' from command line to 'None'
[4.684s] Level 5:colcon.colcon_core.verb:set package 'bot_description' build argument 'catkin_skip_building_tests' from command line to 'False'
[4.686s] DEBUG:colcon.colcon_core.verb:Building package 'bot_description' with the following arguments: {'ament_cmake_args': None, 'build_base': '/mnt/d/users/karti/documents/kartik_ws/build/bot_description', 'catkin_cmake_args': None, 'catkin_skip_building_tests': False, 'cmake_args': None, 'cmake_clean_cache': False, 'cmake_clean_first': False, 'cmake_force_configure': False, 'cmake_target': None, 'cmake_target_skip_unavailable': False, 'install_base': '/mnt/d/users/karti/documents/kartik_ws/install/bot_description', 'merge_install': False, 'path': '/mnt/d/users/karti/documents/kartik_ws/src/bot_description', 'symlink_install': False, 'test_result_base': None}
[4.690s] INFO:colcon.colcon_core.executor:Executing jobs using 'parallel' executor
[4.702s] DEBUG:colcon.colcon_parallel_executor.executor.parallel:run_until_complete
[4.704s] INFO:colcon.colcon_ros.task.ament_cmake.build:Building ROS package in '/mnt/d/users/karti/documents/kartik_ws/src/bot_description' with build type 'ament_cmake'
[4.709s] INFO:colcon.colcon_cmake.task.cmake.build:Building CMake package in '/mnt/d/users/karti/documents/kartik_ws/src/bot_description'
[4.725s] INFO:colcon.colcon_core.plugin_system:Skipping extension 'colcon_core.shell.bat': Not used on non-Windows systems
[4.728s] INFO:colcon.colcon_core.shell:Skip shell extension 'powershell' for command environment: Not usable outside of PowerShell
[4.730s] DEBUG:colcon.colcon_core.shell:Skip shell extension 'dsv' for command environment
[6.328s] DEBUG:colcon.colcon_core.event_handler.log_command:Invoking command in '/mnt/d/users/karti/documents/kartik_ws/build/bot_description': CMAKE_PREFIX_PATH=${CMAKE_PREFIX_PATH}:/opt/ros/rolling /usr/bin/cmake --build /mnt/d/users/karti/documents/kartik_ws/build/bot_description -- -j4 -l4
[7.031s] DEBUG:colcon.colcon_core.event_handler.log_command:Invoked command in '/mnt/d/users/karti/documents/kartik_ws/build/bot_description' returned '0': CMAKE_PREFIX_PATH=${CMAKE_PREFIX_PATH}:/opt/ros/rolling /usr/bin/cmake --build /mnt/d/users/karti/documents/kartik_ws/build/bot_description -- -j4 -l4
[7.331s] DEBUG:colcon.colcon_core.event_handler.log_command:Invoking command in '/mnt/d/users/karti/documents/kartik_ws/build/bot_description': CMAKE_PREFIX_PATH=${CMAKE_PREFIX_PATH}:/opt/ros/rolling /usr/bin/cmake --install /mnt/d/users/karti/documents/kartik_ws/build/bot_description
[12.259s] Level 1:colcon.colcon_core.environment:create_environment_scripts_only(bot_description)
[12.275s] DEBUG:colcon.colcon_core.event_handler.log_command:Invoked command in '/mnt/d/users/karti/documents/kartik_ws/build/bot_description' returned '0': CMAKE_PREFIX_PATH=${CMAKE_PREFIX_PATH}:/opt/ros/rolling /usr/bin/cmake --install /mnt/d/users/karti/documents/kartik_ws/build/bot_description
[12.285s] Level 1:colcon.colcon_core.environment:checking '/mnt/d/users/karti/documents/kartik_ws/install/bot_description' for CMake module files
[12.983s] Level 1:colcon.colcon_core.environment:checking '/mnt/d/users/karti/documents/kartik_ws/install/bot_description' for CMake config files
[13.313s] Level 1:colcon.colcon_core.shell:create_environment_hook('bot_description', 'cmake_prefix_path')
[13.319s] INFO:colcon.colcon_core.shell:Creating environment hook '/mnt/d/users/karti/documents/kartik_ws/install/bot_description/share/bot_description/hook/cmake_prefix_path.ps1'
[13.423s] INFO:colcon.colcon_core.shell:Creating environment descriptor '/mnt/d/users/karti/documents/kartik_ws/install/bot_description/share/bot_description/hook/cmake_prefix_path.dsv'
[13.520s] INFO:colcon.colcon_core.shell:Creating environment hook '/mnt/d/users/karti/documents/kartik_ws/install/bot_description/share/bot_description/hook/cmake_prefix_path.sh'
[13.653s] Level 1:colcon.colcon_core.environment:checking '/mnt/d/users/karti/documents/kartik_ws/install/bot_description/bin'
[13.662s] Level 1:colcon.colcon_core.environment:checking '/mnt/d/users/karti/documents/kartik_ws/install/bot_description/lib/pkgconfig/bot_description.pc'
[13.673s] Level 1:colcon.colcon_core.environment:checking '/mnt/d/users/karti/documents/kartik_ws/install/bot_description/lib/python3.10/site-packages'
[13.682s] Level 1:colcon.colcon_core.environment:checking '/mnt/d/users/karti/documents/kartik_ws/install/bot_description/bin'
[13.694s] INFO:colcon.colcon_core.shell:Creating package script '/mnt/d/users/karti/documents/kartik_ws/install/bot_description/share/bot_description/package.ps1'
[13.780s] INFO:colcon.colcon_core.shell:Creating package descriptor '/mnt/d/users/karti/documents/kartik_ws/install/bot_description/share/bot_description/package.dsv'
[13.870s] INFO:colcon.colcon_core.shell:Creating package script '/mnt/d/users/karti/documents/kartik_ws/install/bot_description/share/bot_description/package.sh'
[13.956s] INFO:colcon.colcon_core.shell:Creating package script '/mnt/d/users/karti/documents/kartik_ws/install/bot_description/share/bot_description/package.bash'
[14.044s] INFO:colcon.colcon_core.shell:Creating package script '/mnt/d/users/karti/documents/kartik_ws/install/bot_description/share/bot_description/package.zsh'
[14.126s] Level 1:colcon.colcon_core.environment:create_file_with_runtime_dependencies(/mnt/d/users/karti/documents/kartik_ws/install/bot_description/share/colcon-core/packages/bot_description)
[14.313s] Level 1:colcon.colcon_core.environment:create_environment_scripts_only(bot_description)
[14.318s] Level 1:colcon.colcon_core.environment:checking '/mnt/d/users/karti/documents/kartik_ws/install/bot_description' for CMake module files
[15.019s] Level 1:colcon.colcon_core.environment:checking '/mnt/d/users/karti/documents/kartik_ws/install/bot_description' for CMake config files
[15.365s] Level 1:colcon.colcon_core.shell:create_environment_hook('bot_description', 'cmake_prefix_path')
[15.370s] INFO:colcon.colcon_core.shell:Creating environment hook '/mnt/d/users/karti/documents/kartik_ws/install/bot_description/share/bot_description/hook/cmake_prefix_path.ps1'
[15.467s] INFO:colcon.colcon_core.shell:Creating environment descriptor '/mnt/d/users/karti/documents/kartik_ws/install/bot_description/share/bot_description/hook/cmake_prefix_path.dsv'
[15.557s] INFO:colcon.colcon_core.shell:Creating environment hook '/mnt/d/users/karti/documents/kartik_ws/install/bot_description/share/bot_description/hook/cmake_prefix_path.sh'
[15.695s] Level 1:colcon.colcon_core.environment:checking '/mnt/d/users/karti/documents/kartik_ws/install/bot_description/bin'
[15.704s] Level 1:colcon.colcon_core.environment:checking '/mnt/d/users/karti/documents/kartik_ws/install/bot_description/lib/pkgconfig/bot_description.pc'
[15.712s] Level 1:colcon.colcon_core.environment:checking '/mnt/d/users/karti/documents/kartik_ws/install/bot_description/lib/python3.10/site-packages'
[15.722s] Level 1:colcon.colcon_core.environment:checking '/mnt/d/users/karti/documents/kartik_ws/install/bot_description/bin'
[15.735s] INFO:colcon.colcon_core.shell:Creating package script '/mnt/d/users/karti/documents/kartik_ws/install/bot_description/share/bot_description/package.ps1'
[15.825s] INFO:colcon.colcon_core.shell:Creating package descriptor '/mnt/d/users/karti/documents/kartik_ws/install/bot_description/share/bot_description/package.dsv'
[15.902s] INFO:colcon.colcon_core.shell:Creating package script '/mnt/d/users/karti/documents/kartik_ws/install/bot_description/share/bot_description/package.sh'
[15.984s] INFO:colcon.colcon_core.shell:Creating package script '/mnt/d/users/karti/documents/kartik_ws/install/bot_description/share/bot_description/package.bash'
[16.061s] INFO:colcon.colcon_core.shell:Creating package script '/mnt/d/users/karti/documents/kartik_ws/install/bot_description/share/bot_description/package.zsh'
[16.133s] Level 1:colcon.colcon_core.environment:create_file_with_runtime_dependencies(/mnt/d/users/karti/documents/kartik_ws/install/bot_description/share/colcon-core/packages/bot_description)
[16.196s] DEBUG:colcon.colcon_parallel_executor.executor.parallel:closing loop
[16.199s] DEBUG:colcon.colcon_parallel_executor.executor.parallel:loop closed
[16.201s] DEBUG:colcon.colcon_parallel_executor.executor.parallel:run_until_complete finished with '0'
[16.206s] DEBUG:colcon.colcon_core.event_reactor:joining thread
[16.650s] INFO:colcon.colcon_core.plugin_system:Skipping extension 'colcon_notification.desktop_notification.notify_send': Could not find 'notify-send'
[16.652s] INFO:colcon.colcon_core.plugin_system:Skipping extension 'colcon_notification.desktop_notification.terminal_notifier': Not used on non-Darwin systems
[16.653s] INFO:colcon.colcon_core.plugin_system:Skipping extension 'colcon_notification.desktop_notification.win32': Not used on non-Windows systems
[16.656s] INFO:colcon.colcon_notification.desktop_notification:Sending desktop notification using 'notify2'
[16.669s] DEBUG:colcon.colcon_notification.desktop_notification.notify2:Failed to initialize notify2: org.freedesktop.DBus.Error.ServiceUnknown: The name org.freedesktop.Notifications was not provided by any .service files
[16.671s] DEBUG:colcon.colcon_core.event_reactor:joined thread
[16.675s] INFO:colcon.colcon_core.shell:Creating prefix script '/mnt/d/users/karti/documents/kartik_ws/install/local_setup.ps1'
[16.720s] INFO:colcon.colcon_core.shell:Creating prefix util module '/mnt/d/users/karti/documents/kartik_ws/install/_local_setup_util_ps1.py'
[16.756s] INFO:colcon.colcon_core.shell:Creating prefix chain script '/mnt/d/users/karti/documents/kartik_ws/install/setup.ps1'
[17.142s] INFO:colcon.colcon_core.shell:Creating prefix script '/mnt/d/users/karti/documents/kartik_ws/install/local_setup.sh'
[17.177s] INFO:colcon.colcon_core.shell:Creating prefix util module '/mnt/d/users/karti/documents/kartik_ws/install/_local_setup_util_sh.py'
[17.209s] INFO:colcon.colcon_core.shell:Creating prefix chain script '/mnt/d/users/karti/documents/kartik_ws/install/setup.sh'
[17.597s] INFO:colcon.colcon_core.shell:Creating prefix script '/mnt/d/users/karti/documents/kartik_ws/install/local_setup.bash'
[17.633s] INFO:colcon.colcon_core.shell:Creating prefix chain script '/mnt/d/users/karti/documents/kartik_ws/install/setup.bash'
[18.016s] INFO:colcon.colcon_core.shell:Creating prefix script '/mnt/d/users/karti/documents/kartik_ws/install/local_setup.zsh'
[18.051s] INFO:colcon.colcon_core.shell:Creating prefix chain script '/mnt/d/users/karti/documents/kartik_ws/install/setup.zsh'
