[0.925s] Invoking command in '/mnt/d/users/karti/documents/kartik_ws/build/bot_description': CMAKE_PREFIX_PATH=${CMAKE_PREFIX_PATH}:/opt/ros/rolling /usr/bin/cmake --build /mnt/d/users/karti/documents/kartik_ws/build/bot_description -- -j4 -l4
[1.282s] Invoked command in '/mnt/d/users/karti/documents/kartik_ws/build/bot_description' returned '0': CMAKE_PREFIX_PATH=${CMAKE_PREFIX_PATH}:/opt/ros/rolling /usr/bin/cmake --build /mnt/d/users/karti/documents/kartik_ws/build/bot_description -- -j4 -l4
[1.446s] Invoking command in '/mnt/d/users/karti/documents/kartik_ws/build/bot_description': CMAKE_PREFIX_PATH=${CMAKE_PREFIX_PATH}:/opt/ros/rolling /usr/bin/cmake --install /mnt/d/users/karti/documents/kartik_ws/build/bot_description
[1.478s] -- Install configuration: ""
[1.613s] -- Up-to-date: /mnt/d/users/karti/documents/kartik_ws/install/bot_description/share/ament_index/resource_index/package_run_dependencies/bot_description
[1.754s] -- Up-to-date: /mnt/d/users/karti/documents/kartik_ws/install/bot_description/share/ament_index/resource_index/parent_prefix_path/bot_description
[1.821s] -- Up-to-date: /mnt/d/users/karti/documents/kartik_ws/install/bot_description/share/bot_description/environment/ament_prefix_path.sh
[1.922s] -- Up-to-date: /mnt/d/users/karti/documents/kartik_ws/install/bot_description/share/bot_description/environment/ament_prefix_path.dsv
[2.010s] -- Up-to-date: /mnt/d/users/karti/documents/kartik_ws/install/bot_description/share/bot_description/environment/path.sh
[2.100s] -- Up-to-date: /mnt/d/users/karti/documents/kartik_ws/install/bot_description/share/bot_description/environment/path.dsv
[2.170s] -- Up-to-date: /mnt/d/users/karti/documents/kartik_ws/install/bot_description/share/bot_description/local_setup.bash
[2.248s] -- Up-to-date: /mnt/d/users/karti/documents/kartik_ws/install/bot_description/share/bot_description/local_setup.sh
[2.323s] -- Up-to-date: /mnt/d/users/karti/documents/kartik_ws/install/bot_description/share/bot_description/local_setup.zsh
[2.404s] -- Up-to-date: /mnt/d/users/karti/documents/kartik_ws/install/bot_description/share/bot_description/local_setup.dsv
[2.497s] -- Installing: /mnt/d/users/karti/documents/kartik_ws/install/bot_description/share/bot_description/package.dsv
[2.811s] -- Up-to-date: /mnt/d/users/karti/documents/kartik_ws/install/bot_description/share/ament_index/resource_index/packages/bot_description
[2.901s] -- Up-to-date: /mnt/d/users/karti/documents/kartik_ws/install/bot_description/share/bot_description/cmake/bot_descriptionConfig.cmake
[2.966s] -- Up-to-date: /mnt/d/users/karti/documents/kartik_ws/install/bot_description/share/bot_description/cmake/bot_descriptionConfig-version.cmake
[3.067s] -- Up-to-date: /mnt/d/users/karti/documents/kartik_ws/install/bot_description/share/bot_description/package.xml
[3.124s] -- Up-to-date: /mnt/d/users/karti/documents/kartik_ws/install/bot_description/share/bot_description/launch
[3.257s] -- Up-to-date: /mnt/d/users/karti/documents/kartik_ws/install/bot_description/share/bot_description/launch/control.launch.py
[3.341s] -- Up-to-date: /mnt/d/users/karti/documents/kartik_ws/install/bot_description/share/bot_description/launch/rviz.launch.py
[3.422s] -- Up-to-date: /mnt/d/users/karti/documents/kartik_ws/install/bot_description/share/bot_description/launch/spawn.launch.py
[3.474s] -- Up-to-date: /mnt/d/users/karti/documents/kartik_ws/install/bot_description/share/bot_description/rviz
[3.591s] -- Up-to-date: /mnt/d/users/karti/documents/kartik_ws/install/bot_description/share/bot_description/rviz/rviz_basic_settings.rviz
[3.662s] -- Up-to-date: /mnt/d/users/karti/documents/kartik_ws/install/bot_description/share/bot_description/src
[3.753s] -- Up-to-date: /mnt/d/users/karti/documents/kartik_ws/install/bot_description/share/bot_description/urdf
[3.863s] -- Up-to-date: /mnt/d/users/karti/documents/kartik_ws/install/bot_description/share/bot_description/urdf/bot_urdf.urdf
[3.930s] -- Up-to-date: /mnt/d/users/karti/documents/kartik_ws/install/bot_description/share/bot_description/worlds
[4.006s] Invoked command in '/mnt/d/users/karti/documents/kartik_ws/build/bot_description' returned '0': CMAKE_PREFIX_PATH=${CMAKE_PREFIX_PATH}:/opt/ros/rolling /usr/bin/cmake --install /mnt/d/users/karti/documents/kartik_ws/build/bot_description
