[3.800s] Invoking command in '/mnt/d/users/karti/documents/kartik_ws/build/bot_description': CMAKE_PREFIX_PATH=${CMAKE_PREFIX_PATH}:/opt/ros/rolling /usr/bin/cmake --build /mnt/d/users/karti/documents/kartik_ws/build/bot_description -- -j4 -l4
[4.997s] Invoked command in '/mnt/d/users/karti/documents/kartik_ws/build/bot_description' returned '0': CMAKE_PREFIX_PATH=${CMAKE_PREFIX_PATH}:/opt/ros/rolling /usr/bin/cmake --build /mnt/d/users/karti/documents/kartik_ws/build/bot_description -- -j4 -l4
[5.440s] Invoking command in '/mnt/d/users/karti/documents/kartik_ws/build/bot_description': CMAKE_PREFIX_PATH=${CMAKE_PREFIX_PATH}:/opt/ros/rolling /usr/bin/cmake --install /mnt/d/users/karti/documents/kartik_ws/build/bot_description
[5.586s] -- Install configuration: ""
[5.885s] -- Up-to-date: /mnt/d/users/karti/documents/kartik_ws/install/bot_description/share/ament_index/resource_index/package_run_dependencies/bot_description
[6.462s] -- Up-to-date: /mnt/d/users/karti/documents/kartik_ws/install/bot_description/share/ament_index/resource_index/parent_prefix_path/bot_description
[7.119s] -- Up-to-date: /mnt/d/users/karti/documents/kartik_ws/install/bot_description/share/bot_description/environment/ament_prefix_path.sh
[7.976s] -- Up-to-date: /mnt/d/users/karti/documents/kartik_ws/install/bot_description/share/bot_description/environment/ament_prefix_path.dsv
[8.147s] -- Up-to-date: /mnt/d/users/karti/documents/kartik_ws/install/bot_description/share/bot_description/environment/path.sh
[8.386s] -- Up-to-date: /mnt/d/users/karti/documents/kartik_ws/install/bot_description/share/bot_description/environment/path.dsv
[8.652s] -- Up-to-date: /mnt/d/users/karti/documents/kartik_ws/install/bot_description/share/bot_description/local_setup.bash
[8.955s] -- Up-to-date: /mnt/d/users/karti/documents/kartik_ws/install/bot_description/share/bot_description/local_setup.sh
[9.105s] -- Up-to-date: /mnt/d/users/karti/documents/kartik_ws/install/bot_description/share/bot_description/local_setup.zsh
[9.261s] -- Up-to-date: /mnt/d/users/karti/documents/kartik_ws/install/bot_description/share/bot_description/local_setup.dsv
[9.452s] -- Installing: /mnt/d/users/karti/documents/kartik_ws/install/bot_description/share/bot_description/package.dsv
[10.043s] -- Up-to-date: /mnt/d/users/karti/documents/kartik_ws/install/bot_description/share/ament_index/resource_index/packages/bot_description
[10.231s] -- Up-to-date: /mnt/d/users/karti/documents/kartik_ws/install/bot_description/share/bot_description/cmake/bot_descriptionConfig.cmake
[10.379s] -- Up-to-date: /mnt/d/users/karti/documents/kartik_ws/install/bot_description/share/bot_description/cmake/bot_descriptionConfig-version.cmake
[10.552s] -- Up-to-date: /mnt/d/users/karti/documents/kartik_ws/install/bot_description/share/bot_description/package.xml
[10.659s] -- Up-to-date: /mnt/d/users/karti/documents/kartik_ws/install/bot_description/share/bot_description/launch
[10.866s] -- Up-to-date: /mnt/d/users/karti/documents/kartik_ws/install/bot_description/share/bot_description/launch/control.launch.py
[11.047s] -- Up-to-date: /mnt/d/users/karti/documents/kartik_ws/install/bot_description/share/bot_description/launch/rviz.launch.py
[11.191s] -- Up-to-date: /mnt/d/users/karti/documents/kartik_ws/install/bot_description/share/bot_description/launch/spawn.launch.py
[11.264s] -- Up-to-date: /mnt/d/users/karti/documents/kartik_ws/install/bot_description/share/bot_description/rviz
[11.409s] -- Up-to-date: /mnt/d/users/karti/documents/kartik_ws/install/bot_description/share/bot_description/rviz/rviz_basic_settings.rviz
[11.481s] -- Up-to-date: /mnt/d/users/karti/documents/kartik_ws/install/bot_description/share/bot_description/src
[11.590s] -- Up-to-date: /mnt/d/users/karti/documents/kartik_ws/install/bot_description/share/bot_description/urdf
[11.725s] -- Installing: /mnt/d/users/karti/documents/kartik_ws/install/bot_description/share/bot_description/urdf/bot_urdf.urdf
[12.189s] -- Up-to-date: /mnt/d/users/karti/documents/kartik_ws/install/bot_description/share/bot_description/worlds
[12.322s] Invoked command in '/mnt/d/users/karti/documents/kartik_ws/build/bot_description' returned '0': CMAKE_PREFIX_PATH=${CMAKE_PREFIX_PATH}:/opt/ros/rolling /usr/bin/cmake --install /mnt/d/users/karti/documents/kartik_ws/build/bot_description
