[14.478s] Invoking command in '/mnt/d/users/karti/documents/kartik_ws/src/bot_control': PYTHONPATH=/mnt/d/users/karti/documents/kartik_ws/build/bot_control/prefix_override:/mnt/d/users/karti/documents/kartik_ws/install/bot_control/lib/python3.10/site-packages:${PYTHONPATH} /usr/bin/python3 setup.py egg_info --egg-base ../../build/bot_control build --build-base /mnt/d/users/karti/documents/kartik_ws/build/bot_control/build install --record /mnt/d/users/karti/documents/kartik_ws/build/bot_control/install.log --single-version-externally-managed
[19.627s] running egg_info
[19.675s] writing ../../build/bot_control/bot_control.egg-info/PKG-INFO
[19.739s] writing dependency_links to ../../build/bot_control/bot_control.egg-info/dependency_links.txt
[19.788s] writing entry points to ../../build/bot_control/bot_control.egg-info/entry_points.txt
[19.825s] writing requirements to ../../build/bot_control/bot_control.egg-info/requires.txt
[19.861s] writing top-level names to ../../build/bot_control/bot_control.egg-info/top_level.txt
[20.135s] reading manifest file '../../build/bot_control/bot_control.egg-info/SOURCES.txt'
[20.794s] writing manifest file '../../build/bot_control/bot_control.egg-info/SOURCES.txt'
[20.834s] running build
[20.842s] running build_py
[21.014s] copying bot_control/laser_scan_publisher.py -> /mnt/d/users/karti/documents/kartik_ws/build/bot_control/build/lib/bot_control
[21.238s] running install
[21.244s] /usr/lib/python3/dist-packages/setuptools/command/install.py:34: SetuptoolsDeprecationWarning: setup.py install is deprecated. Use build and pip and other standards-based tools.
[21.254s]   warnings.warn(
[21.263s] running install_lib
[21.595s] copying /mnt/d/users/karti/documents/kartik_ws/build/bot_control/build/lib/bot_control/laser_scan_publisher.py -> /mnt/d/users/karti/documents/kartik_ws/install/bot_control/lib/python3.10/site-packages/bot_control
[22.124s] byte-compiling /mnt/d/users/karti/documents/kartik_ws/install/bot_control/lib/python3.10/site-packages/bot_control/laser_scan_publisher.py to laser_scan_publisher.cpython-310.pyc
[22.536s] running install_data
[22.760s] running install_egg_info
[22.845s] removing '/mnt/d/users/karti/documents/kartik_ws/install/bot_control/lib/python3.10/site-packages/bot_control-0.0.0-py3.10.egg-info' (and everything under it)
[23.321s] Copying ../../build/bot_control/bot_control.egg-info to /mnt/d/users/karti/documents/kartik_ws/install/bot_control/lib/python3.10/site-packages/bot_control-0.0.0-py3.10.egg-info
[25.261s] running install_scripts
[25.737s] Installing listener script to /mnt/d/users/karti/documents/kartik_ws/install/bot_control/lib/bot_control
[25.849s] Installing talker script to /mnt/d/users/karti/documents/kartik_ws/install/bot_control/lib/bot_control
[25.957s] writing list of installed files to '/mnt/d/users/karti/documents/kartik_ws/build/bot_control/install.log'
[26.124s] Invoked command in '/mnt/d/users/karti/documents/kartik_ws/src/bot_control' returned '0': PYTHONPATH=/mnt/d/users/karti/documents/kartik_ws/build/bot_control/prefix_override:/mnt/d/users/karti/documents/kartik_ws/install/bot_control/lib/python3.10/site-packages:${PYTHONPATH} /usr/bin/python3 setup.py egg_info --egg-base ../../build/bot_control build --build-base /mnt/d/users/karti/documents/kartik_ws/build/bot_control/build install --record /mnt/d/users/karti/documents/kartik_ws/build/bot_control/install.log --single-version-externally-managed
