[10.908s] Invoking command in '/mnt/d/users/karti/documents/kartik_ws/src/bot_control': PYTHONPATH=/mnt/d/users/karti/documents/kartik_ws/build/bot_control/prefix_override:/mnt/d/users/karti/documents/kartik_ws/install/bot_control/lib/python3.10/site-packages:${PYTHONPATH} /usr/bin/python3 setup.py egg_info --egg-base ../../build/bot_control build --build-base /mnt/d/users/karti/documents/kartik_ws/build/bot_control/build install --record /mnt/d/users/karti/documents/kartik_ws/build/bot_control/install.log --single-version-externally-managed
[14.916s] running egg_info
[14.952s] writing ../../build/bot_control/bot_control.egg-info/PKG-INFO
[14.993s] writing dependency_links to ../../build/bot_control/bot_control.egg-info/dependency_links.txt
[15.030s] writing entry points to ../../build/bot_control/bot_control.egg-info/entry_points.txt
[15.054s] writing requirements to ../../build/bot_control/bot_control.egg-info/requires.txt
[15.072s] writing top-level names to ../../build/bot_control/bot_control.egg-info/top_level.txt
[15.262s] reading manifest file '../../build/bot_control/bot_control.egg-info/SOURCES.txt'
[15.671s] writing manifest file '../../build/bot_control/bot_control.egg-info/SOURCES.txt'
[15.692s] running build
[15.698s] running build_py
[15.783s] copying bot_control/laser_scan_publisher.py -> /mnt/d/users/karti/documents/kartik_ws/build/bot_control/build/lib/bot_control
[15.971s] running install
[15.977s] /usr/lib/python3/dist-packages/setuptools/command/install.py:34: SetuptoolsDeprecationWarning: setup.py install is deprecated. Use build and pip and other standards-based tools.
[15.982s]   warnings.warn(
[15.987s] running install_lib
[16.225s] copying /mnt/d/users/karti/documents/kartik_ws/build/bot_control/build/lib/bot_control/laser_scan_publisher.py -> /mnt/d/users/karti/documents/kartik_ws/install/bot_control/lib/python3.10/site-packages/bot_control
[16.607s] byte-compiling /mnt/d/users/karti/documents/kartik_ws/install/bot_control/lib/python3.10/site-packages/bot_control/laser_scan_publisher.py to laser_scan_publisher.cpython-310.pyc
[16.910s] running install_data
[17.070s] running install_egg_info
[17.131s] removing '/mnt/d/users/karti/documents/kartik_ws/install/bot_control/lib/python3.10/site-packages/bot_control-0.0.0-py3.10.egg-info' (and everything under it)
[17.493s] Copying ../../build/bot_control/bot_control.egg-info to /mnt/d/users/karti/documents/kartik_ws/install/bot_control/lib/python3.10/site-packages/bot_control-0.0.0-py3.10.egg-info
[19.000s] running install_scripts
[19.360s] Installing listener script to /mnt/d/users/karti/documents/kartik_ws/install/bot_control/lib/bot_control
[19.430s] Installing talker script to /mnt/d/users/karti/documents/kartik_ws/install/bot_control/lib/bot_control
[19.518s] writing list of installed files to '/mnt/d/users/karti/documents/kartik_ws/build/bot_control/install.log'
[19.596s] Invoked command in '/mnt/d/users/karti/documents/kartik_ws/src/bot_control' returned '0': PYTHONPATH=/mnt/d/users/karti/documents/kartik_ws/build/bot_control/prefix_override:/mnt/d/users/karti/documents/kartik_ws/install/bot_control/lib/python3.10/site-packages:${PYTHONPATH} /usr/bin/python3 setup.py egg_info --egg-base ../../build/bot_control build --build-base /mnt/d/users/karti/documents/kartik_ws/build/bot_control/build install --record /mnt/d/users/karti/documents/kartik_ws/build/bot_control/install.log --single-version-externally-managed
