[11.965s] Invoking command in '/mnt/d/users/karti/documents/kartik_ws/src/bot_control': PYTHONPATH=/mnt/d/users/karti/documents/kartik_ws/build/bot_control/prefix_override:/mnt/d/users/karti/documents/kartik_ws/install/bot_control/lib/python3.10/site-packages:${PYTHONPATH} /usr/bin/python3 setup.py egg_info --egg-base ../../build/bot_control build --build-base /mnt/d/users/karti/documents/kartik_ws/build/bot_control/build install --record /mnt/d/users/karti/documents/kartik_ws/build/bot_control/install.log --single-version-externally-managed
[16.606s] running egg_info
[16.642s] writing ../../build/bot_control/bot_control.egg-info/PKG-INFO
[16.672s] writing dependency_links to ../../build/bot_control/bot_control.egg-info/dependency_links.txt
[16.701s] writing entry points to ../../build/bot_control/bot_control.egg-info/entry_points.txt
[16.723s] writing requirements to ../../build/bot_control/bot_control.egg-info/requires.txt
[16.745s] writing top-level names to ../../build/bot_control/bot_control.egg-info/top_level.txt
[16.963s] reading manifest file '../../build/bot_control/bot_control.egg-info/SOURCES.txt'
[17.299s] writing manifest file '../../build/bot_control/bot_control.egg-info/SOURCES.txt'
[17.315s] running build
[17.331s] running build_py
[17.735s] copying scripts/reading_laser.py -> /mnt/d/users/karti/documents/kartik_ws/build/bot_control/build/lib/scripts
[17.930s] running install
[17.937s] /usr/lib/python3/dist-packages/setuptools/command/install.py:34: SetuptoolsDeprecationWarning: setup.py install is deprecated. Use build and pip and other standards-based tools.
[17.942s]   warnings.warn(
[17.947s] running install_lib
[18.793s] copying /mnt/d/users/karti/documents/kartik_ws/build/bot_control/build/lib/scripts/reading_laser.py -> /mnt/d/users/karti/documents/kartik_ws/install/bot_control/lib/python3.10/site-packages/scripts
[19.390s] byte-compiling /mnt/d/users/karti/documents/kartik_ws/install/bot_control/lib/python3.10/site-packages/scripts/reading_laser.py to reading_laser.cpython-310.pyc
[19.796s] running install_data
[19.942s] running install_egg_info
[19.989s] removing '/mnt/d/users/karti/documents/kartik_ws/install/bot_control/lib/python3.10/site-packages/bot_control-0.0.0-py3.10.egg-info' (and everything under it)
[20.270s] Copying ../../build/bot_control/bot_control.egg-info to /mnt/d/users/karti/documents/kartik_ws/install/bot_control/lib/python3.10/site-packages/bot_control-0.0.0-py3.10.egg-info
[21.410s] running install_scripts
[21.718s] Installing listener script to /mnt/d/users/karti/documents/kartik_ws/install/bot_control/lib/bot_control
[21.764s] Installing talker script to /mnt/d/users/karti/documents/kartik_ws/install/bot_control/lib/bot_control
[21.820s] writing list of installed files to '/mnt/d/users/karti/documents/kartik_ws/build/bot_control/install.log'
[21.888s] Invoked command in '/mnt/d/users/karti/documents/kartik_ws/src/bot_control' returned '0': PYTHONPATH=/mnt/d/users/karti/documents/kartik_ws/build/bot_control/prefix_override:/mnt/d/users/karti/documents/kartik_ws/install/bot_control/lib/python3.10/site-packages:${PYTHONPATH} /usr/bin/python3 setup.py egg_info --egg-base ../../build/bot_control build --build-base /mnt/d/users/karti/documents/kartik_ws/build/bot_control/build install --record /mnt/d/users/karti/documents/kartik_ws/build/bot_control/install.log --single-version-externally-managed
