[15.036s] Invoking command in '/mnt/d/users/karti/documents/kartik_ws/src/bot_control': PYTHONPATH=/mnt/d/users/karti/documents/kartik_ws/build/bot_control/prefix_override:/mnt/d/users/karti/documents/kartik_ws/install/bot_control/lib/python3.10/site-packages:${PYTHONPATH} /usr/bin/python3 setup.py egg_info --egg-base ../../build/bot_control build --build-base /mnt/d/users/karti/documents/kartik_ws/build/bot_control/build install --record /mnt/d/users/karti/documents/kartik_ws/build/bot_control/install.log --single-version-externally-managed
[19.921s] running egg_info
[19.962s] writing ../../build/bot_control/bot_control.egg-info/PKG-INFO
[20.023s] writing dependency_links to ../../build/bot_control/bot_control.egg-info/dependency_links.txt
[20.083s] writing entry points to ../../build/bot_control/bot_control.egg-info/entry_points.txt
[20.126s] writing requirements to ../../build/bot_control/bot_control.egg-info/requires.txt
[20.154s] writing top-level names to ../../build/bot_control/bot_control.egg-info/top_level.txt
[20.422s] reading manifest file '../../build/bot_control/bot_control.egg-info/SOURCES.txt'
[20.971s] writing manifest file '../../build/bot_control/bot_control.egg-info/SOURCES.txt'
[21.019s] running build
[21.027s] running build_py
[21.142s] running install
[21.151s] /usr/lib/python3/dist-packages/setuptools/command/install.py:34: SetuptoolsDeprecationWarning: setup.py install is deprecated. Use build and pip and other standards-based tools.
[21.167s]   warnings.warn(
[21.177s] running install_lib
[21.618s] running install_data
[21.836s] copying package.xml -> /mnt/d/users/karti/documents/kartik_ws/install/bot_control/share/bot_control
[21.973s] running install_egg_info
[22.058s] removing '/mnt/d/users/karti/documents/kartik_ws/install/bot_control/lib/python3.10/site-packages/bot_control-0.0.0-py3.10.egg-info' (and everything under it)
[22.551s] Copying ../../build/bot_control/bot_control.egg-info to /mnt/d/users/karti/documents/kartik_ws/install/bot_control/lib/python3.10/site-packages/bot_control-0.0.0-py3.10.egg-info
[24.565s] running install_scripts
[25.082s] writing list of installed files to '/mnt/d/users/karti/documents/kartik_ws/build/bot_control/install.log'
[25.215s] Invoked command in '/mnt/d/users/karti/documents/kartik_ws/src/bot_control' returned '0': PYTHONPATH=/mnt/d/users/karti/documents/kartik_ws/build/bot_control/prefix_override:/mnt/d/users/karti/documents/kartik_ws/install/bot_control/lib/python3.10/site-packages:${PYTHONPATH} /usr/bin/python3 setup.py egg_info --egg-base ../../build/bot_control build --build-base /mnt/d/users/karti/documents/kartik_ws/build/bot_control/build install --record /mnt/d/users/karti/documents/kartik_ws/build/bot_control/install.log --single-version-externally-managed
