running egg_info
writing ../../build/bot_control/bot_control.egg-info/PKG-INFO
writing dependency_links to ../../build/bot_control/bot_control.egg-info/dependency_links.txt
writing entry points to ../../build/bot_control/bot_control.egg-info/entry_points.txt
writing requirements to ../../build/bot_control/bot_control.egg-info/requires.txt
writing top-level names to ../../build/bot_control/bot_control.egg-info/top_level.txt
reading manifest file '../../build/bot_control/bot_control.egg-info/SOURCES.txt'
writing manifest file '../../build/bot_control/bot_control.egg-info/SOURCES.txt'
running build
running build_py
creating /mnt/d/users/karti/documents/kartik_ws/build/bot_control/build/lib/scripts
copying scripts/move.py -> /mnt/d/users/karti/documents/kartik_ws/build/bot_control/build/lib/scripts
copying scripts/reading_laser.py -> /mnt/d/users/karti/documents/kartik_ws/build/bot_control/build/lib/scripts
copying scripts/__init__.py -> /mnt/d/users/karti/documents/kartik_ws/build/bot_control/build/lib/scripts
running install
/usr/lib/python3/dist-packages/setuptools/command/install.py:34: SetuptoolsDeprecationWarning: setup.py install is deprecated. Use build and pip and other standards-based tools.
  warnings.warn(
running install_lib
creating /mnt/d/users/karti/documents/kartik_ws/install/bot_control/lib/python3.10/site-packages/scripts
copying /mnt/d/users/karti/documents/kartik_ws/build/bot_control/build/lib/scripts/move.py -> /mnt/d/users/karti/documents/kartik_ws/install/bot_control/lib/python3.10/site-packages/scripts
copying /mnt/d/users/karti/documents/kartik_ws/build/bot_control/build/lib/scripts/reading_laser.py -> /mnt/d/users/karti/documents/kartik_ws/install/bot_control/lib/python3.10/site-packages/scripts
copying /mnt/d/users/karti/documents/kartik_ws/build/bot_control/build/lib/scripts/__init__.py -> /mnt/d/users/karti/documents/kartik_ws/install/bot_control/lib/python3.10/site-packages/scripts
byte-compiling /mnt/d/users/karti/documents/kartik_ws/install/bot_control/lib/python3.10/site-packages/scripts/move.py to move.cpython-310.pyc
/mnt/d/users/karti/documents/kartik_ws/install/bot_control/lib/python3.10/site-packages/scripts/move.py:3: SyntaxWarning: list indices must be integers or slices, not tuple; perhaps you missed a comma?
  waypoint_coordinates = [[0,0,0] [5,0,45] [5,5,90] [0,5,0] [0,0,135]]
byte-compiling /mnt/d/users/karti/documents/kartik_ws/install/bot_control/lib/python3.10/site-packages/scripts/reading_laser.py to reading_laser.cpython-310.pyc
byte-compiling /mnt/d/users/karti/documents/kartik_ws/install/bot_control/lib/python3.10/site-packages/scripts/__init__.py to __init__.cpython-310.pyc
running install_data
running install_egg_info
removing '/mnt/d/users/karti/documents/kartik_ws/install/bot_control/lib/python3.10/site-packages/bot_control-0.0.0-py3.10.egg-info' (and everything under it)
Copying ../../build/bot_control/bot_control.egg-info to /mnt/d/users/karti/documents/kartik_ws/install/bot_control/lib/python3.10/site-packages/bot_control-0.0.0-py3.10.egg-info
running install_scripts
Installing listener script to /mnt/d/users/karti/documents/kartik_ws/install/bot_control/lib/bot_control
Installing talker script to /mnt/d/users/karti/documents/kartik_ws/install/bot_control/lib/bot_control
writing list of installed files to '/mnt/d/users/karti/documents/kartik_ws/build/bot_control/install.log'
